--- STARTUP TIME --- 1369727162.9616
    SESSION_ID：viegm3amjs7kq41hk1c8jm4ih7
    REQUEST MCA：test::init@test
    ACL-1-test-test item does not in configuration file
--- SHUTDOWN TIME --- 1369727163.227 (0.26541781425476)sec
--- STARTUP TIME --- 1369727171.6136
    SESSION_ID：viegm3amjs7kq41hk1c8jm4ih7
    REQUEST MCA：index::init@admin
    ACL：拒绝访问index::init@admin
--- SHUTDOWN TIME --- 1369727171.6351 (0.021460771560669)sec
--- STARTUP TIME --- 1369727176.3179
    SESSION_ID：viegm3amjs7kq41hk1c8jm4ih7
    REQUEST MCA：index::login@admin
--- SHUTDOWN TIME --- 1369727176.7973 (0.47946000099182)sec
--- STARTUP TIME --- 1369727184.342
    SESSION_ID：viegm3amjs7kq41hk1c8jm4ih7
    REQUEST MCA：index::login@admin
    REQUEST SQL：SELECT * FROM x_times WHERE email = 'ivup@ivup.cn' AND isadmin = 1 
    REQUEST SQL：SELECT * FROM x_user WHERE email = 'ivup@ivup.cn' 
    REQUEST SQL：UPDATE x_user SET lastloginip='127.0.0.1',lastlogintime=1369727184 WHERE userid = '1'
--- SHUTDOWN TIME --- 1369727184.624 (0.28202509880066)sec
--- STARTUP TIME --- 1369727184.9443
    SESSION_ID：viegm3amjs7kq41hk1c8jm4ih7
    REQUEST MCA：index::init@admin
    REQUEST SQL：SELECT * FROM x_site 
    REQUEST SQL：SELECT * FROM x_menu WHERE parentid = 1 AND display = 1 ORDER BY listorder ASC 
    REQUEST SQL：SELECT * FROM x_menu WHERE parentid = 4 AND display = 1 ORDER BY listorder ASC 
    REQUEST SQL：SELECT * FROM x_menu WHERE parentid = 20 AND display = 1 ORDER BY listorder ASC 
--- SHUTDOWN TIME --- 1369727185.2822 (0.33794283866882)sec
--- STARTUP TIME --- 1369727189.7024
    SESSION_ID：viegm3amjs7kq41hk1c8jm4ih7
    REQUEST MCA：test::init@test
    REQUEST SQL：SELECT * FROM x_model_field WHERE modelid = '0' AND siteid = '1' ORDER BY listorder ASC 
    REQUEST SQL：SELECT * FROM x_model_field WHERE modelid = 66 AND disabled = '0' ORDER BY listorder ASC 
--- SHUTDOWN TIME --- 1369727190.083 (0.38059020042419)sec
--- STARTUP TIME --- 1369727251.9076
    SESSION_ID：viegm3amjs7kq41hk1c8jm4ih7
    REQUEST MCA：test::init@test
    REQUEST SQL：SELECT * FROM x_model_field WHERE modelid = '0' AND siteid = '1' ORDER BY listorder ASC 
    REQUEST SQL：SELECT * FROM x_model_field WHERE modelid = 66 AND disabled = '0' ORDER BY listorder ASC 
--- SHUTDOWN TIME --- 1369727251.9362 (0.028548002243042)sec
--- STARTUP TIME --- 1369727253.1964
    SESSION_ID：viegm3amjs7kq41hk1c8jm4ih7
    REQUEST MCA：test::init@test
    REQUEST SQL：SELECT * FROM x_model_field WHERE modelid = '0' AND siteid = '1' ORDER BY listorder ASC 
    REQUEST SQL：SELECT * FROM x_model_field WHERE modelid = 66 AND disabled = '0' ORDER BY listorder ASC 
--- SHUTDOWN TIME --- 1369727253.2248 (0.028332948684692)sec
--- STARTUP TIME --- 1369727259.1016
    SESSION_ID：viegm3amjs7kq41hk1c8jm4ih7
    REQUEST MCA：test::init@test
--- SHUTDOWN TIME --- 1369727259.1186 (0.016956090927124)sec
--- STARTUP TIME --- 1369727303.436
    SESSION_ID：viegm3amjs7kq41hk1c8jm4ih7
    REQUEST MCA：test::init@test
--- STARTUP TIME --- 1369727338.538
    SESSION_ID：viegm3amjs7kq41hk1c8jm4ih7
    REQUEST MCA：test::init@test
--- STARTUP TIME --- 1369727440.0356
    SESSION_ID：viegm3amjs7kq41hk1c8jm4ih7
    REQUEST MCA：test::init@test
--- STARTUP TIME --- 1369727569.1374
    SESSION_ID：viegm3amjs7kq41hk1c8jm4ih7
    REQUEST MCA：test::init@test
--- STARTUP TIME --- 1369727727.0008
    SESSION_ID：viegm3amjs7kq41hk1c8jm4ih7
    REQUEST MCA：test::init@test
--- STARTUP TIME --- 1369727730.5408
    SESSION_ID：viegm3amjs7kq41hk1c8jm4ih7
    REQUEST MCA：test::init@test
--- STARTUP TIME --- 1369727743.1414
    SESSION_ID：viegm3amjs7kq41hk1c8jm4ih7
    REQUEST MCA：test::init@test
--- STARTUP TIME --- 1369727799.8853
    SESSION_ID：viegm3amjs7kq41hk1c8jm4ih7
    REQUEST MCA：test::init@test
--- STARTUP TIME --- 1369727819.3237
    SESSION_ID：viegm3amjs7kq41hk1c8jm4ih7
    REQUEST MCA：test::init@test
--- STARTUP TIME --- 1369727844.6556
--- STARTUP TIME --- 1369727891.5734
    SESSION_ID：viegm3amjs7kq41hk1c8jm4ih7
    REQUEST MCA：test::init@test
--- STARTUP TIME --- 1369727902.552
--- STARTUP TIME --- 1369728007.6111
    SESSION_ID：viegm3amjs7kq41hk1c8jm4ih7
    REQUEST MCA：test::init@test
--- STARTUP TIME --- 1369728135.8352
    SESSION_ID：viegm3amjs7kq41hk1c8jm4ih7
    REQUEST MCA：test::init@test
--- STARTUP TIME --- 1369728137.7533
    SESSION_ID：viegm3amjs7kq41hk1c8jm4ih7
    REQUEST MCA：test::init@test
--- STARTUP TIME --- 1369728138.2335
    SESSION_ID：viegm3amjs7kq41hk1c8jm4ih7
    REQUEST MCA：test::init@test
--- STARTUP TIME --- 1369728138.7295
    SESSION_ID：viegm3amjs7kq41hk1c8jm4ih7
    REQUEST MCA：test::init@test
--- STARTUP TIME --- 1369728139.5299
    SESSION_ID：viegm3amjs7kq41hk1c8jm4ih7
    REQUEST MCA：test::init@test
--- STARTUP TIME --- 1369728141.9135
    SESSION_ID：viegm3amjs7kq41hk1c8jm4ih7
    REQUEST MCA：test::init@test
--- STARTUP TIME --- 1369728143.362
    SESSION_ID：viegm3amjs7kq41hk1c8jm4ih7
    REQUEST MCA：test::init@test
--- STARTUP TIME --- 1369728324.1786
    SESSION_ID：viegm3amjs7kq41hk1c8jm4ih7
    REQUEST MCA：test::init@test
--- SHUTDOWN TIME --- 1369728324.1964 (0.017804861068726)sec
--- STARTUP TIME --- 1369728331.9942
    SESSION_ID：viegm3amjs7kq41hk1c8jm4ih7
    REQUEST MCA：test::init@test
--- SHUTDOWN TIME --- 1369728332.3047 (0.3104350566864)sec
--- STARTUP TIME --- 1369728348.1863
    SESSION_ID：viegm3amjs7kq41hk1c8jm4ih7
    REQUEST MCA：test::init@test
--- SHUTDOWN TIME --- 1369728348.4802 (0.2938711643219)sec
--- STARTUP TIME --- 1369729150.0146
    SESSION_ID：viegm3amjs7kq41hk1c8jm4ih7
    REQUEST MCA：test::init@test
--- STARTUP TIME --- 1369729151.9861
    SESSION_ID：viegm3amjs7kq41hk1c8jm4ih7
    REQUEST MCA：test::init@test
--- STARTUP TIME --- 1369729154.0742
    SESSION_ID：viegm3amjs7kq41hk1c8jm4ih7
    REQUEST MCA：test::init@test
--- STARTUP TIME --- 1369729154.8704
    SESSION_ID：viegm3amjs7kq41hk1c8jm4ih7
    REQUEST MCA：test::init@test
--- STARTUP TIME --- 1369729155.8143
    SESSION_ID：viegm3amjs7kq41hk1c8jm4ih7
    REQUEST MCA：test::init@test
--- STARTUP TIME --- 1369729158.2022
    SESSION_ID：viegm3amjs7kq41hk1c8jm4ih7
    REQUEST MCA：test::init@test
--- STARTUP TIME --- 1369729315.4952
    SESSION_ID：viegm3amjs7kq41hk1c8jm4ih7
    REQUEST MCA：test::init@test
--- STARTUP TIME --- 1369729442.9184
    SESSION_ID：viegm3amjs7kq41hk1c8jm4ih7
    REQUEST MCA：test::init@test
--- STARTUP TIME --- 1369729463.8534
    SESSION_ID：viegm3amjs7kq41hk1c8jm4ih7
    REQUEST MCA：test::init@test
--- STARTUP TIME --- 1369729567.2964
    SESSION_ID：viegm3amjs7kq41hk1c8jm4ih7
    REQUEST MCA：test::init@test
--- STARTUP TIME --- 1369729609.4793
    SESSION_ID：viegm3amjs7kq41hk1c8jm4ih7
    REQUEST MCA：test::init@test
--- STARTUP TIME --- 1369730305.6511
    SESSION_ID：viegm3amjs7kq41hk1c8jm4ih7
    REQUEST MCA：test::init@test
--- STARTUP TIME --- 1369733022.4736
    SESSION_ID：viegm3amjs7kq41hk1c8jm4ih7
    REQUEST MCA：test::init@test
--- STARTUP TIME --- 1369733111.9708
    SESSION_ID：viegm3amjs7kq41hk1c8jm4ih7
    REQUEST MCA：test::init@test
--- STARTUP TIME --- 1369733223.969
    SESSION_ID：viegm3amjs7kq41hk1c8jm4ih7
    REQUEST MCA：test::init@test
--- STARTUP TIME --- 1369733278.4977
    SESSION_ID：viegm3amjs7kq41hk1c8jm4ih7
    REQUEST MCA：test::init@test
--- STARTUP TIME --- 1369733292.3976
--- STARTUP TIME --- 1369733427.7614
    SESSION_ID：viegm3amjs7kq41hk1c8jm4ih7
    REQUEST MCA：test::init@test
--- STARTUP TIME --- 1369734408.7228
    SESSION_ID：o718ob79gnnt0nq80qre4v7gn2
    REQUEST MCA：test::init@test
    ACL-1-test-test item does not in configuration file
--- SHUTDOWN TIME --- 1369734409.129 (0.40620708465576)sec
--- STARTUP TIME --- 1369734414.0436
    SESSION_ID：o718ob79gnnt0nq80qre4v7gn2
    REQUEST MCA：index::init@admin
    ACL：拒绝访问index::init@admin
--- SHUTDOWN TIME --- 1369734414.0719 (0.028296947479248)sec
--- STARTUP TIME --- 1369734417.5594
    SESSION_ID：o718ob79gnnt0nq80qre4v7gn2
    REQUEST MCA：index::login@admin
--- SHUTDOWN TIME --- 1369734417.9135 (0.3540301322937)sec
--- STARTUP TIME --- 1369734425.693
    SESSION_ID：o718ob79gnnt0nq80qre4v7gn2
    REQUEST MCA：index::login@admin
    REQUEST SQL：SELECT * FROM x_times WHERE email = 'ivup@ivup.cn' AND isadmin = 1 
    REQUEST SQL：SELECT * FROM x_user WHERE email = 'ivup@ivup.cn' 
    REQUEST SQL：UPDATE x_user SET lastloginip='127.0.0.1',lastlogintime=1369734425 WHERE userid = '1'
--- SHUTDOWN TIME --- 1369734425.9005 (0.20750594139099)sec
--- STARTUP TIME --- 1369734425.9525
    SESSION_ID：o718ob79gnnt0nq80qre4v7gn2
    REQUEST MCA：index::init@admin
    REQUEST SQL：SELECT * FROM x_site 
    REQUEST SQL：SELECT * FROM x_menu WHERE parentid = 1 AND display = 1 ORDER BY listorder ASC 
    REQUEST SQL：SELECT * FROM x_menu WHERE parentid = 4 AND display = 1 ORDER BY listorder ASC 
    REQUEST SQL：SELECT * FROM x_menu WHERE parentid = 20 AND display = 1 ORDER BY listorder ASC 
--- SHUTDOWN TIME --- 1369734426.2476 (0.29511499404907)sec
--- STARTUP TIME --- 1369734429.2837
    SESSION_ID：o718ob79gnnt0nq80qre4v7gn2
    REQUEST MCA：test::init@test
--- STARTUP TIME --- 1369734460.7621
    SESSION_ID：o718ob79gnnt0nq80qre4v7gn2
    REQUEST MCA：test::init@test
--- STARTUP TIME --- 1369742323.736
    SESSION_ID：goui3ckerdsj883rfr4oa4vl81
    REQUEST MCA：test::init@test
    ACL-1-test-test item does not in configuration file
--- SHUTDOWN TIME --- 1369742324.2179 (0.48186087608337)sec
--- STARTUP TIME --- 1369746461.4952
    SESSION_ID：goui3ckerdsj883rfr4oa4vl81
    REQUEST MCA：test::init@test
    ACL-1-test-test item does not in configuration file
--- SHUTDOWN TIME --- 1369746461.5256 (0.03046989440918)sec
--- STARTUP TIME --- 1369746466.4666
    SESSION_ID：goui3ckerdsj883rfr4oa4vl81
    REQUEST MCA：index::login@admin
--- SHUTDOWN TIME --- 1369746466.826 (0.35932183265686)sec
--- STARTUP TIME --- 1369746476.0021
    SESSION_ID：goui3ckerdsj883rfr4oa4vl81
    REQUEST MCA：index::login@admin
    REQUEST SQL：SELECT * FROM x_times WHERE email = 'ivup@ivup.cn' AND isadmin = 1 
    REQUEST SQL：SELECT * FROM x_user WHERE email = 'ivup@ivup.cn' 
    REQUEST SQL：UPDATE x_user SET lastloginip='127.0.0.1',lastlogintime=1369746476 WHERE userid = '1'
--- SHUTDOWN TIME --- 1369746476.1557 (0.15357089042664)sec
--- STARTUP TIME --- 1369746476.2502
    SESSION_ID：goui3ckerdsj883rfr4oa4vl81
    REQUEST MCA：index::init@admin
    REQUEST SQL：SELECT * FROM x_site 
    REQUEST SQL：SELECT * FROM x_menu WHERE parentid = 1 AND display = 1 ORDER BY listorder ASC 
    REQUEST SQL：SELECT * FROM x_menu WHERE parentid = 4 AND display = 1 ORDER BY listorder ASC 
    REQUEST SQL：SELECT * FROM x_menu WHERE parentid = 20 AND display = 1 ORDER BY listorder ASC 
--- SHUTDOWN TIME --- 1369746476.5351 (0.28492903709412)sec
--- STARTUP TIME --- 1369746480.2129
    SESSION_ID：goui3ckerdsj883rfr4oa4vl81
    REQUEST MCA：test::init@test
--- STARTUP TIME --- 1369746562.4952
    SESSION_ID：goui3ckerdsj883rfr4oa4vl81
    REQUEST MCA：test::init@test
    8 | Uninitialized string offset: 0 | D:\ESSamp\wwwroot\NextPHPFramework\framework\class\db.php | 87
--- SHUTDOWN TIME --- 1369746562.5158 (0.020605087280273)sec
--- STARTUP TIME --- 1369746600.1344
    SESSION_ID：goui3ckerdsj883rfr4oa4vl81
    REQUEST MCA：test::init@test
--- STARTUP TIME --- 1369746648.5372
    SESSION_ID：goui3ckerdsj883rfr4oa4vl81
    REQUEST MCA：test::init@test
--- STARTUP TIME --- 1369746775.4041
    SESSION_ID：goui3ckerdsj883rfr4oa4vl81
    REQUEST MCA：test::init@test
--- STARTUP TIME --- 1369747652.6453
    SESSION_ID：goui3ckerdsj883rfr4oa4vl81
    REQUEST MCA：test::init@test
--- STARTUP TIME --- 1369747677.3381
    SESSION_ID：goui3ckerdsj883rfr4oa4vl81
    REQUEST MCA：test::init@test
--- STARTUP TIME --- 1369748556.1402
    SESSION_ID：fouo5583iqdks4ngv2nksu5gk6
    REQUEST MCA：test::init@test
    ACL-1-test-test item does not in configuration file
--- SHUTDOWN TIME --- 1369748559.2473 (3.1071500778198)sec
--- STARTUP TIME --- 1369748566.4775
    SESSION_ID：fouo5583iqdks4ngv2nksu5gk6
    REQUEST MCA：index::login@admin
--- SHUTDOWN TIME --- 1369748566.8419 (0.36440587043762)sec
--- STARTUP TIME --- 1369748575.2723
    SESSION_ID：fouo5583iqdks4ngv2nksu5gk6
    REQUEST MCA：index::login@admin
    REQUEST SQL：SELECT * FROM x_times WHERE email = 'ivup@ivup.cn' AND isadmin = 1 
    REQUEST SQL：SELECT * FROM x_user WHERE email = 'ivup@ivup.cn' 
    REQUEST SQL：UPDATE x_user SET lastloginip='127.0.0.1',lastlogintime=1369748575 WHERE userid = '1'
--- SHUTDOWN TIME --- 1369748575.5976 (0.32531809806824)sec
--- STARTUP TIME --- 1369748575.6482
    SESSION_ID：fouo5583iqdks4ngv2nksu5gk6
    REQUEST MCA：index::init@admin
    REQUEST SQL：SELECT * FROM x_site 
    REQUEST SQL：SELECT * FROM x_menu WHERE parentid = 1 AND display = 1 ORDER BY listorder ASC 
    REQUEST SQL：SELECT * FROM x_menu WHERE parentid = 4 AND display = 1 ORDER BY listorder ASC 
    REQUEST SQL：SELECT * FROM x_menu WHERE parentid = 20 AND display = 1 ORDER BY listorder ASC 
--- SHUTDOWN TIME --- 1369748576.0263 (0.37808799743652)sec
--- STARTUP TIME --- 1369748580.0651
    SESSION_ID：fouo5583iqdks4ngv2nksu5gk6
    REQUEST MCA：test::init@test
--- STARTUP TIME --- 1369749026.3555
    SESSION_ID：fouo5583iqdks4ngv2nksu5gk6
    REQUEST MCA：test::init@test
--- STARTUP TIME --- 1369749162.1385
    SESSION_ID：fouo5583iqdks4ngv2nksu5gk6
    REQUEST MCA：test::init@test
--- STARTUP TIME --- 1369749273.3712
    SESSION_ID：fouo5583iqdks4ngv2nksu5gk6
    REQUEST MCA：test::init@test
--- STARTUP TIME --- 1369749302.5611
    SESSION_ID：fouo5583iqdks4ngv2nksu5gk6
    REQUEST MCA：test::init@test
--- STARTUP TIME --- 1369749333.6929
    SESSION_ID：fouo5583iqdks4ngv2nksu5gk6
    REQUEST MCA：test::init@test
--- STARTUP TIME --- 1369749378.8486
    SESSION_ID：fouo5583iqdks4ngv2nksu5gk6
    REQUEST MCA：test::init@test
--- STARTUP TIME --- 1369749502.159
    SESSION_ID：fouo5583iqdks4ngv2nksu5gk6
    REQUEST MCA：test::init@test
--- STARTUP TIME --- 1369749520.2232
    SESSION_ID：fouo5583iqdks4ngv2nksu5gk6
    REQUEST MCA：test::init@test
