2013-03-13T16:23:33+08:00　INFO：--- STARTUP TIME --- 1363163013.1107
2013-03-13T16:23:33+08:00　INFO：    REQUEST MCA：index::init@index
2013-03-13T16:23:33+08:00　INFO：    ACL-localhost-index-index item does not in configuration file
2013-03-13T16:23:33+08:00　INFO：　ACL-localhost-index-index item does not in configuration file
2013-03-13T16:23:33+08:00　INFO：--- SHUTDOWN TIME --- 1363163013.1169 (0.006260871887207)sec
2013-03-13T16:26:10+08:00　INFO：--- STARTUP TIME --- 1363163170.2037
2013-03-13T16:26:10+08:00　INFO：    REQUEST MCA：index::init@index
2013-03-13T16:26:10+08:00　INFO：    ACL-localhost-index-index item does not in configuration file
2013-03-13T16:26:10+08:00　INFO：　ACL-localhost-index-index item does not in configuration file
2013-03-13T16:26:10+08:00　INFO：--- SHUTDOWN TIME --- 1363163170.208 (0.0042641162872314)sec
2013-03-13T16:26:11+08:00　INFO：--- STARTUP TIME --- 1363163171.3585
2013-03-13T16:26:11+08:00　INFO：    REQUEST MCA：index::init@index
2013-03-13T16:26:11+08:00　INFO：    ACL-localhost-index-index item does not in configuration file
2013-03-13T16:26:11+08:00　INFO：　ACL-localhost-index-index item does not in configuration file
2013-03-13T16:26:11+08:00　INFO：--- SHUTDOWN TIME --- 1363163171.3619 (0.0033879280090332)sec
2013-03-13T16:26:11+08:00　INFO：--- STARTUP TIME --- 1363163171.8698
2013-03-13T16:26:11+08:00　INFO：    REQUEST MCA：index::init@index
2013-03-13T16:26:11+08:00　INFO：    ACL-localhost-index-index item does not in configuration file
2013-03-13T16:26:11+08:00　INFO：　ACL-localhost-index-index item does not in configuration file
2013-03-13T16:26:11+08:00　INFO：--- SHUTDOWN TIME --- 1363163171.8744 (0.0046172142028809)sec
2013-03-13T16:26:12+08:00　INFO：--- STARTUP TIME --- 1363163172.067
2013-03-13T16:26:12+08:00　INFO：    REQUEST MCA：index::init@index
2013-03-13T16:26:12+08:00　INFO：    ACL-localhost-index-index item does not in configuration file
2013-03-13T16:26:12+08:00　INFO：　ACL-localhost-index-index item does not in configuration file
2013-03-13T16:26:12+08:00　INFO：--- SHUTDOWN TIME --- 1363163172.0717 (0.0047521591186523)sec
2013-03-13T16:26:12+08:00　INFO：--- STARTUP TIME --- 1363163172.3221
2013-03-13T16:26:12+08:00　INFO：    REQUEST MCA：index::init@index
2013-03-13T16:26:12+08:00　INFO：    ACL-localhost-index-index item does not in configuration file
2013-03-13T16:26:12+08:00　INFO：　ACL-localhost-index-index item does not in configuration file
2013-03-13T16:26:12+08:00　INFO：--- SHUTDOWN TIME --- 1363163172.3256 (0.0034339427947998)sec
2013-03-13T16:29:41+08:00　INFO：--- STARTUP TIME --- 1363163381.1197
2013-03-13T16:29:41+08:00　INFO：    REQUEST MCA：index::init@index
2013-03-13T16:29:41+08:00　INFO：    ACL-localhost-index-index item does not in configuration file
2013-03-13T16:29:41+08:00　INFO：　ACL-localhost-index-index item does not in configuration file
2013-03-13T16:29:41+08:00　INFO：--- SHUTDOWN TIME --- 1363163381.1257 (0.0059499740600586)sec
2013-03-13T16:29:49+08:00　INFO：--- STARTUP TIME --- 1363163389.2221
2013-03-13T16:29:49+08:00　INFO：    REQUEST MCA：index::init@index
2013-03-13T16:29:49+08:00　INFO：    ACL-localhost-index-index item does not in configuration file
2013-03-13T16:29:49+08:00　INFO：　ACL-localhost-index-index item does not in configuration file
2013-03-13T16:29:49+08:00　INFO：--- SHUTDOWN TIME --- 1363163389.2263 (0.0041677951812744)sec
2013-03-13T16:31:08+08:00　INFO：--- STARTUP TIME --- 1363163468.3551
2013-03-13T16:31:08+08:00　INFO：    REQUEST MCA：index::init@index
2013-03-13T16:31:08+08:00　INFO：    ACL-localhost-index-index item does not in configuration file
2013-03-13T16:31:08+08:00　INFO：　ACL-localhost-index-index item does not in configuration file
2013-03-13T16:31:08+08:00　INFO：--- SHUTDOWN TIME --- 1363163468.3585 (0.0034058094024658)sec
2013-03-13T16:31:22+08:00　INFO：--- STARTUP TIME --- 1363163482.9619
2013-03-13T16:31:22+08:00　INFO：    REQUEST MCA：index::init@index
2013-03-13T16:31:22+08:00　INFO：    ACL-localhost-index-index item does not in configuration file
2013-03-13T16:31:22+08:00　INFO：　ACL-localhost-index-index item does not in configuration file
2013-03-13T16:31:22+08:00　INFO：--- SHUTDOWN TIME --- 1363163482.967 (0.0050759315490723)sec
2013-03-13T16:31:49+08:00　INFO：--- STARTUP TIME --- 1363163509.9339
2013-03-13T16:31:49+08:00　INFO：    REQUEST MCA：index::init@index
2013-03-13T16:31:49+08:00　INFO：    ACL-localhost-index-index item does not in configuration file
2013-03-13T16:31:49+08:00　INFO：　ACL-localhost-index-index item does not in configuration file
2013-03-13T16:31:49+08:00　INFO：--- SHUTDOWN TIME --- 1363163509.9382 (0.0043261051177979)sec
2013-03-13T16:33:01+08:00　INFO：--- STARTUP TIME --- 1363163581.2166
2013-03-13T16:33:01+08:00　INFO：    REQUEST MCA：index::init@index
2013-03-13T16:33:01+08:00　INFO：    ACL-localhost-index-index item does not in configuration file
2013-03-13T16:33:01+08:00　INFO：　ACL-localhost-index-index item does not in configuration file
2013-03-13T16:33:01+08:00　INFO：--- SHUTDOWN TIME --- 1363163581.221 (0.0044229030609131)sec
2013-03-13T16:33:09+08:00　INFO：--- STARTUP TIME --- 1363163589.0818
2013-03-13T16:33:09+08:00　INFO：    REQUEST MCA：index::init@index
2013-03-13T16:33:09+08:00　INFO：    ACL-localhost-index-index item does not in configuration file
2013-03-13T16:33:09+08:00　INFO：　ACL-localhost-index-index item does not in configuration file
2013-03-13T16:33:09+08:00　INFO：--- SHUTDOWN TIME --- 1363163589.0872 (0.0053920745849609)sec
2013-03-13T16:33:30+08:00　INFO：--- STARTUP TIME --- 1363163610.316
2013-03-13T16:33:30+08:00　INFO：    REQUEST MCA：index::init@index
2013-03-13T16:33:30+08:00　INFO：    ACL-localhost-index-index item does not in configuration file
2013-03-13T16:33:30+08:00　INFO：　ACL-localhost-index-index item does not in configuration file
2013-03-13T16:33:30+08:00　INFO：--- SHUTDOWN TIME --- 1363163610.3195 (0.003525972366333)sec
2013-03-13T16:33:47+08:00　INFO：--- STARTUP TIME --- 1363163627.8337
2013-03-13T16:33:47+08:00　INFO：    REQUEST MCA：index::init@index
2013-03-13T16:33:47+08:00　INFO：    ACL-localhost-index-index item does not in configuration file
2013-03-13T16:33:47+08:00　INFO：　ACL-localhost-index-index item does not in configuration file
2013-03-13T16:33:47+08:00　INFO：--- SHUTDOWN TIME --- 1363163627.8383 (0.004533052444458)sec
2013-03-13T16:33:59+08:00　INFO：--- STARTUP TIME --- 1363163639.6076
2013-03-13T16:33:59+08:00　INFO：    REQUEST MCA：index::init@index
2013-03-13T16:33:59+08:00　INFO：    ACL-localhost-index-index item does not in configuration file
2013-03-13T16:33:59+08:00　INFO：　ACL-localhost-index-index item does not in configuration file
2013-03-13T16:33:59+08:00　INFO：--- SHUTDOWN TIME --- 1363163639.6111 (0.0035419464111328)sec
2013-03-13T16:34:21+08:00　INFO：--- STARTUP TIME --- 1363163661.3611
2013-03-13T16:34:21+08:00　INFO：    REQUEST MCA：index::init@index
2013-03-13T16:34:21+08:00　INFO：    ACL-localhost-index-index item does not in configuration file
2013-03-13T16:34:21+08:00　INFO：　ACL-localhost-index-index item does not in configuration file
2013-03-13T16:34:21+08:00　INFO：--- SHUTDOWN TIME --- 1363163661.3655 (0.004331111907959)sec
