--- STARTUP TIME --- 1363418381.4034
    REQUEST MCA：index::init@admin
    8 | Undefined index:  userid       | D:\ESSamp\wwwroot\NextPHP\module\admin\controller\index.php | 6
--- SHUTDOWN TIME --- 1363418381.6599 (0.25650501251221)sec
--- STARTUP TIME --- 1363418381.6646
    REQUEST MCA：index::login@admin
--- SHUTDOWN TIME --- 1363418381.7416 (0.076990842819214)sec
--- STARTUP TIME --- 1363418407.0892
    REQUEST MCA：index::login@admin
    REQUEST SQL：SELECT * FROM `x`.`x_times` WHERE  `email` = 'ivup@ivup.cn'  AND  `isadmin` = '1'  LIMIT 1
    REQUEST SQL：SELECT * FROM `x`.`x_user` WHERE  `email` = 'ivup@ivup.cn' LIMIT 1
    REQUEST SQL：UPDATE `x`.`x_user` SET `lastloginip`='127.0.0.1',`lastlogintime`='1363418407' WHERE  `userid` = '1'
--- SHUTDOWN TIME --- 1363418407.6511 (0.5618839263916)sec
--- STARTUP TIME --- 1363418408.6683
    REQUEST MCA：index::init@admin
    REQUEST SQL：SELECT * FROM `x`.`x_site` WHERE `siteid` in(1)
    REQUEST SQL：SELECT * FROM `x`.`x_menu` WHERE  `parentid` = '1'  AND  `display` = '1'  ORDER BY listorder ASC LIMIT 1000
    REQUEST SQL：SELECT * FROM `x`.`x_menu` WHERE  `parentid` = '4'  AND  `display` = '1'  ORDER BY listorder ASC LIMIT 1000
    REQUEST SQL：SELECT * FROM `x`.`x_menu` WHERE  `parentid` = '20'  AND  `display` = '1'  ORDER BY listorder ASC LIMIT 1000
--- SHUTDOWN TIME --- 1363418409.0392 (0.37096309661865)sec
--- STARTUP TIME --- 1363418409.1866
    REQUEST MCA：index::init@admin
    REQUEST SQL：SELECT * FROM `x`.`x_site` WHERE `siteid` in(1)
    REQUEST SQL：SELECT * FROM `x`.`x_menu` WHERE  `parentid` = '1'  AND  `display` = '1'  ORDER BY listorder ASC LIMIT 1000
    REQUEST SQL：SELECT * FROM `x`.`x_menu` WHERE  `parentid` = '4'  AND  `display` = '1'  ORDER BY listorder ASC LIMIT 1000
    REQUEST SQL：SELECT * FROM `x`.`x_menu` WHERE  `parentid` = '20'  AND  `display` = '1'  ORDER BY listorder ASC LIMIT 1000
--- SHUTDOWN TIME --- 1363418409.2072 (0.020568132400513)sec
--- STARTUP TIME --- 1363418444.5602
    REQUEST MCA：index::publicmenuleft@admin
    REQUEST SQL：SELECT * FROM `x`.`x_menu` WHERE  `parentid` = '5'  AND  `display` = '1'  ORDER BY listorder ASC LIMIT 1000
    REQUEST SQL：SELECT * FROM `x`.`x_menu` WHERE  `parentid` = '6'  AND  `display` = '1'  ORDER BY listorder ASC LIMIT 1000
    REQUEST SQL：SELECT * FROM `x`.`x_menu` WHERE  `parentid` = '12'  AND  `display` = '1'  ORDER BY listorder ASC LIMIT 1000
    REQUEST SQL：SELECT * FROM `x`.`x_menu` WHERE  `parentid` = '13'  AND  `display` = '1'  ORDER BY listorder ASC LIMIT 1000
--- SHUTDOWN TIME --- 1363418444.5792 (0.019078016281128)sec
--- STARTUP TIME --- 1363418446.4935
    REQUEST MCA：menu::init@admin
    REQUEST SQL：SELECT * FROM `x`.`x_menu` ORDER BY listorder ASC,id DESC
--- SHUTDOWN TIME --- 1363418446.5253 (0.031866073608398)sec
--- STARTUP TIME --- 1363418739.7108
    REQUEST MCA：index::init@admin
    REQUEST SQL：SELECT * FROM `x`.`x_site` WHERE `siteid` in(1)
    REQUEST SQL：SELECT * FROM `x`.`x_menu` WHERE  `parentid` = '1'  AND  `display` = '1'  ORDER BY listorder ASC LIMIT 1000
    REQUEST SQL：SELECT * FROM `x`.`x_menu` WHERE  `parentid` = '4'  AND  `display` = '1'  ORDER BY listorder ASC LIMIT 1000
    REQUEST SQL：SELECT * FROM `x`.`x_menu` WHERE  `parentid` = '20'  AND  `display` = '1'  ORDER BY listorder ASC LIMIT 1000
--- SHUTDOWN TIME --- 1363418739.7377 (0.026917934417725)sec
--- STARTUP TIME --- 1363418739.8289
    REQUEST MCA：index::init@admin
    REQUEST SQL：SELECT * FROM `x`.`x_site` WHERE `siteid` in(1)
    REQUEST SQL：SELECT * FROM `x`.`x_menu` WHERE  `parentid` = '1'  AND  `display` = '1'  ORDER BY listorder ASC LIMIT 1000
    REQUEST SQL：SELECT * FROM `x`.`x_menu` WHERE  `parentid` = '4'  AND  `display` = '1'  ORDER BY listorder ASC LIMIT 1000
    REQUEST SQL：SELECT * FROM `x`.`x_menu` WHERE  `parentid` = '20'  AND  `display` = '1'  ORDER BY listorder ASC LIMIT 1000
--- SHUTDOWN TIME --- 1363418739.8525 (0.023615837097168)sec
--- STARTUP TIME --- 1363418742.1734
    REQUEST MCA：index::publicmenuleft@admin
    REQUEST SQL：SELECT * FROM `x`.`x_menu` WHERE  `parentid` = '5'  AND  `display` = '1'  ORDER BY listorder ASC LIMIT 1000
    REQUEST SQL：SELECT * FROM `x`.`x_menu` WHERE  `parentid` = '6'  AND  `display` = '1'  ORDER BY listorder ASC LIMIT 1000
    REQUEST SQL：SELECT * FROM `x`.`x_menu` WHERE  `parentid` = '12'  AND  `display` = '1'  ORDER BY listorder ASC LIMIT 1000
    REQUEST SQL：SELECT * FROM `x`.`x_menu` WHERE  `parentid` = '13'  AND  `display` = '1'  ORDER BY listorder ASC LIMIT 1000
--- SHUTDOWN TIME --- 1363418742.1923 (0.01889705657959)sec
--- STARTUP TIME --- 1363418743.4753
    REQUEST MCA：menu::init@admin
    REQUEST SQL：SELECT * FROM `x`.`x_menu` ORDER BY listorder ASC,id DESC
--- SHUTDOWN TIME --- 1363418743.4981 (0.022810935974121)sec
