--- STARTUP TIME --- 1368400350.4877
    SESSION_ID：abdsa129k9ujkqe9so2a1koeb2
    REQUEST MCA：index::login@admin
--- SHUTDOWN TIME --- 1368400355.6677 (5.1799750328064)sec
--- STARTUP TIME --- 1368400378.8469
    SESSION_ID：abdsa129k9ujkqe9so2a1koeb2
    REQUEST MCA：index::login@admin
    REQUEST SQL：SELECT * FROM x_times WHERE email = 'ivup@ivup.cn' AND isadmin = 1 
    REQUEST SQL：SELECT * FROM x_user WHERE email = 'ivup@ivup.cn' 
    REQUEST SQL：UPDATE x_user SET lastloginip='127.0.0.1',lastlogintime=1368400378 WHERE userid = '1'
--- SHUTDOWN TIME --- 1368400379.2119 (0.365070104599)sec
--- STARTUP TIME --- 1368400379.2702
    SESSION_ID：abdsa129k9ujkqe9so2a1koeb2
    REQUEST MCA：index::init@admin
    REQUEST SQL：SELECT * FROM x_site 
    REQUEST SQL：SELECT * FROM x_menu WHERE parentid = 1 AND display = 1 ORDER BY listorder ASC 
    REQUEST SQL：SELECT * FROM x_menu WHERE parentid = 4 AND display = 1 ORDER BY listorder ASC 
    REQUEST SQL：SELECT * FROM x_menu WHERE parentid = 20 AND display = 1 ORDER BY listorder ASC 
--- SHUTDOWN TIME --- 1368400379.6069 (0.33676218986511)sec
--- STARTUP TIME --- 1368400382.2784
    SESSION_ID：abdsa129k9ujkqe9so2a1koeb2
    REQUEST MCA：index::menuleft@admin
    REQUEST SQL：SELECT * FROM x_menu WHERE parentid = 92 AND display = 1 ORDER BY listorder ASC 
    REQUEST SQL：SELECT * FROM x_menu WHERE parentid = 93 AND display = 1 ORDER BY listorder ASC 
--- SHUTDOWN TIME --- 1368400382.3134 (0.034986972808838)sec
--- STARTUP TIME --- 1368400383.7361
    SESSION_ID：abdsa129k9ujkqe9so2a1koeb2
    REQUEST MCA：category::init@content
    [D:\ESSamp\wwwroot\NextPHPFramework\module\content\controller\category.php][content_controller_category]Class or Interface Not Defined
    [D:\ESSamp\wwwroot\NextPHPFramework\module\content\controller\category.php][content_controller_category]Class or Interface Not Defined
--- STARTUP TIME --- 1368400385.2974
    SESSION_ID：abdsa129k9ujkqe9so2a1koeb2
    REQUEST MCA：model::init@content
    REQUEST SQL：SELECT COUNT(*) AS NextPHP_COUNT FROM x_model WHERE siteid = '1' AND type = '0'
    REQUEST SQL：SELECT * FROM x_model WHERE siteid = '1' AND type = '0' LIMIT 0, 20  
    REQUEST SQL：SELECT * FROM x_model WHERE type = '0' 
--- SHUTDOWN TIME --- 1368400386.1631 (0.86562204360962)sec
--- STARTUP TIME --- 1368400390.1647
    SESSION_ID：abdsa129k9ujkqe9so2a1koeb2
    REQUEST MCA：field::init@content
    REQUEST SQL：SELECT * FROM x_model_field WHERE modelid = '0' AND siteid = '1' ORDER BY listorder ASC 
    REQUEST SQL：SELECT * FROM x_model_field WHERE modelid = 61 ORDER BY listorder ASC 
--- SHUTDOWN TIME --- 1368400390.3807 (0.2159960269928)sec
--- STARTUP TIME --- 1368400473.7391
    SESSION_ID：abdsa129k9ujkqe9so2a1koeb2
    REQUEST MCA：field::priview@content
--- SHUTDOWN TIME --- 1368400473.9227 (0.18367004394531)sec
--- STARTUP TIME --- 1368400501.5315
    SESSION_ID：abdsa129k9ujkqe9so2a1koeb2
    REQUEST MCA：field::add@content
    REQUEST SQL：SELECT field,name FROM x_model_field WHERE modelid = 61 ORDER BY listorder ASC 
--- SHUTDOWN TIME --- 1368400501.5863 (0.05479907989502)sec
--- STARTUP TIME --- 1368400646.0008
    SESSION_ID：abdsa129k9ujkqe9so2a1koeb2
    REQUEST MCA：field::priview@content
--- SHUTDOWN TIME --- 1368400646.0498 (0.048917055130005)sec
--- STARTUP TIME --- 1368400648.349
    SESSION_ID：abdsa129k9ujkqe9so2a1koeb2
    REQUEST MCA：model::init@content
    REQUEST SQL：SELECT COUNT(*) AS NextPHP_COUNT FROM x_model WHERE siteid = '1' AND type = '0'
    REQUEST SQL：SELECT * FROM x_model WHERE siteid = '1' AND type = '0' LIMIT 0, 20  
    REQUEST SQL：SELECT * FROM x_model WHERE type = '0' 
--- SHUTDOWN TIME --- 1368400648.6091 (0.26013803482056)sec
--- STARTUP TIME --- 1368400651.8425
    SESSION_ID：abdsa129k9ujkqe9so2a1koeb2
    REQUEST MCA：field::init@content
    REQUEST SQL：SELECT * FROM x_model_field WHERE modelid = '0' AND siteid = '1' ORDER BY listorder ASC 
    REQUEST SQL：SELECT * FROM x_model_field WHERE modelid = 61 ORDER BY listorder ASC 
--- SHUTDOWN TIME --- 1368400651.895 (0.052501916885376)sec
--- STARTUP TIME --- 1368400654.2342
    SESSION_ID：abdsa129k9ujkqe9so2a1koeb2
    REQUEST MCA：model::init@content
    REQUEST SQL：SELECT COUNT(*) AS NextPHP_COUNT FROM x_model WHERE siteid = '1' AND type = '0'
    REQUEST SQL：SELECT * FROM x_model WHERE siteid = '1' AND type = '0' LIMIT 0, 20  
    REQUEST SQL：SELECT * FROM x_model WHERE type = '0' 
--- SHUTDOWN TIME --- 1368400654.3161 (0.081898927688599)sec
--- STARTUP TIME --- 1368400655.9666
    SESSION_ID：abdsa129k9ujkqe9so2a1koeb2
    REQUEST MCA：field::init@content
    REQUEST SQL：SELECT * FROM x_model_field WHERE modelid = '0' AND siteid = '1' ORDER BY listorder ASC 
    REQUEST SQL：SELECT * FROM x_model_field WHERE modelid = 61 ORDER BY listorder ASC 
--- SHUTDOWN TIME --- 1368400656.0058 (0.039246082305908)sec
--- STARTUP TIME --- 1368400730.262
    SESSION_ID：abdsa129k9ujkqe9so2a1koeb2
    REQUEST MCA：field::priview@content
--- SHUTDOWN TIME --- 1368400730.2886 (0.026647090911865)sec
--- STARTUP TIME --- 1368400734.4063
    SESSION_ID：abdsa129k9ujkqe9so2a1koeb2
    REQUEST MCA：field::disabled@content
    REQUEST SQL：UPDATE x_model_field SET disabled=1 WHERE fieldid = 481 AND siteid = '1'
    REQUEST SQL：SELECT * FROM x_model_field WHERE modelid = '0' AND siteid = '1' ORDER BY listorder ASC 
    REQUEST SQL：SELECT * FROM x_model_field WHERE modelid = '61' AND disabled = '0' ORDER BY listorder ASC 
--- SHUTDOWN TIME --- 1368400734.4513 (0.045037984848022)sec
--- STARTUP TIME --- 1368400734.4683
    SESSION_ID：abdsa129k9ujkqe9so2a1koeb2
    REQUEST MCA：field::init@content
    REQUEST SQL：SELECT * FROM x_model_field WHERE modelid = '0' AND siteid = '1' ORDER BY listorder ASC 
    REQUEST SQL：SELECT * FROM x_model_field WHERE modelid = 61 ORDER BY listorder ASC 
--- SHUTDOWN TIME --- 1368400734.5004 (0.032113075256348)sec
--- STARTUP TIME --- 1368400738.6372
    SESSION_ID：abdsa129k9ujkqe9so2a1koeb2
    REQUEST MCA：field::disabled@content
    REQUEST SQL：UPDATE x_model_field SET disabled=1 WHERE fieldid = 480 AND siteid = '1'
    REQUEST SQL：SELECT * FROM x_model_field WHERE modelid = '0' AND siteid = '1' ORDER BY listorder ASC 
    REQUEST SQL：SELECT * FROM x_model_field WHERE modelid = '61' AND disabled = '0' ORDER BY listorder ASC 
--- SHUTDOWN TIME --- 1368400738.6814 (0.044155120849609)sec
--- STARTUP TIME --- 1368400738.6973
    SESSION_ID：abdsa129k9ujkqe9so2a1koeb2
    REQUEST MCA：field::init@content
    REQUEST SQL：SELECT * FROM x_model_field WHERE modelid = '0' AND siteid = '1' ORDER BY listorder ASC 
    REQUEST SQL：SELECT * FROM x_model_field WHERE modelid = 61 ORDER BY listorder ASC 
--- SHUTDOWN TIME --- 1368400738.7341 (0.03681206703186)sec
--- STARTUP TIME --- 1368400740.4382
    SESSION_ID：abdsa129k9ujkqe9so2a1koeb2
    REQUEST MCA：field::priview@content
--- SHUTDOWN TIME --- 1368400740.4652 (0.027046918869019)sec
--- STARTUP TIME --- 1368400749.3086
    SESSION_ID：abdsa129k9ujkqe9so2a1koeb2
    REQUEST MCA：field::disabled@content
    REQUEST SQL：UPDATE x_model_field SET disabled='0' WHERE fieldid = 480 AND siteid = '1'
    REQUEST SQL：SELECT * FROM x_model_field WHERE modelid = '0' AND siteid = '1' ORDER BY listorder ASC 
    REQUEST SQL：SELECT * FROM x_model_field WHERE modelid = '61' AND disabled = '0' ORDER BY listorder ASC 
--- SHUTDOWN TIME --- 1368400749.3568 (0.048161029815674)sec
--- STARTUP TIME --- 1368400749.3696
    SESSION_ID：abdsa129k9ujkqe9so2a1koeb2
    REQUEST MCA：field::init@content
    REQUEST SQL：SELECT * FROM x_model_field WHERE modelid = '0' AND siteid = '1' ORDER BY listorder ASC 
    REQUEST SQL：SELECT * FROM x_model_field WHERE modelid = 61 ORDER BY listorder ASC 
--- SHUTDOWN TIME --- 1368400749.4026 (0.033001184463501)sec
--- STARTUP TIME --- 1368400751.7768
    SESSION_ID：abdsa129k9ujkqe9so2a1koeb2
    REQUEST MCA：field::disabled@content
    REQUEST SQL：UPDATE x_model_field SET disabled='0' WHERE fieldid = 481 AND siteid = '1'
    REQUEST SQL：SELECT * FROM x_model_field WHERE modelid = '0' AND siteid = '1' ORDER BY listorder ASC 
    REQUEST SQL：SELECT * FROM x_model_field WHERE modelid = '61' AND disabled = '0' ORDER BY listorder ASC 
--- SHUTDOWN TIME --- 1368400751.8238 (0.047054052352905)sec
--- STARTUP TIME --- 1368400751.8368
    SESSION_ID：abdsa129k9ujkqe9so2a1koeb2
    REQUEST MCA：field::init@content
    REQUEST SQL：SELECT * FROM x_model_field WHERE modelid = '0' AND siteid = '1' ORDER BY listorder ASC 
    REQUEST SQL：SELECT * FROM x_model_field WHERE modelid = 61 ORDER BY listorder ASC 
--- SHUTDOWN TIME --- 1368400751.8705 (0.033649921417236)sec
--- STARTUP TIME --- 1368400753.4192
    SESSION_ID：abdsa129k9ujkqe9so2a1koeb2
    REQUEST MCA：field::priview@content
--- SHUTDOWN TIME --- 1368400753.4444 (0.025129079818726)sec
--- STARTUP TIME --- 1368401211.7682
    SESSION_ID：abdsa129k9ujkqe9so2a1koeb2
    REQUEST MCA：field::priview@content
--- SHUTDOWN TIME --- 1368401211.7965 (0.028284072875977)sec
--- STARTUP TIME --- 1368401213.8843
    SESSION_ID：abdsa129k9ujkqe9so2a1koeb2
    REQUEST MCA：model::init@content
    REQUEST SQL：SELECT COUNT(*) AS NextPHP_COUNT FROM x_model WHERE siteid = '1' AND type = '0'
    REQUEST SQL：SELECT * FROM x_model WHERE siteid = '1' AND type = '0' LIMIT 0, 20  
    REQUEST SQL：SELECT * FROM x_model WHERE type = '0' 
--- SHUTDOWN TIME --- 1368401213.9854 (0.10108709335327)sec
--- STARTUP TIME --- 1368401216.2453
    SESSION_ID：abdsa129k9ujkqe9so2a1koeb2
    REQUEST MCA：field::priview@content
--- SHUTDOWN TIME --- 1368401216.2763 (0.030977964401245)sec
--- STARTUP TIME --- 1368401258.4041
    SESSION_ID：abdsa129k9ujkqe9so2a1koeb2
    REQUEST MCA：model::delete@content
    REQUEST SQL：DELETE FROM x_model_field WHERE modelid = 61 AND siteid = '1'
    REQUEST SQL：DROP TABLE x_post_1_test
    REQUEST SQL：DELETE FROM x_model WHERE modelid = 61 AND siteid = '1'
--- SHUTDOWN TIME --- 1368401258.607 (0.20294880867004)sec
--- STARTUP TIME --- 1368401258.6191
    SESSION_ID：abdsa129k9ujkqe9so2a1koeb2
    REQUEST MCA：model::init@content
    REQUEST SQL：SELECT COUNT(*) AS NextPHP_COUNT FROM x_model WHERE siteid = '1' AND type = '0'
    REQUEST SQL：SELECT * FROM x_model WHERE siteid = '1' AND type = '0' LIMIT 0, 20  
    REQUEST SQL：SELECT * FROM x_model WHERE type = '0' 
--- SHUTDOWN TIME --- 1368401258.7133 (0.094193935394287)sec
--- STARTUP TIME --- 1368401276.3188
    SESSION_ID：abdsa129k9ujkqe9so2a1koeb2
    REQUEST MCA：model::add@content
--- SHUTDOWN TIME --- 1368401276.3385 (0.019686937332153)sec
--- STARTUP TIME --- 1368401283.6138
    SESSION_ID：abdsa129k9ujkqe9so2a1koeb2
    REQUEST MCA：model::add@content
    REQUEST SQL：INSERT INTO x_model (name,tablename,description,show_view,siteid) VALUES ('测试','test','','','1')
    REQUEST SQL：CREATE TABLE `x_post_1` (  `id` mediumint(8) unsigned NOT NULL auto_increment,  `modelid` smallint(5) unsigned NOT NULL default '0',  `catid` smallint(5) unsigned NOT NULL default '0',  `title` char(80) NOT NULL default '',  `keywords` char(40) NOT NULL default '',  `description` char(255) NOT NULL default '',  `posids` tinyint(1) unsigned NOT NULL default '0',  `thumb` char(100) NOT NULL default '',  `islink` tinyint(1) unsigned NOT NULL default '0',  `url` char(100) NOT NULL,  `listorder` tinyint(3) unsigned NOT NULL default '0',  `status` tinyint(2) unsigned NOT NULL default '1',  `username` char(20) NOT NULL,  `inputtime` int(10) unsigned NOT NULL default '0',  `updatetime` int(10) unsigned NOT NULL default '0',  `view` varchar(30) NOT NULL,  PRIMARY KEY  (`id`),  KEY `status` (`status`,`listorder`,`id`),  KEY `listorder` (`catid`,`status`,`listorder`,`id`),  KEY `catid` (`catid`,`status`,`id`)) ENGINE=MyISAM DEFAULT CHARSET=utf8
    REQUEST SQL：INSERT INTO `x_model_field` (`modelid`, `siteid`, `field`, `name`, `tips`, `css`, `minlength`, `maxlength`, `pattern`, `errortips`, `formtype`, `setting`, `formattribute`, `unsetgroupids`, `unsetroleids`, `iscore`, `isunique`, `isbase`, `issearch`, `isadd`, `isfulltext`, `isposition`, `listorder`, `disabled`) VALUES(0, 1, 'catid', '栏目', '', '', 1, 6, '/^[0-9]{1,6}$/', '请选择栏目', 'catid', '{"defaultvalue":""}', '', '-99', '-99', 0, 0, 1, 1, 1, 0, 0, 10, 0)
    REQUEST SQL：INSERT INTO `x_model_field` (`modelid`, `siteid`, `field`, `name`, `tips`, `css`, `minlength`, `maxlength`, `pattern`, `errortips`, `formtype`, `setting`, `formattribute`, `unsetgroupids`, `unsetroleids`, `iscore`, `isunique`, `isbase`, `issearch`, `isadd`, `isfulltext`, `isposition`, `listorder`, `disabled`) VALUES(0, 1, 'title', '标题', '', 'inputtitle', 1, 80, '', '请输入标题', 'title', '[]', '', '', '', 0, 0, 1, 1, 1, 1, 1, 20, 0)
    REQUEST SQL：INSERT INTO `x_model_field` (`modelid`, `siteid`, `field`, `name`, `tips`, `css`, `minlength`, `maxlength`, `pattern`, `errortips`, `formtype`, `setting`, `formattribute`, `unsetgroupids`, `unsetroleids`, `iscore`, `isunique`, `isbase`, `issearch`, `isadd`, `isfulltext`, `isposition`, `listorder`, `disabled`) VALUES(0, 1, 'keywords', '关键词', '多关键词之间用空格或者“,”隔开', '', 0, 40, '', '', 'keyword', '{"size":"100","defaultvalue":""}', '', '-99', '-99', 0, 0, 1, 1, 1, 1, 0, 30, 0)
    REQUEST SQL：INSERT INTO `x_model_field` (`modelid`, `siteid`, `field`, `name`, `tips`, `css`, `minlength`, `maxlength`, `pattern`, `errortips`, `formtype`, `setting`, `formattribute`, `unsetgroupids`, `unsetroleids`, `iscore`, `isunique`, `isbase`, `issearch`, `isadd`, `isfulltext`, `isposition`, `listorder`, `disabled`) VALUES(0, 1, 'description', '摘要', '', '', 0, 255, '', '', 'textarea', '{"width":"98","height":"46","defaultvalue":"","enablehtml":"0"}', '', '', '', 0, 0, 1, 0, 1, 1, 1, 40, 0)
    REQUEST SQL：INSERT INTO `x_model_field` (`modelid`, `siteid`, `field`, `name`, `tips`, `css`, `minlength`, `maxlength`, `pattern`, `errortips`, `formtype`, `setting`, `formattribute`, `unsetgroupids`, `unsetroleids`, `iscore`, `isunique`, `isbase`, `issearch`, `isadd`, `isfulltext`, `isposition`, `listorder`, `disabled`) VALUES(0, 1, 'posids', '推荐位', '', '', 0, 0, '', '', 'posid', '{"cols":"4","width":"125"}', '', '', '', 0, 0, 1, 0, 0, 0, 0, 70, 0)
    REQUEST SQL：INSERT INTO `x_model_field` (`modelid`, `siteid`, `field`, `name`, `tips`, `css`, `minlength`, `maxlength`, `pattern`, `errortips`, `formtype`, `setting`, `formattribute`, `unsetgroupids`, `unsetroleids`, `iscore`, `isunique`, `isbase`, `issearch`, `isadd`, `isfulltext`, `isposition`, `listorder`, `disabled`) VALUES(0, 1, 'islink', '转向链接', '', '', 0, 0, '', '', 'islink', '', '', '', '', 0, 0, 1, 0, 1, 0, 0, 60, 0)
    REQUEST SQL：INSERT INTO `x_model_field` (`modelid`, `siteid`, `field`, `name`, `tips`, `css`, `minlength`, `maxlength`, `pattern`, `errortips`, `formtype`, `setting`, `formattribute`, `unsetgroupids`, `unsetroleids`, `iscore`, `isunique`, `isbase`, `issearch`, `isadd`, `isfulltext`, `isposition`, `listorder`, `disabled`) VALUES(0, 1, 'inputtime', '发布时间', '', '', 0, 0, '', '', 'datetime', '{"fieldtype":"int","format":"Y-m-d H:i:s","defaulttype":"0"}', '', '', '', 0, 0, 0, 0, 0, 0, 1, 80, 0)
    REQUEST SQL：INSERT INTO `x_model_field` (`modelid`, `siteid`, `field`, `name`, `tips`, `css`, `minlength`, `maxlength`, `pattern`, `errortips`, `formtype`, `setting`, `formattribute`, `unsetgroupids`, `unsetroleids`, `iscore`, `isunique`, `isbase`, `issearch`, `isadd`, `isfulltext`, `isposition`, `listorder`, `disabled`) VALUES(0, 1, 'updatetime', '更新时间', '', '', 0, 0, '', '', 'datetime', '{"dateformat":"int","format":"Y-m-d H:i:s","defaulttype":"1","defaultvalue":""}', '', '', '', 1, 0, 1, 0, 0, 0, 0, 90, 0)
    REQUEST SQL：INSERT INTO `x_model_field` (`modelid`, `siteid`, `field`, `name`, `tips`, `css`, `minlength`, `maxlength`, `pattern`, `errortips`, `formtype`, `setting`, `formattribute`, `unsetgroupids`, `unsetroleids`, `iscore`, `isunique`, `isbase`, `issearch`, `isadd`, `isfulltext`, `isposition`, `listorder`, `disabled`) VALUES(0, 1, 'thumb', '缩略图', '', '', 0, 100, '', '', 'image', '{"size":"50","defaultvalue":"","show_type":"1","upload_maxsize":"1024","upload_allowext":"jpg|jpeg|gif|png|bmp","watermark":"0","isselectimage":"1","images_width":"","images_height":""}', '', '', '', 0, 0, 0, 0, 1, 0, 1, 50, 0)
    REQUEST SQL：INSERT INTO `x_model_field` (`modelid`, `siteid`, `field`, `name`, `tips`, `css`, `minlength`, `maxlength`, `pattern`, `errortips`, `formtype`, `setting`, `formattribute`, `unsetgroupids`, `unsetroleids`, `iscore`, `isunique`, `isbase`, `issearch`, `isadd`, `isfulltext`, `isposition`, `listorder`, `disabled`) VALUES(0, 1, 'url', 'URL', '', '', 0, 100, '', '', 'text', '[]', '', '', '', 1, 0, 1, 0, 0, 0, 0, 100, 0)
    REQUEST SQL：INSERT INTO `x_model_field` (`modelid`, `siteid`, `field`, `name`, `tips`, `css`, `minlength`, `maxlength`, `pattern`, `errortips`, `formtype`, `setting`, `formattribute`, `unsetgroupids`, `unsetroleids`, `iscore`, `isunique`, `isbase`, `issearch`, `isadd`, `isfulltext`, `isposition`, `listorder`, `disabled`) VALUES(0, 1, 'listorder', '排序', '', '', 0, 6, '', '', 'number', '[]', '', '', '', 1, 0, 1, 0, 0, 0, 0, 110, 0)
    REQUEST SQL：INSERT INTO `x_model_field` (`modelid`, `siteid`, `field`, `name`, `tips`, `css`, `minlength`, `maxlength`, `pattern`, `errortips`, `formtype`, `setting`, `formattribute`, `unsetgroupids`, `unsetroleids`, `iscore`, `isunique`, `isbase`, `issearch`, `isadd`, `isfulltext`, `isposition`, `listorder`, `disabled`) VALUES(0, 1, 'status', '状态', '', '', 0, 2, '', '', 'box', '[]', '', '', '', 1, 0, 1, 0, 0, 0, 0, 120, 0)
    REQUEST SQL：INSERT INTO `x_model_field` (`modelid`, `siteid`, `field`, `name`, `tips`, `css`, `minlength`, `maxlength`, `pattern`, `errortips`, `formtype`, `setting`, `formattribute`, `unsetgroupids`, `unsetroleids`, `iscore`, `isunique`, `isbase`, `issearch`, `isadd`, `isfulltext`, `isposition`, `listorder`, `disabled`) VALUES(0, 1, 'username', '用户名', '', '', 0, 20, '', '', 'text', '[]', '', '', '', 1, 0, 1, 0, 0, 0, 0, 130, 0)
    REQUEST SQL：INSERT INTO `x_model_field` (`modelid`, `siteid`, `field`, `name`, `tips`, `css`, `minlength`, `maxlength`, `pattern`, `errortips`, `formtype`, `setting`, `formattribute`, `unsetgroupids`, `unsetroleids`, `iscore`, `isunique`, `isbase`, `issearch`, `isadd`, `isfulltext`, `isposition`, `listorder`, `disabled`) VALUES(0, 1, 'view', '内容页模板', '', '', 0, 30, '', '', 'view', '{"size":"","defaultvalue":""}', '', '-99', '-99', 0, 0, 0, 0, 0, 0, 0, 140, 0);
    REQUEST SQL：CREATE TABLE `x_post_1_test` (  `id` mediumint(8) unsigned default '0',  `content` text NOT NULL,  `comment` tinyint(1) unsigned NOT NULL default '1',  `relation` varchar(255) NOT NULL default '',  KEY `id` (`id`)) ENGINE=MyISAM DEFAULT CHARSET=utf8
    REQUEST SQL：INSERT INTO `x_model_field` (`modelid`, `siteid`, `field`, `name`, `tips`, `css`, `minlength`, `maxlength`, `pattern`, `errortips`, `formtype`, `setting`, `formattribute`, `unsetgroupids`, `unsetroleids`, `iscore`, `isunique`, `isbase`, `issearch`, `isadd`, `isfulltext`, `isposition`, `listorder`, `disabled`) VALUES(62, 1, 'content', '内容', '', '', 1, 999999, '', '内容不能为空', 'editor', '{"toolbar":"basic","defaultvalue":"","enablesaveimage":"0","height":"200"}', '', '', '', 0, 0, 1, 0, 1, 1, 0, 51, 0)
    REQUEST SQL：INSERT INTO `x_model_field` (`modelid`, `siteid`, `field`, `name`, `tips`, `css`, `minlength`, `maxlength`, `pattern`, `errortips`, `formtype`, `setting`, `formattribute`, `unsetgroupids`, `unsetroleids`, `iscore`, `isunique`, `isbase`, `issearch`, `isadd`, `isfulltext`, `isposition`, `listorder`, `disabled`) VALUES(62, 1, 'comment', '评论', '', '', 0, 0, '', '', 'box', '{"options":"\u5141\u8bb8\u8bc4\u8bba|1\\r\\n\u4e0d\u5141\u8bb8\u8bc4\u8bba|0","boxtype":"radio","fieldtype":"tinyint","minnumber":"1","width":"88","size":"1","defaultvalue":"1","outputtype":"0"}', '', '', '', 0, 0, 0, 0, 0, 0, 0, 81, 0);
    REQUEST SQL：SELECT * FROM x_model_field WHERE modelid = '0' AND siteid = '1' ORDER BY listorder ASC 
    REQUEST SQL：SELECT * FROM x_model_field WHERE modelid = '62' AND disabled = '0' ORDER BY listorder ASC 
    2 | array_merge() [<a href='function.array-merge'>function.array-merge</a>]: Argument #2 is not an array | D:\ESSamp\wwwroot\NextPHPFramework\module\content\controller\model.php | 120
--- SHUTDOWN TIME --- 1368401283.8322 (0.21834492683411)sec
--- STARTUP TIME --- 1368401368.0448
    SESSION_ID：abdsa129k9ujkqe9so2a1koeb2
    REQUEST MCA：index::init@admin
    REQUEST SQL：SELECT * FROM x_site 
    REQUEST SQL：SELECT * FROM x_menu WHERE parentid = 1 AND display = 1 ORDER BY listorder ASC 
    REQUEST SQL：SELECT * FROM x_menu WHERE parentid = 4 AND display = 1 ORDER BY listorder ASC 
    REQUEST SQL：SELECT * FROM x_menu WHERE parentid = 20 AND display = 1 ORDER BY listorder ASC 
--- SHUTDOWN TIME --- 1368401368.1219 (0.077113151550293)sec
--- STARTUP TIME --- 1368401376.2243
    SESSION_ID：abdsa129k9ujkqe9so2a1koeb2
    REQUEST MCA：index::menuleft@admin
    REQUEST SQL：SELECT * FROM x_menu WHERE parentid = 92 AND display = 1 ORDER BY listorder ASC 
    REQUEST SQL：SELECT * FROM x_menu WHERE parentid = 93 AND display = 1 ORDER BY listorder ASC 
--- SHUTDOWN TIME --- 1368401376.2663 (0.041912078857422)sec
--- STARTUP TIME --- 1368401376.8091
    SESSION_ID：abdsa129k9ujkqe9so2a1koeb2
    REQUEST MCA：model::init@content
    REQUEST SQL：SELECT COUNT(*) AS NextPHP_COUNT FROM x_model WHERE siteid = '1' AND type = '0'
    REQUEST SQL：SELECT * FROM x_model WHERE siteid = '1' AND type = '0' LIMIT 0, 20  
    REQUEST SQL：SELECT * FROM x_model WHERE type = '0' 
--- SHUTDOWN TIME --- 1368401376.9114 (0.10225605964661)sec
--- STARTUP TIME --- 1368401378.9672
    SESSION_ID：abdsa129k9ujkqe9so2a1koeb2
    REQUEST MCA：model::delete@content
    REQUEST SQL：DELETE FROM x_model_field WHERE modelid = 62 AND siteid = '1'
    REQUEST SQL：DROP TABLE x_post_1_test
    REQUEST SQL：DELETE FROM x_model WHERE modelid = 62 AND siteid = '1'
--- SHUTDOWN TIME --- 1368401379.0077 (0.040414810180664)sec
--- STARTUP TIME --- 1368401379.0223
    SESSION_ID：abdsa129k9ujkqe9so2a1koeb2
    REQUEST MCA：model::init@content
    REQUEST SQL：SELECT COUNT(*) AS NextPHP_COUNT FROM x_model WHERE siteid = '1' AND type = '0'
    REQUEST SQL：SELECT * FROM x_model WHERE siteid = '1' AND type = '0' LIMIT 0, 20  
    REQUEST SQL：SELECT * FROM x_model WHERE type = '0' 
--- SHUTDOWN TIME --- 1368401379.1062 (0.083889007568359)sec
--- STARTUP TIME --- 1368401398.6704
    SESSION_ID：abdsa129k9ujkqe9so2a1koeb2
    REQUEST MCA：model::add@content
--- SHUTDOWN TIME --- 1368401398.6881 (0.017693996429443)sec
--- STARTUP TIME --- 1368401404.4119
    SESSION_ID：abdsa129k9ujkqe9so2a1koeb2
    REQUEST MCA：model::add@content
    REQUEST SQL：INSERT INTO x_model (name,tablename,description,show_view,siteid) VALUES ('测试','test','','','1')
    REQUEST SQL：CREATE TABLE `x_post_1` (  `id` mediumint(8) unsigned NOT NULL auto_increment,  `modelid` smallint(5) unsigned NOT NULL default '0',  `catid` smallint(5) unsigned NOT NULL default '0',  `title` char(80) NOT NULL default '',  `keywords` char(40) NOT NULL default '',  `description` char(255) NOT NULL default '',  `posids` tinyint(1) unsigned NOT NULL default '0',  `thumb` char(100) NOT NULL default '',  `islink` tinyint(1) unsigned NOT NULL default '0',  `url` char(100) NOT NULL,  `listorder` tinyint(3) unsigned NOT NULL default '0',  `status` tinyint(2) unsigned NOT NULL default '1',  `username` char(20) NOT NULL,  `inputtime` int(10) unsigned NOT NULL default '0',  `updatetime` int(10) unsigned NOT NULL default '0',  `view` varchar(30) NOT NULL,  PRIMARY KEY  (`id`),  KEY `status` (`status`,`listorder`,`id`),  KEY `listorder` (`catid`,`status`,`listorder`,`id`),  KEY `catid` (`catid`,`status`,`id`)) ENGINE=MyISAM DEFAULT CHARSET=utf8
    REQUEST SQL：INSERT INTO `x_model_field` (`modelid`, `siteid`, `field`, `name`, `tips`, `css`, `minlength`, `maxlength`, `pattern`, `errortips`, `formtype`, `setting`, `formattribute`, `unsetgroupids`, `unsetroleids`, `iscore`, `isunique`, `isbase`, `issearch`, `isadd`, `isfulltext`, `isposition`, `listorder`, `disabled`) VALUES(0, 1, 'catid', '栏目', '', '', 1, 6, '/^[0-9]{1,6}$/', '请选择栏目', 'catid', '{"defaultvalue":""}', '', '-99', '-99', 0, 0, 1, 1, 1, 0, 0, 10, 0)
    REQUEST SQL：INSERT INTO `x_model_field` (`modelid`, `siteid`, `field`, `name`, `tips`, `css`, `minlength`, `maxlength`, `pattern`, `errortips`, `formtype`, `setting`, `formattribute`, `unsetgroupids`, `unsetroleids`, `iscore`, `isunique`, `isbase`, `issearch`, `isadd`, `isfulltext`, `isposition`, `listorder`, `disabled`) VALUES(0, 1, 'title', '标题', '', 'inputtitle', 1, 80, '', '请输入标题', 'title', '[]', '', '', '', 0, 0, 1, 1, 1, 1, 1, 20, 0)
    REQUEST SQL：INSERT INTO `x_model_field` (`modelid`, `siteid`, `field`, `name`, `tips`, `css`, `minlength`, `maxlength`, `pattern`, `errortips`, `formtype`, `setting`, `formattribute`, `unsetgroupids`, `unsetroleids`, `iscore`, `isunique`, `isbase`, `issearch`, `isadd`, `isfulltext`, `isposition`, `listorder`, `disabled`) VALUES(0, 1, 'keywords', '关键词', '多关键词之间用空格或者“,”隔开', '', 0, 40, '', '', 'keyword', '{"size":"100","defaultvalue":""}', '', '-99', '-99', 0, 0, 1, 1, 1, 1, 0, 30, 0)
    REQUEST SQL：INSERT INTO `x_model_field` (`modelid`, `siteid`, `field`, `name`, `tips`, `css`, `minlength`, `maxlength`, `pattern`, `errortips`, `formtype`, `setting`, `formattribute`, `unsetgroupids`, `unsetroleids`, `iscore`, `isunique`, `isbase`, `issearch`, `isadd`, `isfulltext`, `isposition`, `listorder`, `disabled`) VALUES(0, 1, 'description', '摘要', '', '', 0, 255, '', '', 'textarea', '{"width":"98","height":"46","defaultvalue":"","enablehtml":"0"}', '', '', '', 0, 0, 1, 0, 1, 1, 1, 40, 0)
    REQUEST SQL：INSERT INTO `x_model_field` (`modelid`, `siteid`, `field`, `name`, `tips`, `css`, `minlength`, `maxlength`, `pattern`, `errortips`, `formtype`, `setting`, `formattribute`, `unsetgroupids`, `unsetroleids`, `iscore`, `isunique`, `isbase`, `issearch`, `isadd`, `isfulltext`, `isposition`, `listorder`, `disabled`) VALUES(0, 1, 'posids', '推荐位', '', '', 0, 0, '', '', 'posid', '{"cols":"4","width":"125"}', '', '', '', 0, 0, 1, 0, 0, 0, 0, 70, 0)
    REQUEST SQL：INSERT INTO `x_model_field` (`modelid`, `siteid`, `field`, `name`, `tips`, `css`, `minlength`, `maxlength`, `pattern`, `errortips`, `formtype`, `setting`, `formattribute`, `unsetgroupids`, `unsetroleids`, `iscore`, `isunique`, `isbase`, `issearch`, `isadd`, `isfulltext`, `isposition`, `listorder`, `disabled`) VALUES(0, 1, 'islink', '转向链接', '', '', 0, 0, '', '', 'islink', '[]', '', '', '', 0, 0, 1, 0, 1, 0, 0, 60, 0)
    REQUEST SQL：INSERT INTO `x_model_field` (`modelid`, `siteid`, `field`, `name`, `tips`, `css`, `minlength`, `maxlength`, `pattern`, `errortips`, `formtype`, `setting`, `formattribute`, `unsetgroupids`, `unsetroleids`, `iscore`, `isunique`, `isbase`, `issearch`, `isadd`, `isfulltext`, `isposition`, `listorder`, `disabled`) VALUES(0, 1, 'inputtime', '发布时间', '', '', 0, 0, '', '', 'datetime', '{"fieldtype":"int","format":"Y-m-d H:i:s","defaulttype":"0"}', '', '', '', 0, 0, 0, 0, 0, 0, 1, 80, 0)
    REQUEST SQL：INSERT INTO `x_model_field` (`modelid`, `siteid`, `field`, `name`, `tips`, `css`, `minlength`, `maxlength`, `pattern`, `errortips`, `formtype`, `setting`, `formattribute`, `unsetgroupids`, `unsetroleids`, `iscore`, `isunique`, `isbase`, `issearch`, `isadd`, `isfulltext`, `isposition`, `listorder`, `disabled`) VALUES(0, 1, 'updatetime', '更新时间', '', '', 0, 0, '', '', 'datetime', '{"dateformat":"int","format":"Y-m-d H:i:s","defaulttype":"1","defaultvalue":""}', '', '', '', 1, 0, 1, 0, 0, 0, 0, 90, 0)
    REQUEST SQL：INSERT INTO `x_model_field` (`modelid`, `siteid`, `field`, `name`, `tips`, `css`, `minlength`, `maxlength`, `pattern`, `errortips`, `formtype`, `setting`, `formattribute`, `unsetgroupids`, `unsetroleids`, `iscore`, `isunique`, `isbase`, `issearch`, `isadd`, `isfulltext`, `isposition`, `listorder`, `disabled`) VALUES(0, 1, 'thumb', '缩略图', '', '', 0, 100, '', '', 'image', '{"size":"50","defaultvalue":"","show_type":"1","upload_maxsize":"1024","upload_allowext":"jpg|jpeg|gif|png|bmp","watermark":"0","isselectimage":"1","images_width":"","images_height":""}', '', '', '', 0, 0, 0, 0, 1, 0, 1, 50, 0)
    REQUEST SQL：INSERT INTO `x_model_field` (`modelid`, `siteid`, `field`, `name`, `tips`, `css`, `minlength`, `maxlength`, `pattern`, `errortips`, `formtype`, `setting`, `formattribute`, `unsetgroupids`, `unsetroleids`, `iscore`, `isunique`, `isbase`, `issearch`, `isadd`, `isfulltext`, `isposition`, `listorder`, `disabled`) VALUES(0, 1, 'url', 'URL', '', '', 0, 100, '', '', 'text', '[]', '', '', '', 1, 0, 1, 0, 0, 0, 0, 100, 0)
    REQUEST SQL：INSERT INTO `x_model_field` (`modelid`, `siteid`, `field`, `name`, `tips`, `css`, `minlength`, `maxlength`, `pattern`, `errortips`, `formtype`, `setting`, `formattribute`, `unsetgroupids`, `unsetroleids`, `iscore`, `isunique`, `isbase`, `issearch`, `isadd`, `isfulltext`, `isposition`, `listorder`, `disabled`) VALUES(0, 1, 'listorder', '排序', '', '', 0, 6, '', '', 'number', '[]', '', '', '', 1, 0, 1, 0, 0, 0, 0, 110, 0)
    REQUEST SQL：INSERT INTO `x_model_field` (`modelid`, `siteid`, `field`, `name`, `tips`, `css`, `minlength`, `maxlength`, `pattern`, `errortips`, `formtype`, `setting`, `formattribute`, `unsetgroupids`, `unsetroleids`, `iscore`, `isunique`, `isbase`, `issearch`, `isadd`, `isfulltext`, `isposition`, `listorder`, `disabled`) VALUES(0, 1, 'status', '状态', '', '', 0, 2, '', '', 'box', '[]', '', '', '', 1, 0, 1, 0, 0, 0, 0, 120, 0)
    REQUEST SQL：INSERT INTO `x_model_field` (`modelid`, `siteid`, `field`, `name`, `tips`, `css`, `minlength`, `maxlength`, `pattern`, `errortips`, `formtype`, `setting`, `formattribute`, `unsetgroupids`, `unsetroleids`, `iscore`, `isunique`, `isbase`, `issearch`, `isadd`, `isfulltext`, `isposition`, `listorder`, `disabled`) VALUES(0, 1, 'username', '用户名', '', '', 0, 20, '', '', 'text', '[]', '', '', '', 1, 0, 1, 0, 0, 0, 0, 130, 0)
    REQUEST SQL：INSERT INTO `x_model_field` (`modelid`, `siteid`, `field`, `name`, `tips`, `css`, `minlength`, `maxlength`, `pattern`, `errortips`, `formtype`, `setting`, `formattribute`, `unsetgroupids`, `unsetroleids`, `iscore`, `isunique`, `isbase`, `issearch`, `isadd`, `isfulltext`, `isposition`, `listorder`, `disabled`) VALUES(0, 1, 'view', '内容页模板', '', '', 0, 30, '', '', 'view', '{"size":"","defaultvalue":""}', '', '-99', '-99', 0, 0, 0, 0, 0, 0, 0, 140, 0);
    REQUEST SQL：CREATE TABLE `x_post_1_test` (  `id` mediumint(8) unsigned default '0',  `content` text NOT NULL,  `comment` tinyint(1) unsigned NOT NULL default '1',  `relation` varchar(255) NOT NULL default '',  KEY `id` (`id`)) ENGINE=MyISAM DEFAULT CHARSET=utf8
    REQUEST SQL：INSERT INTO `x_model_field` (`modelid`, `siteid`, `field`, `name`, `tips`, `css`, `minlength`, `maxlength`, `pattern`, `errortips`, `formtype`, `setting`, `formattribute`, `unsetgroupids`, `unsetroleids`, `iscore`, `isunique`, `isbase`, `issearch`, `isadd`, `isfulltext`, `isposition`, `listorder`, `disabled`) VALUES(63, 1, 'content', '内容', '', '', 1, 999999, '', '内容不能为空', 'editor', '{"toolbar":"basic","defaultvalue":"","enablesaveimage":"0","height":"200"}', '', '', '', 0, 0, 1, 0, 1, 1, 0, 51, 0)
    REQUEST SQL：INSERT INTO `x_model_field` (`modelid`, `siteid`, `field`, `name`, `tips`, `css`, `minlength`, `maxlength`, `pattern`, `errortips`, `formtype`, `setting`, `formattribute`, `unsetgroupids`, `unsetroleids`, `iscore`, `isunique`, `isbase`, `issearch`, `isadd`, `isfulltext`, `isposition`, `listorder`, `disabled`) VALUES(63, 1, 'comment', '评论', '', '', 0, 0, '', '', 'box', '{"options":"\u5141\u8bb8\u8bc4\u8bba|1\\r\\n\u4e0d\u5141\u8bb8\u8bc4\u8bba|0","boxtype":"radio","fieldtype":"tinyint","minnumber":"1","width":"88","size":"1","defaultvalue":"1","outputtype":"0"}', '', '', '', 0, 0, 0, 0, 0, 0, 0, 81, 0);
    REQUEST SQL：SELECT * FROM x_model_field WHERE modelid = '0' AND siteid = '1' ORDER BY listorder ASC 
    REQUEST SQL：SELECT * FROM x_model_field WHERE modelid = '63' AND disabled = '0' ORDER BY listorder ASC 
--- SHUTDOWN TIME --- 1368401404.6468 (0.2348518371582)sec
--- STARTUP TIME --- 1368401404.663
    SESSION_ID：abdsa129k9ujkqe9so2a1koeb2
    REQUEST MCA：model::init@content
    REQUEST SQL：SELECT COUNT(*) AS NextPHP_COUNT FROM x_model WHERE siteid = '1' AND type = '0'
    REQUEST SQL：SELECT * FROM x_model WHERE siteid = '1' AND type = '0' LIMIT 0, 20  
    REQUEST SQL：SELECT * FROM x_model WHERE type = '0' 
--- SHUTDOWN TIME --- 1368401404.7619 (0.098917961120605)sec
--- STARTUP TIME --- 1368401407.5219
    SESSION_ID：abdsa129k9ujkqe9so2a1koeb2
    REQUEST MCA：field::init@content
    REQUEST SQL：SELECT * FROM x_model_field WHERE modelid = '0' AND siteid = '1' ORDER BY listorder ASC 
    REQUEST SQL：SELECT * FROM x_model_field WHERE modelid = 63 ORDER BY listorder ASC 
--- SHUTDOWN TIME --- 1368401407.564 (0.042057991027832)sec
--- STARTUP TIME --- 1368401410.79
    SESSION_ID：abdsa129k9ujkqe9so2a1koeb2
    REQUEST MCA：field::priview@content
    8 | Undefined index:  size         | D:\ESSamp\wwwroot\NextPHPFramework\cache\cache_model\cache_data\content_form.php | 279
--- SHUTDOWN TIME --- 1368401410.8185 (0.028465986251831)sec
--- STARTUP TIME --- 1368401477.8096
    SESSION_ID：abdsa129k9ujkqe9so2a1koeb2
    REQUEST MCA：model::delete@content
    REQUEST SQL：DELETE FROM x_model_field WHERE modelid = 63 AND siteid = '1'
    REQUEST SQL：DROP TABLE x_post_1_test
    REQUEST SQL：DELETE FROM x_model WHERE modelid = 63 AND siteid = '1'
--- SHUTDOWN TIME --- 1368401477.8496 (0.039928197860718)sec
--- STARTUP TIME --- 1368401477.8615
    SESSION_ID：abdsa129k9ujkqe9so2a1koeb2
    REQUEST MCA：model::init@content
    REQUEST SQL：SELECT COUNT(*) AS NextPHP_COUNT FROM x_model WHERE siteid = '1' AND type = '0'
    REQUEST SQL：SELECT * FROM x_model WHERE siteid = '1' AND type = '0' LIMIT 0, 20  
    REQUEST SQL：SELECT * FROM x_model WHERE type = '0' 
--- SHUTDOWN TIME --- 1368401477.9473 (0.085873126983643)sec
--- STARTUP TIME --- 1368401496.0108
    SESSION_ID：abdsa129k9ujkqe9so2a1koeb2
    REQUEST MCA：model::add@content
--- SHUTDOWN TIME --- 1368401496.0292 (0.01836109161377)sec
--- STARTUP TIME --- 1368401503.8677
    SESSION_ID：abdsa129k9ujkqe9so2a1koeb2
    REQUEST MCA：model::add@content
    REQUEST SQL：INSERT INTO x_model (name,tablename,description,show_view,siteid) VALUES ('测试','test','','','1')
    REQUEST SQL：CREATE TABLE `x_post_1` (  `id` mediumint(8) unsigned NOT NULL auto_increment,  `modelid` smallint(5) unsigned NOT NULL default '0',  `catid` smallint(5) unsigned NOT NULL default '0',  `title` char(80) NOT NULL default '',  `keywords` char(40) NOT NULL default '',  `description` char(255) NOT NULL default '',  `posids` tinyint(1) unsigned NOT NULL default '0',  `thumb` char(100) NOT NULL default '',  `islink` tinyint(1) unsigned NOT NULL default '0',  `url` char(100) NOT NULL,  `listorder` tinyint(3) unsigned NOT NULL default '0',  `status` tinyint(2) unsigned NOT NULL default '1',  `username` char(20) NOT NULL,  `inputtime` int(10) unsigned NOT NULL default '0',  `updatetime` int(10) unsigned NOT NULL default '0',  `view` varchar(30) NOT NULL,  PRIMARY KEY  (`id`),  KEY `status` (`status`,`listorder`,`id`),  KEY `listorder` (`catid`,`status`,`listorder`,`id`),  KEY `catid` (`catid`,`status`,`id`)) ENGINE=MyISAM DEFAULT CHARSET=utf8
    REQUEST SQL：INSERT INTO `x_model_field` (`modelid`, `siteid`, `field`, `name`, `tips`, `css`, `minlength`, `maxlength`, `pattern`, `errortips`, `formtype`, `setting`, `formattribute`, `unsetgroupids`, `unsetroleids`, `iscore`, `isunique`, `isbase`, `issearch`, `isadd`, `isfulltext`, `isposition`, `listorder`, `disabled`) VALUES(0, 1, 'catid', '栏目', '', '', 1, 6, '/^[0-9]{1,6}$/', '请选择栏目', 'catid', '{"defaultvalue":""}', '', '-99', '-99', 0, 0, 1, 1, 1, 0, 0, 10, 0)
    REQUEST SQL：INSERT INTO `x_model_field` (`modelid`, `siteid`, `field`, `name`, `tips`, `css`, `minlength`, `maxlength`, `pattern`, `errortips`, `formtype`, `setting`, `formattribute`, `unsetgroupids`, `unsetroleids`, `iscore`, `isunique`, `isbase`, `issearch`, `isadd`, `isfulltext`, `isposition`, `listorder`, `disabled`) VALUES(0, 1, 'title', '标题', '', 'inputtitle', 1, 80, '', '请输入标题', 'title', '[]', '', '', '', 0, 0, 1, 1, 1, 1, 1, 20, 0)
    REQUEST SQL：INSERT INTO `x_model_field` (`modelid`, `siteid`, `field`, `name`, `tips`, `css`, `minlength`, `maxlength`, `pattern`, `errortips`, `formtype`, `setting`, `formattribute`, `unsetgroupids`, `unsetroleids`, `iscore`, `isunique`, `isbase`, `issearch`, `isadd`, `isfulltext`, `isposition`, `listorder`, `disabled`) VALUES(0, 1, 'keywords', '关键词', '多关键词之间用空格或者“,”隔开', '', 0, 40, '', '', 'keyword', '{"size":"100","defaultvalue":""}', '', '-99', '-99', 0, 0, 1, 1, 1, 1, 0, 30, 0)
    REQUEST SQL：INSERT INTO `x_model_field` (`modelid`, `siteid`, `field`, `name`, `tips`, `css`, `minlength`, `maxlength`, `pattern`, `errortips`, `formtype`, `setting`, `formattribute`, `unsetgroupids`, `unsetroleids`, `iscore`, `isunique`, `isbase`, `issearch`, `isadd`, `isfulltext`, `isposition`, `listorder`, `disabled`) VALUES(0, 1, 'description', '摘要', '', '', 0, 255, '', '', 'textarea', '{"width":"98","height":"46","defaultvalue":"","enablehtml":"0"}', '', '', '', 0, 0, 1, 0, 1, 1, 1, 40, 0)
    REQUEST SQL：INSERT INTO `x_model_field` (`modelid`, `siteid`, `field`, `name`, `tips`, `css`, `minlength`, `maxlength`, `pattern`, `errortips`, `formtype`, `setting`, `formattribute`, `unsetgroupids`, `unsetroleids`, `iscore`, `isunique`, `isbase`, `issearch`, `isadd`, `isfulltext`, `isposition`, `listorder`, `disabled`) VALUES(0, 1, 'posids', '推荐位', '', '', 0, 0, '', '', 'posid', '{"cols":"4","width":"125"}', '', '', '', 0, 0, 1, 0, 0, 0, 0, 70, 0)
    REQUEST SQL：INSERT INTO `x_model_field` (`modelid`, `siteid`, `field`, `name`, `tips`, `css`, `minlength`, `maxlength`, `pattern`, `errortips`, `formtype`, `setting`, `formattribute`, `unsetgroupids`, `unsetroleids`, `iscore`, `isunique`, `isbase`, `issearch`, `isadd`, `isfulltext`, `isposition`, `listorder`, `disabled`) VALUES(0, 1, 'islink', '转向链接', '', '', 0, 0, '', '', 'islink', '{"size":"50"}', '', '', '', 0, 0, 1, 0, 1, 0, 0, 60, 0)
    REQUEST SQL：INSERT INTO `x_model_field` (`modelid`, `siteid`, `field`, `name`, `tips`, `css`, `minlength`, `maxlength`, `pattern`, `errortips`, `formtype`, `setting`, `formattribute`, `unsetgroupids`, `unsetroleids`, `iscore`, `isunique`, `isbase`, `issearch`, `isadd`, `isfulltext`, `isposition`, `listorder`, `disabled`) VALUES(0, 1, 'inputtime', '发布时间', '', '', 0, 0, '', '', 'datetime', '{"fieldtype":"int","format":"Y-m-d H:i:s","defaulttype":"0"}', '', '', '', 0, 0, 0, 0, 0, 0, 1, 80, 0)
    REQUEST SQL：INSERT INTO `x_model_field` (`modelid`, `siteid`, `field`, `name`, `tips`, `css`, `minlength`, `maxlength`, `pattern`, `errortips`, `formtype`, `setting`, `formattribute`, `unsetgroupids`, `unsetroleids`, `iscore`, `isunique`, `isbase`, `issearch`, `isadd`, `isfulltext`, `isposition`, `listorder`, `disabled`) VALUES(0, 1, 'updatetime', '更新时间', '', '', 0, 0, '', '', 'datetime', '{"dateformat":"int","format":"Y-m-d H:i:s","defaulttype":"1","defaultvalue":""}', '', '', '', 1, 0, 1, 0, 0, 0, 0, 90, 0)
    REQUEST SQL：INSERT INTO `x_model_field` (`modelid`, `siteid`, `field`, `name`, `tips`, `css`, `minlength`, `maxlength`, `pattern`, `errortips`, `formtype`, `setting`, `formattribute`, `unsetgroupids`, `unsetroleids`, `iscore`, `isunique`, `isbase`, `issearch`, `isadd`, `isfulltext`, `isposition`, `listorder`, `disabled`) VALUES(0, 1, 'thumb', '缩略图', '', '', 0, 100, '', '', 'image', '{"size":"50","defaultvalue":"","show_type":"1","upload_maxsize":"1024","upload_allowext":"jpg|jpeg|gif|png|bmp","watermark":"0","isselectimage":"1","images_width":"","images_height":""}', '', '', '', 0, 0, 0, 0, 1, 0, 1, 50, 0)
    REQUEST SQL：INSERT INTO `x_model_field` (`modelid`, `siteid`, `field`, `name`, `tips`, `css`, `minlength`, `maxlength`, `pattern`, `errortips`, `formtype`, `setting`, `formattribute`, `unsetgroupids`, `unsetroleids`, `iscore`, `isunique`, `isbase`, `issearch`, `isadd`, `isfulltext`, `isposition`, `listorder`, `disabled`) VALUES(0, 1, 'url', 'URL', '', '', 0, 100, '', '', 'text', '[]', '', '', '', 1, 0, 1, 0, 0, 0, 0, 100, 0)
    REQUEST SQL：INSERT INTO `x_model_field` (`modelid`, `siteid`, `field`, `name`, `tips`, `css`, `minlength`, `maxlength`, `pattern`, `errortips`, `formtype`, `setting`, `formattribute`, `unsetgroupids`, `unsetroleids`, `iscore`, `isunique`, `isbase`, `issearch`, `isadd`, `isfulltext`, `isposition`, `listorder`, `disabled`) VALUES(0, 1, 'listorder', '排序', '', '', 0, 6, '', '', 'number', '[]', '', '', '', 1, 0, 1, 0, 0, 0, 0, 110, 0)
    REQUEST SQL：INSERT INTO `x_model_field` (`modelid`, `siteid`, `field`, `name`, `tips`, `css`, `minlength`, `maxlength`, `pattern`, `errortips`, `formtype`, `setting`, `formattribute`, `unsetgroupids`, `unsetroleids`, `iscore`, `isunique`, `isbase`, `issearch`, `isadd`, `isfulltext`, `isposition`, `listorder`, `disabled`) VALUES(0, 1, 'status', '状态', '', '', 0, 2, '', '', 'box', '[]', '', '', '', 1, 0, 1, 0, 0, 0, 0, 120, 0)
    REQUEST SQL：INSERT INTO `x_model_field` (`modelid`, `siteid`, `field`, `name`, `tips`, `css`, `minlength`, `maxlength`, `pattern`, `errortips`, `formtype`, `setting`, `formattribute`, `unsetgroupids`, `unsetroleids`, `iscore`, `isunique`, `isbase`, `issearch`, `isadd`, `isfulltext`, `isposition`, `listorder`, `disabled`) VALUES(0, 1, 'username', '用户名', '', '', 0, 20, '', '', 'text', '[]', '', '', '', 1, 0, 1, 0, 0, 0, 0, 130, 0)
    REQUEST SQL：INSERT INTO `x_model_field` (`modelid`, `siteid`, `field`, `name`, `tips`, `css`, `minlength`, `maxlength`, `pattern`, `errortips`, `formtype`, `setting`, `formattribute`, `unsetgroupids`, `unsetroleids`, `iscore`, `isunique`, `isbase`, `issearch`, `isadd`, `isfulltext`, `isposition`, `listorder`, `disabled`) VALUES(0, 1, 'view', '内容页模板', '', '', 0, 30, '', '', 'view', '{"size":"","defaultvalue":""}', '', '-99', '-99', 0, 0, 0, 0, 0, 0, 0, 140, 0);
    REQUEST SQL：CREATE TABLE `x_post_1_test` (  `id` mediumint(8) unsigned default '0',  `content` text NOT NULL,  `comment` tinyint(1) unsigned NOT NULL default '1',  `relation` varchar(255) NOT NULL default '',  KEY `id` (`id`)) ENGINE=MyISAM DEFAULT CHARSET=utf8
    REQUEST SQL：INSERT INTO `x_model_field` (`modelid`, `siteid`, `field`, `name`, `tips`, `css`, `minlength`, `maxlength`, `pattern`, `errortips`, `formtype`, `setting`, `formattribute`, `unsetgroupids`, `unsetroleids`, `iscore`, `isunique`, `isbase`, `issearch`, `isadd`, `isfulltext`, `isposition`, `listorder`, `disabled`) VALUES(64, 1, 'content', '内容', '', '', 1, 999999, '', '内容不能为空', 'editor', '{"toolbar":"basic","defaultvalue":"","enablesaveimage":"0","height":"200"}', '', '', '', 0, 0, 1, 0, 1, 1, 0, 51, 0)
    REQUEST SQL：INSERT INTO `x_model_field` (`modelid`, `siteid`, `field`, `name`, `tips`, `css`, `minlength`, `maxlength`, `pattern`, `errortips`, `formtype`, `setting`, `formattribute`, `unsetgroupids`, `unsetroleids`, `iscore`, `isunique`, `isbase`, `issearch`, `isadd`, `isfulltext`, `isposition`, `listorder`, `disabled`) VALUES(64, 1, 'comment', '评论', '', '', 0, 0, '', '', 'box', '{"options":"\u5141\u8bb8\u8bc4\u8bba|1\\r\\n\u4e0d\u5141\u8bb8\u8bc4\u8bba|0","boxtype":"radio","fieldtype":"tinyint","minnumber":"1","width":"88","size":"1","defaultvalue":"1","outputtype":"0"}', '', '', '', 0, 0, 0, 0, 0, 0, 0, 81, 0);
    REQUEST SQL：SELECT * FROM x_model_field WHERE modelid = '0' AND siteid = '1' ORDER BY listorder ASC 
    REQUEST SQL：SELECT * FROM x_model_field WHERE modelid = '64' AND disabled = '0' ORDER BY listorder ASC 
--- SHUTDOWN TIME --- 1368401504.0671 (0.19942617416382)sec
--- STARTUP TIME --- 1368401504.08
    SESSION_ID：abdsa129k9ujkqe9so2a1koeb2
    REQUEST MCA：model::init@content
    REQUEST SQL：SELECT COUNT(*) AS NextPHP_COUNT FROM x_model WHERE siteid = '1' AND type = '0'
    REQUEST SQL：SELECT * FROM x_model WHERE siteid = '1' AND type = '0' LIMIT 0, 20  
    REQUEST SQL：SELECT * FROM x_model WHERE type = '0' 
--- SHUTDOWN TIME --- 1368401504.1646 (0.084532976150513)sec
--- STARTUP TIME --- 1368401507.6122
    SESSION_ID：abdsa129k9ujkqe9so2a1koeb2
    REQUEST MCA：field::init@content
    REQUEST SQL：SELECT * FROM x_model_field WHERE modelid = '0' AND siteid = '1' ORDER BY listorder ASC 
    REQUEST SQL：SELECT * FROM x_model_field WHERE modelid = 64 ORDER BY listorder ASC 
--- SHUTDOWN TIME --- 1368401507.6508 (0.038654088973999)sec
--- STARTUP TIME --- 1368401508.7124
    SESSION_ID：abdsa129k9ujkqe9so2a1koeb2
    REQUEST MCA：field::priview@content
--- STARTUP TIME --- 1368401561.2328
    SESSION_ID：abdsa129k9ujkqe9so2a1koeb2
    REQUEST MCA：model::init@content
    REQUEST SQL：SELECT COUNT(*) AS NextPHP_COUNT FROM x_model WHERE siteid = '1' AND type = '0'
    REQUEST SQL：SELECT * FROM x_model WHERE siteid = '1' AND type = '0' LIMIT 0, 20  
    REQUEST SQL：SELECT * FROM x_model WHERE type = '0' 
--- SHUTDOWN TIME --- 1368401561.3279 (0.09510612487793)sec
--- STARTUP TIME --- 1368401563.9358
    SESSION_ID：abdsa129k9ujkqe9so2a1koeb2
    REQUEST MCA：field::priview@content
--- SHUTDOWN TIME --- 1368401563.963 (0.027251958847046)sec
--- STARTUP TIME --- 1368401602.023
    SESSION_ID：abdsa129k9ujkqe9so2a1koeb2
    REQUEST MCA：field::add@content
    REQUEST SQL：SELECT field,name FROM x_model_field WHERE modelid = 64 ORDER BY listorder ASC 
--- SHUTDOWN TIME --- 1368401602.055 (0.031998872756958)sec
--- STARTUP TIME --- 1368401702.8524
    SESSION_ID：abdsa129k9ujkqe9so2a1koeb2
    REQUEST MCA：field::init@content
    REQUEST SQL：SELECT * FROM x_model_field WHERE modelid = '0' AND siteid = '1' ORDER BY listorder ASC 
    REQUEST SQL：SELECT * FROM x_model_field WHERE modelid = 64 ORDER BY listorder ASC 
--- SHUTDOWN TIME --- 1368401702.8908 (0.0383460521698)sec
--- STARTUP TIME --- 1368401717.3567
    SESSION_ID：abdsa129k9ujkqe9so2a1koeb2
    REQUEST MCA：field::priview@content
--- SHUTDOWN TIME --- 1368401717.3806 (0.023905992507935)sec
--- STARTUP TIME --- 1368401729.3188
    SESSION_ID：abdsa129k9ujkqe9so2a1koeb2
    REQUEST MCA：field::priview@content
--- SHUTDOWN TIME --- 1368401729.3444 (0.025544881820679)sec
--- STARTUP TIME --- 1368401746.8502
    SESSION_ID：abdsa129k9ujkqe9so2a1koeb2
    REQUEST MCA：field::priview@content
--- SHUTDOWN TIME --- 1368401746.8781 (0.027845144271851)sec
--- STARTUP TIME --- 1368401916.4269
    SESSION_ID：abdsa129k9ujkqe9so2a1koeb2
    REQUEST MCA：model::init@content
    REQUEST SQL：SELECT COUNT(*) AS NextPHP_COUNT FROM x_model WHERE siteid = '1' AND type = '0'
    REQUEST SQL：SELECT * FROM x_model WHERE siteid = '1' AND type = '0' LIMIT 0, 20  
    REQUEST SQL：SELECT * FROM x_model WHERE type = '0' 
--- SHUTDOWN TIME --- 1368401916.5235 (0.096651792526245)sec
--- STARTUP TIME --- 1368401918.111
    SESSION_ID：abdsa129k9ujkqe9so2a1koeb2
    REQUEST MCA：field::priview@content
--- SHUTDOWN TIME --- 1368401918.1392 (0.028181076049805)sec
--- STARTUP TIME --- 1368402089.0367
    SESSION_ID：abdsa129k9ujkqe9so2a1koeb2
    REQUEST MCA：category::init@content
    [D:\ESSamp\wwwroot\NextPHPFramework\module\content\controller\category.php][content_controller_category]Class or Interface Not Defined
    [D:\ESSamp\wwwroot\NextPHPFramework\module\content\controller\category.php][content_controller_category]Class or Interface Not Defined
--- STARTUP TIME --- 1368402089.8528
    SESSION_ID：abdsa129k9ujkqe9so2a1koeb2
    REQUEST MCA：model::init@content
    REQUEST SQL：SELECT COUNT(*) AS NextPHP_COUNT FROM x_model WHERE siteid = '1' AND type = '0'
    REQUEST SQL：SELECT * FROM x_model WHERE siteid = '1' AND type = '0' LIMIT 0, 20  
    REQUEST SQL：SELECT * FROM x_model WHERE type = '0' 
--- SHUTDOWN TIME --- 1368402089.9492 (0.096413135528564)sec
--- STARTUP TIME --- 1368402096.189
    SESSION_ID：abdsa129k9ujkqe9so2a1koeb2
    REQUEST MCA：field::priview@content
--- SHUTDOWN TIME --- 1368402096.221 (0.032060146331787)sec
--- STARTUP TIME --- 1368402179.0978
    SESSION_ID：abdsa129k9ujkqe9so2a1koeb2
    REQUEST MCA：model::init@content
    REQUEST SQL：SELECT COUNT(*) AS NextPHP_COUNT FROM x_model WHERE siteid = '1' AND type = '0'
    REQUEST SQL：SELECT * FROM x_model WHERE siteid = '1' AND type = '0' LIMIT 0, 20  
    REQUEST SQL：SELECT * FROM x_model WHERE type = '0' 
--- SHUTDOWN TIME --- 1368402179.1957 (0.097904920578003)sec
--- STARTUP TIME --- 1368402181.6442
    SESSION_ID：abdsa129k9ujkqe9so2a1koeb2
    REQUEST MCA：category::init@content
    [action_init]Action does not exist.
--- SHUTDOWN TIME --- 1368402181.6669 (0.02267599105835)sec
--- STARTUP TIME --- 1368402217.5965
    SESSION_ID：abdsa129k9ujkqe9so2a1koeb2
    REQUEST MCA：category::init@content
    2 | file_get_contents(D:\ESSamp\wwwroot\NextPHPFramework\module\content\view\category\init.php) [<a href='function.file-get-contents'>function.file-get-contents</a>]: failed to open stream: No such file or directory | D:\ESSamp\wwwroot\NextPHPFramework\framework\class\view.php | 16
--- SHUTDOWN TIME --- 1368402217.6189 (0.022463083267212)sec
--- STARTUP TIME --- 1368402318.6028
    SESSION_ID：abdsa129k9ujkqe9so2a1koeb2
    REQUEST MCA：category::init@content
--- SHUTDOWN TIME --- 1368402318.6352 (0.032361030578613)sec
--- STARTUP TIME --- 1368402320.9924
    SESSION_ID：abdsa129k9ujkqe9so2a1koeb2
    REQUEST MCA：category::add@content
    [action_add]Action does not exist.
--- SHUTDOWN TIME --- 1368402321.0205 (0.028130769729614)sec
--- STARTUP TIME --- 1368402345.9621
    SESSION_ID：abdsa129k9ujkqe9so2a1koeb2
    REQUEST MCA：index::menuleft@admin
    REQUEST SQL：SELECT * FROM x_menu WHERE parentid = 5 AND display = 1 ORDER BY listorder ASC 
    REQUEST SQL：SELECT * FROM x_menu WHERE parentid = 6 AND display = 1 ORDER BY listorder ASC 
    REQUEST SQL：SELECT * FROM x_menu WHERE parentid = 13 AND display = 1 ORDER BY listorder ASC 
    REQUEST SQL：SELECT * FROM x_menu WHERE parentid = 12 AND display = 1 ORDER BY listorder ASC 
    REQUEST SQL：SELECT * FROM x_menu WHERE parentid = 103 AND display = 1 ORDER BY listorder ASC 
--- SHUTDOWN TIME --- 1368402346.0282 (0.066133975982666)sec
--- STARTUP TIME --- 1368402346.593
    SESSION_ID：abdsa129k9ujkqe9so2a1koeb2
    REQUEST MCA：menu::init@admin
    REQUEST SQL：SELECT * FROM x_menu ORDER BY listorder ASC,id DESC 
--- SHUTDOWN TIME --- 1368402346.7059 (0.11286902427673)sec
--- STARTUP TIME --- 1368402378.0934
    SESSION_ID：abdsa129k9ujkqe9so2a1koeb2
    REQUEST MCA：index::menuleft@admin
    REQUEST SQL：SELECT * FROM x_menu WHERE parentid = 92 AND display = 1 ORDER BY listorder ASC 
    REQUEST SQL：SELECT * FROM x_menu WHERE parentid = 93 AND display = 1 ORDER BY listorder ASC 
--- SHUTDOWN TIME --- 1368402378.1235 (0.030083894729614)sec
--- STARTUP TIME --- 1368402378.9613
    SESSION_ID：abdsa129k9ujkqe9so2a1koeb2
    REQUEST MCA：model::init@content
    REQUEST SQL：SELECT COUNT(*) AS NextPHP_COUNT FROM x_model WHERE siteid = '1' AND type = '0'
    REQUEST SQL：SELECT * FROM x_model WHERE siteid = '1' AND type = '0' LIMIT 0, 20  
    REQUEST SQL：SELECT * FROM x_model WHERE type = '0' 
--- SHUTDOWN TIME --- 1368402379.0631 (0.10184788703918)sec
--- STARTUP TIME --- 1368402380.3088
    SESSION_ID：abdsa129k9ujkqe9so2a1koeb2
    REQUEST MCA：category::init@content
--- SHUTDOWN TIME --- 1368402380.3427 (0.033899068832397)sec
--- STARTUP TIME --- 1368402402.2019
    SESSION_ID：abdsa129k9ujkqe9so2a1koeb2
    REQUEST MCA：category::init@content
--- SHUTDOWN TIME --- 1368402402.2236 (0.021703004837036)sec
--- STARTUP TIME --- 1368402796.2769
    SESSION_ID：abdsa129k9ujkqe9so2a1koeb2
    REQUEST MCA：index::menuleft@admin
    REQUEST SQL：SELECT * FROM x_menu WHERE parentid = 5 AND display = 1 ORDER BY listorder ASC 
    REQUEST SQL：SELECT * FROM x_menu WHERE parentid = 6 AND display = 1 ORDER BY listorder ASC 
    REQUEST SQL：SELECT * FROM x_menu WHERE parentid = 13 AND display = 1 ORDER BY listorder ASC 
    REQUEST SQL：SELECT * FROM x_menu WHERE parentid = 12 AND display = 1 ORDER BY listorder ASC 
    REQUEST SQL：SELECT * FROM x_menu WHERE parentid = 103 AND display = 1 ORDER BY listorder ASC 
--- SHUTDOWN TIME --- 1368402796.328 (0.05105996131897)sec
--- STARTUP TIME --- 1368402797.5925
    SESSION_ID：abdsa129k9ujkqe9so2a1koeb2
    REQUEST MCA：menu::init@admin
    REQUEST SQL：SELECT * FROM x_menu ORDER BY listorder ASC,id DESC 
--- SHUTDOWN TIME --- 1368402797.6435 (0.051078796386719)sec
--- STARTUP TIME --- 1368402816.3317
    SESSION_ID：abdsa129k9ujkqe9so2a1koeb2
    REQUEST MCA：menu::add@admin
    REQUEST SQL：SELECT * FROM x_menu 
--- SHUTDOWN TIME --- 1368402816.3827 (0.050999164581299)sec
--- STARTUP TIME --- 1368402841.561
    SESSION_ID：abdsa129k9ujkqe9so2a1koeb2
    REQUEST MCA：menu::add@admin
    REQUEST SQL：INSERT INTO x_menu (parentid,name,m,c,a,data,display,sys,acl_type) VALUES ('94','排序','content','category','listorder','','1','0','0')
--- SHUTDOWN TIME --- 1368402841.5891 (0.028155088424683)sec
--- STARTUP TIME --- 1368402841.606
    SESSION_ID：abdsa129k9ujkqe9so2a1koeb2
    REQUEST MCA：menu::init@admin
    REQUEST SQL：SELECT * FROM x_menu ORDER BY listorder ASC,id DESC 
--- SHUTDOWN TIME --- 1368402841.6568 (0.05085301399231)sec
--- STARTUP TIME --- 1368402851.1992
    SESSION_ID：abdsa129k9ujkqe9so2a1koeb2
    REQUEST MCA：index::menuleft@admin
    REQUEST SQL：SELECT * FROM x_menu WHERE parentid = 92 AND display = 1 ORDER BY listorder ASC 
    REQUEST SQL：SELECT * FROM x_menu WHERE parentid = 93 AND display = 1 ORDER BY listorder ASC 
--- SHUTDOWN TIME --- 1368402851.236 (0.036786794662476)sec
--- STARTUP TIME --- 1368402852.4316
    SESSION_ID：abdsa129k9ujkqe9so2a1koeb2
    REQUEST MCA：model::init@content
    REQUEST SQL：SELECT COUNT(*) AS NextPHP_COUNT FROM x_model WHERE siteid = '1' AND type = '0'
    REQUEST SQL：SELECT * FROM x_model WHERE siteid = '1' AND type = '0' LIMIT 0, 20  
    REQUEST SQL：SELECT * FROM x_model WHERE type = '0' 
--- SHUTDOWN TIME --- 1368402852.529 (0.097384929656982)sec
--- STARTUP TIME --- 1368402871.7288
    SESSION_ID：abdsa129k9ujkqe9so2a1koeb2
    REQUEST MCA：category::init@content
--- SHUTDOWN TIME --- 1368402871.7492 (0.020405054092407)sec
--- STARTUP TIME --- 1368454161.2451
    SESSION_ID：5hbpu7f64lru7vq56rfmsl1uv0
    REQUEST MCA：index::login@admin
--- SHUTDOWN TIME --- 1368454161.344 (0.098916053771973)sec
--- STARTUP TIME --- 1368454215.4378
    SESSION_ID：5hbpu7f64lru7vq56rfmsl1uv0
    REQUEST MCA：index::login@admin
    REQUEST SQL：SELECT * FROM x_times WHERE email = 'ivup@ivup.cn' AND isadmin = 1 
    REQUEST SQL：SELECT * FROM x_user WHERE email = 'ivup@ivup.cn' 
    REQUEST SQL：UPDATE x_user SET lastloginip='127.0.0.1',lastlogintime=1368454215 WHERE userid = '1'
--- SHUTDOWN TIME --- 1368454215.5222 (0.084403991699219)sec
--- STARTUP TIME --- 1368454215.6869
    SESSION_ID：5hbpu7f64lru7vq56rfmsl1uv0
    REQUEST MCA：index::init@admin
    REQUEST SQL：SELECT * FROM x_site 
    REQUEST SQL：SELECT * FROM x_menu WHERE parentid = 1 AND display = 1 ORDER BY listorder ASC 
    REQUEST SQL：SELECT * FROM x_menu WHERE parentid = 4 AND display = 1 ORDER BY listorder ASC 
    REQUEST SQL：SELECT * FROM x_menu WHERE parentid = 20 AND display = 1 ORDER BY listorder ASC 
--- SHUTDOWN TIME --- 1368454215.7934 (0.10644292831421)sec
--- STARTUP TIME --- 1368454217.4558
    SESSION_ID：5hbpu7f64lru7vq56rfmsl1uv0
    REQUEST MCA：index::menuleft@admin
    REQUEST SQL：SELECT * FROM x_menu WHERE parentid = 92 AND display = 1 ORDER BY listorder ASC 
    REQUEST SQL：SELECT * FROM x_menu WHERE parentid = 93 AND display = 1 ORDER BY listorder ASC 
--- SHUTDOWN TIME --- 1368454217.4899 (0.034165143966675)sec
--- STARTUP TIME --- 1368454218.7947
    SESSION_ID：5hbpu7f64lru7vq56rfmsl1uv0
    REQUEST MCA：category::init@content
--- SHUTDOWN TIME --- 1368454218.8176 (0.02289605140686)sec
--- STARTUP TIME --- 1368454220.0764
    SESSION_ID：5hbpu7f64lru7vq56rfmsl1uv0
    REQUEST MCA：model::init@content
    REQUEST SQL：SELECT COUNT(*) AS NextPHP_COUNT FROM x_model WHERE siteid = '1' AND type = '0'
    REQUEST SQL：SELECT * FROM x_model WHERE siteid = '1' AND type = '0' LIMIT 0, 20  
    REQUEST SQL：SELECT * FROM x_model WHERE type = '0' 
--- SHUTDOWN TIME --- 1368454220.2136 (0.13728499412537)sec
--- STARTUP TIME --- 1368455023.1191
    SESSION_ID：5hbpu7f64lru7vq56rfmsl1uv0
    REQUEST MCA：category::init@content
--- SHUTDOWN TIME --- 1368455023.1406 (0.021527051925659)sec
--- STARTUP TIME --- 1368455023.6831
    SESSION_ID：5hbpu7f64lru7vq56rfmsl1uv0
    REQUEST MCA：model::init@content
    REQUEST SQL：SELECT COUNT(*) AS NextPHP_COUNT FROM x_model WHERE siteid = '1' AND type = '0'
    REQUEST SQL：SELECT * FROM x_model WHERE siteid = '1' AND type = '0' LIMIT 0, 20  
    REQUEST SQL：SELECT * FROM x_model WHERE type = '0' 
--- SHUTDOWN TIME --- 1368455023.7857 (0.10259699821472)sec
--- STARTUP TIME --- 1368455025.0959
    SESSION_ID：5hbpu7f64lru7vq56rfmsl1uv0
    REQUEST MCA：field::init@content
    REQUEST SQL：SELECT * FROM x_model_field WHERE modelid = '0' AND siteid = '1' ORDER BY listorder ASC 
    REQUEST SQL：SELECT * FROM x_model_field WHERE modelid = 64 ORDER BY listorder ASC 
--- SHUTDOWN TIME --- 1368455025.1636 (0.067754983901978)sec
--- STARTUP TIME --- 1368455026.1479
    SESSION_ID：5hbpu7f64lru7vq56rfmsl1uv0
    REQUEST MCA：field::priview@content
--- SHUTDOWN TIME --- 1368455026.1914 (0.043519973754883)sec
