--- STARTUP TIME --- 1369810507.7045
    SESSION_ID：rgava3g96mhk0m2vr9rcjb3rc6
    REQUEST MCA：test::init@test
    ACL-1-test-test item does not in configuration file
--- SHUTDOWN TIME --- 1369810507.8336 (0.12905502319336)sec
--- STARTUP TIME --- 1369810509.5201
    SESSION_ID：rgava3g96mhk0m2vr9rcjb3rc6
    REQUEST MCA：index::login@admin
--- SHUTDOWN TIME --- 1369810509.8453 (0.32523608207703)sec
--- STARTUP TIME --- 1369813676.2754
    SESSION_ID：rgava3g96mhk0m2vr9rcjb3rc6
    REQUEST MCA：test::init@test
    ACL-1-test-test item does not in configuration file
--- SHUTDOWN TIME --- 1369813676.3014 (0.025933027267456)sec
--- STARTUP TIME --- 1369813680.9576
    SESSION_ID：rgava3g96mhk0m2vr9rcjb3rc6
    REQUEST MCA：index::login@admin
--- SHUTDOWN TIME --- 1369813680.9811 (0.023509979248047)sec
--- STARTUP TIME --- 1369813691.3702
    SESSION_ID：rgava3g96mhk0m2vr9rcjb3rc6
    REQUEST MCA：index::login@admin
    REQUEST SQL：SELECT * FROM x_times WHERE email = 'ivup@ivup.cn' AND isadmin = 1 
    REQUEST SQL：SELECT * FROM x_user WHERE email = 'ivup@ivup.cn' 
    REQUEST SQL：UPDATE x_user SET lastloginip='127.0.0.1',lastlogintime=1369813691 WHERE userid = '1'
--- SHUTDOWN TIME --- 1369813691.607 (0.23685097694397)sec
--- STARTUP TIME --- 1369813691.6287
    SESSION_ID：rgava3g96mhk0m2vr9rcjb3rc6
    REQUEST MCA：index::init@admin
    REQUEST SQL：SELECT * FROM x_site 
    REQUEST SQL：SELECT * FROM x_menu WHERE parentid = 1 AND display = 1 ORDER BY listorder ASC 
    REQUEST SQL：SELECT * FROM x_menu WHERE parentid = 4 AND display = 1 ORDER BY listorder ASC 
    REQUEST SQL：SELECT * FROM x_menu WHERE parentid = 20 AND display = 1 ORDER BY listorder ASC 
--- SHUTDOWN TIME --- 1369813691.8996 (0.27083587646484)sec
--- STARTUP TIME --- 1369813696.4616
    SESSION_ID：rgava3g96mhk0m2vr9rcjb3rc6
    REQUEST MCA：test::init@test
--- STARTUP TIME --- 1369813768.8098
    SESSION_ID：rgava3g96mhk0m2vr9rcjb3rc6
    REQUEST MCA：test::init@test
--- STARTUP TIME --- 1369813807.9681
    SESSION_ID：rgava3g96mhk0m2vr9rcjb3rc6
    REQUEST MCA：test::init@test
    REQUEST SQL：SELECT * FROM x_menu 
--- SHUTDOWN TIME --- 1369813807.989 (0.020896196365356)sec
--- STARTUP TIME --- 1369814284.7564
    SESSION_ID：rgava3g96mhk0m2vr9rcjb3rc6
    REQUEST MCA：test::init@test
    REQUEST SQL：SELECT * FROM x_menu 
--- SHUTDOWN TIME --- 1369814284.7831 (0.026721000671387)sec
--- STARTUP TIME --- 1369814285.3735
    SESSION_ID：rgava3g96mhk0m2vr9rcjb3rc6
    REQUEST MCA：test::init@test
    REQUEST SQL：SELECT * FROM x_menu 
--- SHUTDOWN TIME --- 1369814285.3953 (0.02180004119873)sec
--- STARTUP TIME --- 1369814285.8567
    SESSION_ID：rgava3g96mhk0m2vr9rcjb3rc6
    REQUEST MCA：test::init@test
    REQUEST SQL：SELECT * FROM x_menu 
--- SHUTDOWN TIME --- 1369814285.8776 (0.020901918411255)sec
--- STARTUP TIME --- 1369814286.0809
    SESSION_ID：rgava3g96mhk0m2vr9rcjb3rc6
    REQUEST MCA：test::init@test
    REQUEST SQL：SELECT * FROM x_menu 
--- SHUTDOWN TIME --- 1369814286.1022 (0.021296977996826)sec
--- STARTUP TIME --- 1369814286.2577
    SESSION_ID：rgava3g96mhk0m2vr9rcjb3rc6
    REQUEST MCA：test::init@test
    REQUEST SQL：SELECT * FROM x_menu 
--- SHUTDOWN TIME --- 1369814286.2821 (0.024330139160156)sec
--- STARTUP TIME --- 1369814286.4169
    SESSION_ID：rgava3g96mhk0m2vr9rcjb3rc6
    REQUEST MCA：test::init@test
    REQUEST SQL：SELECT * FROM x_menu 
--- SHUTDOWN TIME --- 1369814286.4559 (0.03899097442627)sec
--- STARTUP TIME --- 1369814286.5932
    SESSION_ID：rgava3g96mhk0m2vr9rcjb3rc6
    REQUEST MCA：test::init@test
    REQUEST SQL：SELECT * FROM x_menu 
--- SHUTDOWN TIME --- 1369814286.6165 (0.023217916488647)sec
--- STARTUP TIME --- 1369814373.4188
    SESSION_ID：rgava3g96mhk0m2vr9rcjb3rc6
    REQUEST MCA：test::init@test
    REQUEST SQL：SELECT * FROM x_menu 
--- SHUTDOWN TIME --- 1369814373.4466 (0.0278160572052)sec
--- STARTUP TIME --- 1369814375.1604
    SESSION_ID：rgava3g96mhk0m2vr9rcjb3rc6
    REQUEST MCA：test::init@test
    REQUEST SQL：SELECT * FROM x_menu 
--- SHUTDOWN TIME --- 1369814375.185 (0.024623870849609)sec
--- STARTUP TIME --- 1369814435.9919
    SESSION_ID：rgava3g96mhk0m2vr9rcjb3rc6
    REQUEST MCA：test::init@test
--- STARTUP TIME --- 1369814459.3992
    SESSION_ID：rgava3g96mhk0m2vr9rcjb3rc6
    REQUEST MCA：test::init@test
--- STARTUP TIME --- 1369814562.4101
    SESSION_ID：rgava3g96mhk0m2vr9rcjb3rc6
    REQUEST MCA：test::init@test
    REQUEST SQL：SELECT * FROM x_menu 
--- SHUTDOWN TIME --- 1369814562.4462 (0.036103963851929)sec
--- STARTUP TIME --- 1369814574.5385
    SESSION_ID：rgava3g96mhk0m2vr9rcjb3rc6
    REQUEST MCA：test::init@test
    REQUEST SQL：SELECT * FROM x_menu 
--- SHUTDOWN TIME --- 1369814574.5737 (0.035120010375977)sec
--- STARTUP TIME --- 1369814598.5855
    SESSION_ID：rgava3g96mhk0m2vr9rcjb3rc6
    REQUEST MCA：test::init@test
--- STARTUP TIME --- 1369814663.1635
    SESSION_ID：rgava3g96mhk0m2vr9rcjb3rc6
    REQUEST MCA：test::init@test
--- STARTUP TIME --- 1369814689.0161
    SESSION_ID：rgava3g96mhk0m2vr9rcjb3rc6
    REQUEST MCA：test::init@test
    REQUEST SQL：SELECT * FROM x_menu 
--- SHUTDOWN TIME --- 1369814689.0518 (0.03564715385437)sec
--- STARTUP TIME --- 1369814707.0226
    SESSION_ID：rgava3g96mhk0m2vr9rcjb3rc6
    REQUEST MCA：test::init@test
    REQUEST SQL：SELECT * FROM x_menu 
--- SHUTDOWN TIME --- 1369814707.0534 (0.030817985534668)sec
--- STARTUP TIME --- 1369814707.8143
    SESSION_ID：rgava3g96mhk0m2vr9rcjb3rc6
    REQUEST MCA：test::init@test
    REQUEST SQL：SELECT * FROM x_menu 
--- SHUTDOWN TIME --- 1369814707.8416 (0.027345895767212)sec
--- STARTUP TIME --- 1369814708.0534
    SESSION_ID：rgava3g96mhk0m2vr9rcjb3rc6
    REQUEST MCA：test::init@test
    REQUEST SQL：SELECT * FROM x_menu 
--- SHUTDOWN TIME --- 1369814708.0815 (0.028146028518677)sec
--- STARTUP TIME --- 1369814764.4093
    SESSION_ID：rgava3g96mhk0m2vr9rcjb3rc6
    REQUEST MCA：test::init@test
    REQUEST SQL：SELECT * FROM x_menu 
--- SHUTDOWN TIME --- 1369814764.4373 (0.028034925460815)sec
--- STARTUP TIME --- 1369814764.5634
    SESSION_ID：rgava3g96mhk0m2vr9rcjb3rc6
    REQUEST MCA：test::init@test
    REQUEST SQL：SELECT * FROM x_menu 
--- SHUTDOWN TIME --- 1369814764.5952 (0.031813859939575)sec
--- STARTUP TIME --- 1369814765.4038
    SESSION_ID：rgava3g96mhk0m2vr9rcjb3rc6
    REQUEST MCA：test::init@test
    REQUEST SQL：SELECT * FROM x_menu 
--- SHUTDOWN TIME --- 1369814765.4327 (0.028914928436279)sec
--- STARTUP TIME --- 1369814766.5358
    SESSION_ID：rgava3g96mhk0m2vr9rcjb3rc6
    REQUEST MCA：test::init@test
    REQUEST SQL：SELECT * FROM x_menu 
--- SHUTDOWN TIME --- 1369814766.5644 (0.028563022613525)sec
--- STARTUP TIME --- 1369814767.1594
    SESSION_ID：rgava3g96mhk0m2vr9rcjb3rc6
    REQUEST MCA：test::init@test
    REQUEST SQL：SELECT * FROM x_menu 
--- SHUTDOWN TIME --- 1369814767.1884 (0.028974056243896)sec
--- STARTUP TIME --- 1369814767.7033
    SESSION_ID：rgava3g96mhk0m2vr9rcjb3rc6
    REQUEST MCA：test::init@test
    REQUEST SQL：SELECT * FROM x_menu 
--- SHUTDOWN TIME --- 1369814767.7321 (0.028784036636353)sec
--- STARTUP TIME --- 1369814768.2239
    SESSION_ID：rgava3g96mhk0m2vr9rcjb3rc6
    REQUEST MCA：test::init@test
    REQUEST SQL：SELECT * FROM x_menu 
--- SHUTDOWN TIME --- 1369814768.2538 (0.029900074005127)sec
--- STARTUP TIME --- 1369814768.6469
    SESSION_ID：rgava3g96mhk0m2vr9rcjb3rc6
    REQUEST MCA：test::init@test
    REQUEST SQL：SELECT * FROM x_menu 
--- SHUTDOWN TIME --- 1369814768.6763 (0.029394865036011)sec
--- STARTUP TIME --- 1369814769.0511
    SESSION_ID：rgava3g96mhk0m2vr9rcjb3rc6
    REQUEST MCA：test::init@test
    REQUEST SQL：SELECT * FROM x_menu 
--- SHUTDOWN TIME --- 1369814769.0814 (0.030333042144775)sec
--- STARTUP TIME --- 1369814769.2914
    SESSION_ID：rgava3g96mhk0m2vr9rcjb3rc6
    REQUEST MCA：test::init@test
    REQUEST SQL：SELECT * FROM x_menu 
--- SHUTDOWN TIME --- 1369814769.3213 (0.029851913452148)sec
--- STARTUP TIME --- 1369814769.5076
    SESSION_ID：rgava3g96mhk0m2vr9rcjb3rc6
    REQUEST MCA：test::init@test
    REQUEST SQL：SELECT * FROM x_menu 
--- SHUTDOWN TIME --- 1369814769.5395 (0.031826972961426)sec
--- STARTUP TIME --- 1369814769.6909
    SESSION_ID：rgava3g96mhk0m2vr9rcjb3rc6
    REQUEST MCA：test::init@test
    REQUEST SQL：SELECT * FROM x_menu 
--- SHUTDOWN TIME --- 1369814769.7211 (0.030272006988525)sec
--- STARTUP TIME --- 1369814769.8672
    SESSION_ID：rgava3g96mhk0m2vr9rcjb3rc6
    REQUEST MCA：test::init@test
    REQUEST SQL：SELECT * FROM x_menu 
--- SHUTDOWN TIME --- 1369814769.8971 (0.029919147491455)sec
--- STARTUP TIME --- 1369814770.0434
    SESSION_ID：rgava3g96mhk0m2vr9rcjb3rc6
    REQUEST MCA：test::init@test
    REQUEST SQL：SELECT * FROM x_menu 
--- SHUTDOWN TIME --- 1369814770.0748 (0.031408071517944)sec
--- STARTUP TIME --- 1369814780.5839
    SESSION_ID：rgava3g96mhk0m2vr9rcjb3rc6
    REQUEST MCA：test::init@test
    REQUEST SQL：SELECT * FROM x_menu 
--- SHUTDOWN TIME --- 1369814780.6265 (0.042517900466919)sec
--- STARTUP TIME --- 1369814781.1434
    SESSION_ID：rgava3g96mhk0m2vr9rcjb3rc6
    REQUEST MCA：test::init@test
    REQUEST SQL：SELECT * FROM x_menu 
--- SHUTDOWN TIME --- 1369814781.174 (0.030587911605835)sec
--- STARTUP TIME --- 1369814781.3192
    SESSION_ID：rgava3g96mhk0m2vr9rcjb3rc6
    REQUEST MCA：test::init@test
    REQUEST SQL：SELECT * FROM x_menu 
--- SHUTDOWN TIME --- 1369814781.3511 (0.031831026077271)sec
--- STARTUP TIME --- 1369814781.4784
    SESSION_ID：rgava3g96mhk0m2vr9rcjb3rc6
    REQUEST MCA：test::init@test
    REQUEST SQL：SELECT * FROM x_menu 
--- SHUTDOWN TIME --- 1369814781.5102 (0.031821012496948)sec
--- STARTUP TIME --- 1369814781.6235
    SESSION_ID：rgava3g96mhk0m2vr9rcjb3rc6
    REQUEST MCA：test::init@test
    REQUEST SQL：SELECT * FROM x_menu 
--- SHUTDOWN TIME --- 1369814781.6555 (0.032013893127441)sec
--- STARTUP TIME --- 1369814830.7362
    SESSION_ID：rgava3g96mhk0m2vr9rcjb3rc6
    REQUEST MCA：test::init@test
    REQUEST SQL：SELECT COUNT(*) AS NextPHP_COUNT FROM x_menu
    REQUEST SQL：SELECT * FROM x_menu LIMIT 0, 20  
--- SHUTDOWN TIME --- 1369814830.8828 (0.14663910865784)sec
--- STARTUP TIME --- 1369814832.4547
    SESSION_ID：rgava3g96mhk0m2vr9rcjb3rc6
    REQUEST MCA：test::init@test
    REQUEST SQL：SELECT COUNT(*) AS NextPHP_COUNT FROM x_menu
    REQUEST SQL：SELECT * FROM x_menu LIMIT 0, 20  
--- SHUTDOWN TIME --- 1369814832.4911 (0.03646183013916)sec
--- STARTUP TIME --- 1369814837.5699
    SESSION_ID：rgava3g96mhk0m2vr9rcjb3rc6
    REQUEST MCA：test::init@test
    REQUEST SQL：SELECT COUNT(*) AS NextPHP_COUNT FROM x_menu
    REQUEST SQL：SELECT * FROM x_menu LIMIT 20, 20  
--- SHUTDOWN TIME --- 1369814837.6073 (0.037369966506958)sec
--- STARTUP TIME --- 1369814838.3055
    SESSION_ID：rgava3g96mhk0m2vr9rcjb3rc6
    REQUEST MCA：test::init@test
    REQUEST SQL：SELECT COUNT(*) AS NextPHP_COUNT FROM x_menu
    REQUEST SQL：SELECT * FROM x_menu LIMIT 20, 20  
--- SHUTDOWN TIME --- 1369814838.3393 (0.033796072006226)sec
--- STARTUP TIME --- 1369814838.4632
    SESSION_ID：rgava3g96mhk0m2vr9rcjb3rc6
    REQUEST MCA：test::init@test
    REQUEST SQL：SELECT COUNT(*) AS NextPHP_COUNT FROM x_menu
    REQUEST SQL：SELECT * FROM x_menu LIMIT 20, 20  
--- SHUTDOWN TIME --- 1369814838.4971 (0.033926963806152)sec
--- STARTUP TIME --- 1369814856.7539
    SESSION_ID：rgava3g96mhk0m2vr9rcjb3rc6
    REQUEST MCA：test::init@test
    REQUEST SQL：SELECT COUNT(*) AS NextPHP_COUNT FROM x_menu
    REQUEST SQL：SELECT * FROM x_menu LIMIT 0, 20  
--- SHUTDOWN TIME --- 1369814856.7884 (0.034433126449585)sec
--- STARTUP TIME --- 1369814858.681
    SESSION_ID：rgava3g96mhk0m2vr9rcjb3rc6
    REQUEST MCA：test::init@test
    REQUEST SQL：SELECT COUNT(*) AS NextPHP_COUNT FROM x_menu
    REQUEST SQL：SELECT * FROM x_menu LIMIT 0, 20  
--- SHUTDOWN TIME --- 1369814858.7171 (0.036104917526245)sec
--- STARTUP TIME --- 1369815656.4087
    SESSION_ID：rgava3g96mhk0m2vr9rcjb3rc6
    REQUEST MCA：test::init@test
--- SHUTDOWN TIME --- 1369815656.4327 (0.024024963378906)sec
--- STARTUP TIME --- 1369816598.2876
    SESSION_ID：rgava3g96mhk0m2vr9rcjb3rc6
    REQUEST MCA：test::init@test
    REQUEST SQL：SELECT COUNT(*) AS NextPHP_COUNT FROM x_menu
    REQUEST SQL：SELECT * FROM x_menu LIMIT 0, 20  
--- SHUTDOWN TIME --- 1369816598.3966 (0.1090259552002)sec
--- STARTUP TIME --- 1369818413.9103
    SESSION_ID：rgava3g96mhk0m2vr9rcjb3rc6
    REQUEST MCA：test::init@test
    REQUEST SQL：SELECT COUNT(*) AS NextPHP_COUNT FROM x_menu
    REQUEST SQL：SELECT TOP 0, 20 * FROM x_menu 
--- SHUTDOWN TIME --- 1369818413.9528 (0.04256796836853)sec
--- STARTUP TIME --- 1369820373.1502
    SESSION_ID：bcsdt6i7bc0fp74rs4ju4d3em6
    REQUEST MCA：test::init@test
    ACL-1-test-test item does not in configuration file
--- SHUTDOWN TIME --- 1369820373.1822 (0.032073020935059)sec
--- STARTUP TIME --- 1369820377.6255
    SESSION_ID：bcsdt6i7bc0fp74rs4ju4d3em6
    REQUEST MCA：index::login@admin
--- SHUTDOWN TIME --- 1369820377.6538 (0.02832818031311)sec
--- STARTUP TIME --- 1369820388.4673
    SESSION_ID：bcsdt6i7bc0fp74rs4ju4d3em6
    REQUEST MCA：index::login@admin
    REQUEST SQL：SELECT * FROM x_times WHERE email = 'ivup@ivup.cn' AND isadmin = 1 
    REQUEST SQL：SELECT * FROM x_user WHERE email = 'ivup@ivup.cn' 
    REQUEST SQL：UPDATE x_user SET lastloginip='127.0.0.1',lastlogintime=1369820388 WHERE userid = '1'
--- SHUTDOWN TIME --- 1369820388.5234 (0.056145906448364)sec
--- STARTUP TIME --- 1369820388.8457
    SESSION_ID：bcsdt6i7bc0fp74rs4ju4d3em6
    REQUEST MCA：index::init@admin
    REQUEST SQL：SELECT * FROM x_site 
    REQUEST SQL：SELECT * FROM x_menu WHERE parentid = 1 AND display = 1 ORDER BY listorder ASC 
    REQUEST SQL：SELECT * FROM x_menu WHERE parentid = 4 AND display = 1 ORDER BY listorder ASC 
    REQUEST SQL：SELECT * FROM x_menu WHERE parentid = 20 AND display = 1 ORDER BY listorder ASC 
--- SHUTDOWN TIME --- 1369820388.9067 (0.061008930206299)sec
--- STARTUP TIME --- 1369820393.7278
    SESSION_ID：bcsdt6i7bc0fp74rs4ju4d3em6
    REQUEST MCA：test::init@test
    REQUEST SQL：SELECT* FROM x_menu 
--- SHUTDOWN TIME --- 1369820393.7698 (0.041962862014771)sec
--- STARTUP TIME --- 1369834322.5556
    SESSION_ID：9lrfbobe9cu1tqji5nen9143r2
    REQUEST MCA：test::init@test
    ACL-1-test-test item does not in configuration file
--- SHUTDOWN TIME --- 1369834325.9357 (3.3800919055939)sec
--- STARTUP TIME --- 1369834332.2544
    SESSION_ID：9lrfbobe9cu1tqji5nen9143r2
    REQUEST MCA：index::login@admin
--- SHUTDOWN TIME --- 1369834333.4888 (1.2343850135803)sec
--- STARTUP TIME --- 1369834346.3991
    SESSION_ID：9lrfbobe9cu1tqji5nen9143r2
    REQUEST MCA：index::login@admin
    REQUEST SQL：SELECT * FROM x_times WHERE email = 'ivup@ivup.cn' AND isadmin = 1 
    REQUEST SQL：SELECT * FROM x_user WHERE email = 'ivup@ivup.cn' 
    REQUEST SQL：UPDATE x_user SET lastloginip='127.0.0.1',lastlogintime=1369834346 WHERE userid = '1'
--- SHUTDOWN TIME --- 1369834346.8791 (0.48001790046692)sec
--- STARTUP TIME --- 1369834346.9802
    SESSION_ID：9lrfbobe9cu1tqji5nen9143r2
    REQUEST MCA：index::init@admin
    REQUEST SQL：SELECT * FROM x_site 
    REQUEST SQL：SELECT * FROM x_menu WHERE parentid = 1 AND display = 1 ORDER BY listorder ASC 
    REQUEST SQL：SELECT * FROM x_menu WHERE parentid = 4 AND display = 1 ORDER BY listorder ASC 
    REQUEST SQL：SELECT * FROM x_menu WHERE parentid = 20 AND display = 1 ORDER BY listorder ASC 
--- SHUTDOWN TIME --- 1369834347.7157 (0.73550415039062)sec
--- STARTUP TIME --- 1369834353.6009
    SESSION_ID：9lrfbobe9cu1tqji5nen9143r2
    REQUEST MCA：test::init@test
--- STARTUP TIME --- 1369834400.1512
    SESSION_ID：9lrfbobe9cu1tqji5nen9143r2
    REQUEST MCA：test::init@test
    REQUEST SQL：SELECT* FROM x_menu 
--- SHUTDOWN TIME --- 1369834400.7425 (0.59125590324402)sec
--- STARTUP TIME --- 1369838781.1156
    SESSION_ID：9lrfbobe9cu1tqji5nen9143r2
    REQUEST MCA：test::init@test
--- SHUTDOWN TIME --- 1369838781.1413 (0.025722026824951)sec
--- STARTUP TIME --- 1369838803.2243
    SESSION_ID：9lrfbobe9cu1tqji5nen9143r2
    REQUEST MCA：test::init@test
--- SHUTDOWN TIME --- 1369838803.2518 (0.027478933334351)sec
--- STARTUP TIME --- 1369838822.1222
    SESSION_ID：9lrfbobe9cu1tqji5nen9143r2
    REQUEST MCA：test::init@test
--- SHUTDOWN TIME --- 1369838822.1499 (0.027683019638062)sec
--- STARTUP TIME --- 1369838839.1614
    SESSION_ID：9lrfbobe9cu1tqji5nen9143r2
    REQUEST MCA：test::init@test
    REQUEST SQL：SELECT COUNT(*) AS NextPHP_COUNT FROM x_menu
    8 | Undefined index:  order        | D:\ESSamp\wwwroot\NextPHPFramework\framework\class\db.php | 415
--- SHUTDOWN TIME --- 1369838839.3595 (0.19806098937988)sec
--- STARTUP TIME --- 1369838912.3074
    SESSION_ID：9lrfbobe9cu1tqji5nen9143r2
    REQUEST MCA：test::init@test
    REQUEST SQL：SELECT COUNT(*) AS NextPHP_COUNT FROM x_menu
    8 | Undefined index:  where        | D:\ESSamp\wwwroot\NextPHPFramework\framework\class\db.php | 453
--- SHUTDOWN TIME --- 1369838912.5691 (0.26166009902954)sec
--- STARTUP TIME --- 1369838941.6943
    SESSION_ID：9lrfbobe9cu1tqji5nen9143r2
    REQUEST MCA：test::init@test
    REQUEST SQL：SELECT COUNT(*) AS NextPHP_COUNT FROM x_menu
    REQUEST SQL：SELECT TOP 20* FROM (SELECT ROW_NUMBER() OVER ( ORDER BY id ASC) AS RowNumber, * FROM x_menu) tempTable ORDER BY id ASC 
--- SHUTDOWN TIME --- 1369838941.7378 (0.043492078781128)sec
--- STARTUP TIME --- 1369838956.4334
    SESSION_ID：9lrfbobe9cu1tqji5nen9143r2
    REQUEST MCA：test::init@test
    REQUEST SQL：SELECT COUNT(*) AS NextPHP_COUNT FROM x_menu
    REQUEST SQL：SELECT TOP 20* FROM (SELECT ROW_NUMBER() OVER ( ORDER BY id ASC) AS RowNumber, * FROM x_menu) tempTable ORDER BY id ASC 
--- SHUTDOWN TIME --- 1369838956.4905 (0.057091236114502)sec
--- STARTUP TIME --- 1369838985.2079
    SESSION_ID：9lrfbobe9cu1tqji5nen9143r2
    REQUEST MCA：test::init@test
    REQUEST SQL：SELECT COUNT(*) AS NextPHP_COUNT FROM x_menu
    REQUEST SQL：SELECT TOP 20* FROM (SELECT ROW_NUMBER() OVER ( ORDER BY id ASC) AS RowNumber, * FROM x_menu) tempTable ORDER BY id ASC 
--- SHUTDOWN TIME --- 1369838985.2472 (0.039309024810791)sec
--- STARTUP TIME --- 1369838990.5454
    SESSION_ID：9lrfbobe9cu1tqji5nen9143r2
    REQUEST MCA：test::init@test
    REQUEST SQL：SELECT COUNT(*) AS NextPHP_COUNT FROM x_menu
    REQUEST SQL：SELECT TOP 20* FROM (SELECT ROW_NUMBER() OVER ( ORDER BY id ASC) AS RowNumber, * FROM x_menu) tempTable ORDER BY id ASC 
--- SHUTDOWN TIME --- 1369838990.5919 (0.046537160873413)sec
--- STARTUP TIME --- 1369839014.6327
    SESSION_ID：9lrfbobe9cu1tqji5nen9143r2
    REQUEST MCA：test::init@test
    REQUEST SQL：SELECT COUNT(*) AS NextPHP_COUNT FROM x_menu
    REQUEST SQL：SELECT TOP 20* FROM (SELECT ROW_NUMBER() OVER ( ORDER BY id ASC) AS RowNumber, * FROM x_menu) tempTable ORDER BY id ASC 
--- SHUTDOWN TIME --- 1369839014.671 (0.038349866867065)sec
--- STARTUP TIME --- 1369839015.2799
    SESSION_ID：9lrfbobe9cu1tqji5nen9143r2
    REQUEST MCA：test::init@test
    REQUEST SQL：SELECT COUNT(*) AS NextPHP_COUNT FROM x_menu
    REQUEST SQL：SELECT TOP 20* FROM (SELECT ROW_NUMBER() OVER ( ORDER BY id ASC) AS RowNumber, * FROM x_menu) tempTable ORDER BY id ASC 
--- SHUTDOWN TIME --- 1369839015.3186 (0.038717985153198)sec
--- STARTUP TIME --- 1369839015.8397
    SESSION_ID：9lrfbobe9cu1tqji5nen9143r2
    REQUEST MCA：test::init@test
    REQUEST SQL：SELECT COUNT(*) AS NextPHP_COUNT FROM x_menu
    REQUEST SQL：SELECT TOP 20* FROM (SELECT ROW_NUMBER() OVER ( ORDER BY id ASC) AS RowNumber, * FROM x_menu) tempTable ORDER BY id ASC 
--- SHUTDOWN TIME --- 1369839015.8791 (0.039314985275269)sec
--- STARTUP TIME --- 1369839039.9228
    SESSION_ID：9lrfbobe9cu1tqji5nen9143r2
    REQUEST MCA：test::init@test
    REQUEST SQL：SELECT COUNT(*) AS NextPHP_COUNT FROM x_menu
    REQUEST SQL：SELECT TOP 20* FROM (SELECT ROW_NUMBER() OVER ( ORDER BY id ASC) AS RowNumber, * FROM x_menu) tempTable ORDER BY id ASC 
--- SHUTDOWN TIME --- 1369839039.9631 (0.040292024612427)sec
--- STARTUP TIME --- 1369839041.6762
    SESSION_ID：9lrfbobe9cu1tqji5nen9143r2
    REQUEST MCA：test::init@test
    REQUEST SQL：SELECT COUNT(*) AS NextPHP_COUNT FROM x_menu
    REQUEST SQL：SELECT TOP 20* FROM (SELECT ROW_NUMBER() OVER ( ORDER BY id ASC) AS RowNumber, * FROM x_menu) tempTable ORDER BY id ASC 
--- SHUTDOWN TIME --- 1369839041.7167 (0.040532827377319)sec
--- STARTUP TIME --- 1369839042.0445
    SESSION_ID：9lrfbobe9cu1tqji5nen9143r2
    REQUEST MCA：test::init@test
    REQUEST SQL：SELECT COUNT(*) AS NextPHP_COUNT FROM x_menu
    REQUEST SQL：SELECT TOP 20* FROM (SELECT ROW_NUMBER() OVER ( ORDER BY id ASC) AS RowNumber, * FROM x_menu) tempTable ORDER BY id ASC 
--- SHUTDOWN TIME --- 1369839042.0835 (0.03899097442627)sec
--- STARTUP TIME --- 1369839042.4436
    SESSION_ID：9lrfbobe9cu1tqji5nen9143r2
    REQUEST MCA：test::init@test
    REQUEST SQL：SELECT COUNT(*) AS NextPHP_COUNT FROM x_menu
    REQUEST SQL：SELECT TOP 20* FROM (SELECT ROW_NUMBER() OVER ( ORDER BY id ASC) AS RowNumber, * FROM x_menu) tempTable ORDER BY id ASC 
--- SHUTDOWN TIME --- 1369839042.4868 (0.043272018432617)sec
--- STARTUP TIME --- 1369839042.6417
    SESSION_ID：9lrfbobe9cu1tqji5nen9143r2
    REQUEST MCA：test::init@test
    REQUEST SQL：SELECT COUNT(*) AS NextPHP_COUNT FROM x_menu
    REQUEST SQL：SELECT TOP 20* FROM (SELECT ROW_NUMBER() OVER ( ORDER BY id ASC) AS RowNumber, * FROM x_menu) tempTable ORDER BY id ASC 
--- SHUTDOWN TIME --- 1369839042.6828 (0.04106879234314)sec
--- STARTUP TIME --- 1369839042.8068
    SESSION_ID：9lrfbobe9cu1tqji5nen9143r2
    REQUEST MCA：test::init@test
    REQUEST SQL：SELECT COUNT(*) AS NextPHP_COUNT FROM x_menu
    REQUEST SQL：SELECT TOP 20* FROM (SELECT ROW_NUMBER() OVER ( ORDER BY id ASC) AS RowNumber, * FROM x_menu) tempTable ORDER BY id ASC 
--- SHUTDOWN TIME --- 1369839042.8513 (0.044456958770752)sec
--- STARTUP TIME --- 1369839043.0842
    SESSION_ID：9lrfbobe9cu1tqji5nen9143r2
    REQUEST MCA：test::init@test
    REQUEST SQL：SELECT COUNT(*) AS NextPHP_COUNT FROM x_menu
    REQUEST SQL：SELECT TOP 20* FROM (SELECT ROW_NUMBER() OVER ( ORDER BY id ASC) AS RowNumber, * FROM x_menu) tempTable ORDER BY id ASC 
--- SHUTDOWN TIME --- 1369839043.1231 (0.038908958435059)sec
--- STARTUP TIME --- 1369839043.2533
    SESSION_ID：9lrfbobe9cu1tqji5nen9143r2
    REQUEST MCA：test::init@test
    REQUEST SQL：SELECT COUNT(*) AS NextPHP_COUNT FROM x_menu
    REQUEST SQL：SELECT TOP 20* FROM (SELECT ROW_NUMBER() OVER ( ORDER BY id ASC) AS RowNumber, * FROM x_menu) tempTable ORDER BY id ASC 
--- SHUTDOWN TIME --- 1369839043.2967 (0.043416023254395)sec
--- STARTUP TIME --- 1369839043.4584
    SESSION_ID：9lrfbobe9cu1tqji5nen9143r2
    REQUEST MCA：test::init@test
    REQUEST SQL：SELECT COUNT(*) AS NextPHP_COUNT FROM x_menu
    REQUEST SQL：SELECT TOP 20* FROM (SELECT ROW_NUMBER() OVER ( ORDER BY id ASC) AS RowNumber, * FROM x_menu) tempTable ORDER BY id ASC 
--- SHUTDOWN TIME --- 1369839043.5011 (0.042664051055908)sec
--- STARTUP TIME --- 1369839043.9323
    SESSION_ID：9lrfbobe9cu1tqji5nen9143r2
    REQUEST MCA：test::init@test
    REQUEST SQL：SELECT COUNT(*) AS NextPHP_COUNT FROM x_menu
    REQUEST SQL：SELECT TOP 20* FROM (SELECT ROW_NUMBER() OVER ( ORDER BY id ASC) AS RowNumber, * FROM x_menu) tempTable ORDER BY id ASC 
--- SHUTDOWN TIME --- 1369839043.9717 (0.039366006851196)sec
--- STARTUP TIME --- 1369839044.1759
    SESSION_ID：9lrfbobe9cu1tqji5nen9143r2
    REQUEST MCA：test::init@test
    REQUEST SQL：SELECT COUNT(*) AS NextPHP_COUNT FROM x_menu
    REQUEST SQL：SELECT TOP 20* FROM (SELECT ROW_NUMBER() OVER ( ORDER BY id ASC) AS RowNumber, * FROM x_menu) tempTable ORDER BY id ASC 
--- SHUTDOWN TIME --- 1369839044.2148 (0.03889799118042)sec
--- STARTUP TIME --- 1369839044.3841
    SESSION_ID：9lrfbobe9cu1tqji5nen9143r2
    REQUEST MCA：test::init@test
    REQUEST SQL：SELECT COUNT(*) AS NextPHP_COUNT FROM x_menu
    REQUEST SQL：SELECT TOP 20* FROM (SELECT ROW_NUMBER() OVER ( ORDER BY id ASC) AS RowNumber, * FROM x_menu) tempTable ORDER BY id ASC 
--- SHUTDOWN TIME --- 1369839044.4251 (0.041001796722412)sec
--- STARTUP TIME --- 1369839050.1251
    SESSION_ID：9lrfbobe9cu1tqji5nen9143r2
    REQUEST MCA：test::inita@test
    [action_inita]Action does not exist.
--- SHUTDOWN TIME --- 1369839050.1531 (0.027928113937378)sec
--- STARTUP TIME --- 1369839052.7221
    SESSION_ID：9lrfbobe9cu1tqji5nen9143r2
    REQUEST MCA：test::init@test
    REQUEST SQL：SELECT COUNT(*) AS NextPHP_COUNT FROM x_menu
    REQUEST SQL：SELECT TOP 20* FROM (SELECT ROW_NUMBER() OVER ( ORDER BY id ASC) AS RowNumber, * FROM x_menu) tempTable ORDER BY id ASC 
--- SHUTDOWN TIME --- 1369839052.7615 (0.039376974105835)sec
--- STARTUP TIME --- 1369839062.0589
    SESSION_ID：9lrfbobe9cu1tqji5nen9143r2
    REQUEST MCA：test::init@test
    REQUEST SQL：SELECT COUNT(*) AS NextPHP_COUNT FROM x_menu
    sql_options:parseOffset methond not exist
    REQUEST SQL：SELECT TOP 20* FROM (SELECT ROW_NUMBER() OVER ( ORDER BY id ASC) AS RowNumber, * FROM x_menu) tempTable ORDER BY id ASC 
--- SHUTDOWN TIME --- 1369839062.105 (0.046054840087891)sec
--- STARTUP TIME --- 1369839063.0139
    SESSION_ID：9lrfbobe9cu1tqji5nen9143r2
    REQUEST MCA：test::init@test
    REQUEST SQL：SELECT COUNT(*) AS NextPHP_COUNT FROM x_menu
    sql_options:parseOffset methond not exist
    REQUEST SQL：SELECT TOP 20* FROM (SELECT ROW_NUMBER() OVER ( ORDER BY id ASC) AS RowNumber, * FROM x_menu) tempTable ORDER BY id ASC 
--- SHUTDOWN TIME --- 1369839063.0586 (0.044615983963013)sec
--- STARTUP TIME --- 1369839063.4006
    SESSION_ID：9lrfbobe9cu1tqji5nen9143r2
    REQUEST MCA：test::init@test
    REQUEST SQL：SELECT COUNT(*) AS NextPHP_COUNT FROM x_menu
    sql_options:parseOffset methond not exist
    REQUEST SQL：SELECT TOP 20* FROM (SELECT ROW_NUMBER() OVER ( ORDER BY id ASC) AS RowNumber, * FROM x_menu) tempTable ORDER BY id ASC 
--- SHUTDOWN TIME --- 1369839063.4454 (0.044795989990234)sec
--- STARTUP TIME --- 1369839063.5947
    SESSION_ID：9lrfbobe9cu1tqji5nen9143r2
    REQUEST MCA：test::init@test
    REQUEST SQL：SELECT COUNT(*) AS NextPHP_COUNT FROM x_menu
    sql_options:parseOffset methond not exist
    REQUEST SQL：SELECT TOP 20* FROM (SELECT ROW_NUMBER() OVER ( ORDER BY id ASC) AS RowNumber, * FROM x_menu) tempTable ORDER BY id ASC 
--- SHUTDOWN TIME --- 1369839063.6427 (0.04796290397644)sec
--- STARTUP TIME --- 1369839063.7699
    SESSION_ID：9lrfbobe9cu1tqji5nen9143r2
    REQUEST MCA：test::init@test
    REQUEST SQL：SELECT COUNT(*) AS NextPHP_COUNT FROM x_menu
    sql_options:parseOffset methond not exist
    REQUEST SQL：SELECT TOP 20* FROM (SELECT ROW_NUMBER() OVER ( ORDER BY id ASC) AS RowNumber, * FROM x_menu) tempTable ORDER BY id ASC 
--- SHUTDOWN TIME --- 1369839063.8176 (0.047704935073853)sec
--- STARTUP TIME --- 1369839063.978
    SESSION_ID：9lrfbobe9cu1tqji5nen9143r2
    REQUEST MCA：test::init@test
    REQUEST SQL：SELECT COUNT(*) AS NextPHP_COUNT FROM x_menu
    sql_options:parseOffset methond not exist
    REQUEST SQL：SELECT TOP 20* FROM (SELECT ROW_NUMBER() OVER ( ORDER BY id ASC) AS RowNumber, * FROM x_menu) tempTable ORDER BY id ASC 
--- SHUTDOWN TIME --- 1369839064.0277 (0.049654960632324)sec
--- STARTUP TIME --- 1369839071.906
    SESSION_ID：9lrfbobe9cu1tqji5nen9143r2
    REQUEST MCA：test::init@test
    REQUEST SQL：SELECT COUNT(*) AS NextPHP_COUNT FROM x_menu
    REQUEST SQL：SELECT TOP 20* FROM (SELECT ROW_NUMBER() OVER ( ORDER BY id ASC) AS RowNumber, * FROM x_menu) tempTable ORDER BY id ASC 
--- SHUTDOWN TIME --- 1369839071.9432 (0.037258863449097)sec
--- STARTUP TIME --- 1369839072.7875
    SESSION_ID：9lrfbobe9cu1tqji5nen9143r2
    REQUEST MCA：test::init@test
    REQUEST SQL：SELECT COUNT(*) AS NextPHP_COUNT FROM x_menu
    REQUEST SQL：SELECT TOP 20* FROM (SELECT ROW_NUMBER() OVER ( ORDER BY id ASC) AS RowNumber, * FROM x_menu) tempTable ORDER BY id ASC 
--- SHUTDOWN TIME --- 1369839072.8144 (0.026950120925903)sec
--- STARTUP TIME --- 1369839073.0701
    SESSION_ID：9lrfbobe9cu1tqji5nen9143r2
    REQUEST MCA：test::init@test
    REQUEST SQL：SELECT COUNT(*) AS NextPHP_COUNT FROM x_menu
    REQUEST SQL：SELECT TOP 20* FROM (SELECT ROW_NUMBER() OVER ( ORDER BY id ASC) AS RowNumber, * FROM x_menu) tempTable ORDER BY id ASC 
--- SHUTDOWN TIME --- 1369839073.0978 (0.027707099914551)sec
--- STARTUP TIME --- 1369839073.2232
    SESSION_ID：9lrfbobe9cu1tqji5nen9143r2
    REQUEST MCA：test::init@test
    REQUEST SQL：SELECT COUNT(*) AS NextPHP_COUNT FROM x_menu
    REQUEST SQL：SELECT TOP 20* FROM (SELECT ROW_NUMBER() OVER ( ORDER BY id ASC) AS RowNumber, * FROM x_menu) tempTable ORDER BY id ASC 
--- SHUTDOWN TIME --- 1369839073.2547 (0.031497955322266)sec
--- STARTUP TIME --- 1369839080.1069
    SESSION_ID：9lrfbobe9cu1tqji5nen9143r2
    REQUEST MCA：test::init@test
    REQUEST SQL：SELECT COUNT(*) AS NextPHP_COUNT FROM x_menu
    REQUEST SQL：SELECT TOP 20* FROM (SELECT ROW_NUMBER() OVER ( ORDER BY id ASC) AS RowNumber, * FROM x_menu) tempTable ORDER BY id ASC 
--- SHUTDOWN TIME --- 1369839080.1376 (0.030668973922729)sec
--- STARTUP TIME --- 1369839080.6779
    SESSION_ID：9lrfbobe9cu1tqji5nen9143r2
    REQUEST MCA：test::init@test
    REQUEST SQL：SELECT COUNT(*) AS NextPHP_COUNT FROM x_menu
    REQUEST SQL：SELECT TOP 20* FROM (SELECT ROW_NUMBER() OVER ( ORDER BY id ASC) AS RowNumber, * FROM x_menu) tempTable ORDER BY id ASC 
--- SHUTDOWN TIME --- 1369839080.7087 (0.030837059020996)sec
--- STARTUP TIME --- 1369839080.9062
    SESSION_ID：9lrfbobe9cu1tqji5nen9143r2
    REQUEST MCA：test::init@test
    REQUEST SQL：SELECT COUNT(*) AS NextPHP_COUNT FROM x_menu
    REQUEST SQL：SELECT TOP 20* FROM (SELECT ROW_NUMBER() OVER ( ORDER BY id ASC) AS RowNumber, * FROM x_menu) tempTable ORDER BY id ASC 
--- SHUTDOWN TIME --- 1369839080.9369 (0.030663967132568)sec
--- STARTUP TIME --- 1369839081.1084
    SESSION_ID：9lrfbobe9cu1tqji5nen9143r2
    REQUEST MCA：test::init@test
    REQUEST SQL：SELECT COUNT(*) AS NextPHP_COUNT FROM x_menu
    REQUEST SQL：SELECT TOP 20* FROM (SELECT ROW_NUMBER() OVER ( ORDER BY id ASC) AS RowNumber, * FROM x_menu) tempTable ORDER BY id ASC 
--- SHUTDOWN TIME --- 1369839081.1388 (0.030460119247437)sec
--- STARTUP TIME --- 1369839081.2765
    SESSION_ID：9lrfbobe9cu1tqji5nen9143r2
    REQUEST MCA：test::init@test
    REQUEST SQL：SELECT COUNT(*) AS NextPHP_COUNT FROM x_menu
    REQUEST SQL：SELECT TOP 20* FROM (SELECT ROW_NUMBER() OVER ( ORDER BY id ASC) AS RowNumber, * FROM x_menu) tempTable ORDER BY id ASC 
--- SHUTDOWN TIME --- 1369839081.3073 (0.030774116516113)sec
--- STARTUP TIME --- 1369839085.5654
    SESSION_ID：9lrfbobe9cu1tqji5nen9143r2
    REQUEST MCA：test::init@test
    REQUEST SQL：SELECT COUNT(*) AS NextPHP_COUNT FROM x_menu
    REQUEST SQL：SELECT TOP 20* FROM (SELECT ROW_NUMBER() OVER ( ORDER BY id ASC) AS RowNumber, * FROM x_menu) tempTable ORDER BY id ASC 
--- SHUTDOWN TIME --- 1369839085.5967 (0.031270980834961)sec
--- STARTUP TIME --- 1369839085.9854
    SESSION_ID：9lrfbobe9cu1tqji5nen9143r2
    REQUEST MCA：test::init@test
    REQUEST SQL：SELECT COUNT(*) AS NextPHP_COUNT FROM x_menu
    REQUEST SQL：SELECT TOP 20* FROM (SELECT ROW_NUMBER() OVER ( ORDER BY id ASC) AS RowNumber, * FROM x_menu) tempTable ORDER BY id ASC 
--- SHUTDOWN TIME --- 1369839086.0155 (0.030062913894653)sec
--- STARTUP TIME --- 1369839086.1675
    SESSION_ID：9lrfbobe9cu1tqji5nen9143r2
    REQUEST MCA：test::init@test
    REQUEST SQL：SELECT COUNT(*) AS NextPHP_COUNT FROM x_menu
    REQUEST SQL：SELECT TOP 20* FROM (SELECT ROW_NUMBER() OVER ( ORDER BY id ASC) AS RowNumber, * FROM x_menu) tempTable ORDER BY id ASC 
--- SHUTDOWN TIME --- 1369839086.1983 (0.030716180801392)sec
--- STARTUP TIME --- 1369839086.3427
    SESSION_ID：9lrfbobe9cu1tqji5nen9143r2
    REQUEST MCA：test::init@test
    REQUEST SQL：SELECT COUNT(*) AS NextPHP_COUNT FROM x_menu
    REQUEST SQL：SELECT TOP 20* FROM (SELECT ROW_NUMBER() OVER ( ORDER BY id ASC) AS RowNumber, * FROM x_menu) tempTable ORDER BY id ASC 
--- SHUTDOWN TIME --- 1369839086.3735 (0.030789136886597)sec
--- STARTUP TIME --- 1369839123.2661
    SESSION_ID：9lrfbobe9cu1tqji5nen9143r2
    REQUEST MCA：test::init@test
    REQUEST SQL：SELECT COUNT(*) AS NextPHP_COUNT FROM x_menu
    REQUEST SQL：SELECT TOP 20* FROM (SELECT ROW_NUMBER() OVER ( ORDER BY id ASC) AS RowNumber, * FROM x_menu) tempTable WHERE RowNumber > 20 * (20)  ORDER BY id ASC 
--- SHUTDOWN TIME --- 1369839123.3006 (0.034517765045166)sec
--- STARTUP TIME --- 1369839196.109
    SESSION_ID：9lrfbobe9cu1tqji5nen9143r2
    REQUEST MCA：test::init@test
    REQUEST SQL：SELECT COUNT(*) AS NextPHP_COUNT FROM x_menu
    REQUEST SQL：SELECT TOP 20* FROM (SELECT ROW_NUMBER() OVER ( ORDER BY id ASC) AS RowNumber, * FROM x_menu) tempTable WHERE RowNumber > 20 * (2)  ORDER BY id ASC 
--- SHUTDOWN TIME --- 1369839196.1473 (0.038349151611328)sec
--- STARTUP TIME --- 1369839345.6631
    SESSION_ID：9lrfbobe9cu1tqji5nen9143r2
    REQUEST MCA：test::init@test
    REQUEST SQL：SELECT COUNT(*) AS NextPHP_COUNT FROM x_menu
    REQUEST SQL：SELECT TOP 20* FROM (SELECT ROW_NUMBER() OVER ( ORDER BY id ASC) AS RowNumber, * FROM x_menu) tempTable WHERE RowNumber > 20 * (20)  ORDER BY id ASC 
--- SHUTDOWN TIME --- 1369839345.8675 (0.20441889762878)sec
--- STARTUP TIME --- 1369839365.4506
    SESSION_ID：9lrfbobe9cu1tqji5nen9143r2
    REQUEST MCA：test::init@test
    REQUEST SQL：SELECT COUNT(*) AS NextPHP_COUNT FROM x_menu
    REQUEST SQL：SELECT TOP 20* FROM (SELECT ROW_NUMBER() OVER ( ORDER BY id ASC) AS RowNumber, * FROM x_menu) tempTable WHERE RowNumber > 20 * (20)  ORDER BY id ASC 
--- SHUTDOWN TIME --- 1369839365.4829 (0.03233814239502)sec
--- STARTUP TIME --- 1369839384.7225
    SESSION_ID：9lrfbobe9cu1tqji5nen9143r2
    REQUEST MCA：test::init@test
    REQUEST SQL：SELECT COUNT(*) AS NextPHP_COUNT FROM x_menu
    REQUEST SQL：SELECT TOP 20* FROM (SELECT ROW_NUMBER() OVER ( ORDER BY id ASC) AS RowNumber, * FROM x_menu) tempTable WHERE RowNumber > 20 * (20)  ORDER BY id ASC 
--- SHUTDOWN TIME --- 1369839384.7571 (0.034649848937988)sec
--- STARTUP TIME --- 1369839395.1412
    SESSION_ID：9lrfbobe9cu1tqji5nen9143r2
    REQUEST MCA：test::init@test
    REQUEST SQL：SELECT COUNT(*) AS NextPHP_COUNT FROM x_menu
    REQUEST SQL：SELECT TOP 20* FROM (SELECT ROW_NUMBER() OVER ( ORDER BY id ASC) AS RowNumber, * FROM x_menu) tempTable WHERE RowNumber > 20 * (2)  ORDER BY id ASC 
--- SHUTDOWN TIME --- 1369839395.1731 (0.031965970993042)sec
--- STARTUP TIME --- 1369839407.4183
    SESSION_ID：9lrfbobe9cu1tqji5nen9143r2
    REQUEST MCA：test::init@test
    REQUEST SQL：SELECT COUNT(*) AS NextPHP_COUNT FROM x_menu
    REQUEST SQL：SELECT TOP 20* FROM (SELECT ROW_NUMBER() OVER ( ORDER BY id ASC) AS RowNumber, * FROM x_menu) tempTable WHERE RowNumber > 20 * (1)  ORDER BY id ASC 
--- SHUTDOWN TIME --- 1369839407.4499 (0.031661033630371)sec
--- STARTUP TIME --- 1369839446.6128
    SESSION_ID：9lrfbobe9cu1tqji5nen9143r2
    REQUEST MCA：test::init@test
    REQUEST SQL：SELECT COUNT(*) AS NextPHP_COUNT FROM x_menu
    REQUEST SQL：SELECT TOP 20* FROM x_menu WHERE RowNumber > 20 * (1)  ORDER BY id ASC 
--- SHUTDOWN TIME --- 1369839446.6752 (0.062437057495117)sec
--- STARTUP TIME --- 1369839469.0851
    SESSION_ID：9lrfbobe9cu1tqji5nen9143r2
    REQUEST MCA：test::init@test
    REQUEST SQL：SELECT COUNT(*) AS NextPHP_COUNT FROM x_menu
    REQUEST SQL：SELECT TOP 20 * FROM x_menu WHERE RowNumber > 20 * (1)  ORDER BY id ASC 
--- SHUTDOWN TIME --- 1369839469.1175 (0.032422065734863)sec
--- STARTUP TIME --- 1369839506.4424
    SESSION_ID：9lrfbobe9cu1tqji5nen9143r2
    REQUEST MCA：test::init@test
    REQUEST SQL：SELECT COUNT(*) AS NextPHP_COUNT FROM x_menu
    REQUEST SQL：SELECT TOP 20 * FROM x_menu ORDER BY id ASC 
--- SHUTDOWN TIME --- 1369839506.4771 (0.034657001495361)sec
--- STARTUP TIME --- 1369839574.7259
    SESSION_ID：9lrfbobe9cu1tqji5nen9143r2
    REQUEST MCA：test::init@test
    REQUEST SQL：SELECT COUNT(*) AS NextPHP_COUNT FROM x_menu
    REQUEST SQL：SELECT TOP 20 * FROM x_menu ORDER BY id ASC 
--- SHUTDOWN TIME --- 1369839574.907 (0.18109202384949)sec
--- STARTUP TIME --- 1369839577.38
    SESSION_ID：9lrfbobe9cu1tqji5nen9143r2
    REQUEST MCA：test::init@test
    REQUEST SQL：SELECT COUNT(*) AS NextPHP_COUNT FROM x_menu
    REQUEST SQL：SELECT TOP 20 * FROM x_menu ORDER BY id ASC 
--- SHUTDOWN TIME --- 1369839577.4107 (0.030699968338013)sec
--- STARTUP TIME --- 1369839577.8922
    SESSION_ID：9lrfbobe9cu1tqji5nen9143r2
    REQUEST MCA：test::init@test
    REQUEST SQL：SELECT COUNT(*) AS NextPHP_COUNT FROM x_menu
    REQUEST SQL：SELECT TOP 20 * FROM x_menu ORDER BY id ASC 
--- SHUTDOWN TIME --- 1369839577.9234 (0.031256198883057)sec
--- STARTUP TIME --- 1369839578.1166
    SESSION_ID：9lrfbobe9cu1tqji5nen9143r2
    REQUEST MCA：test::init@test
    REQUEST SQL：SELECT COUNT(*) AS NextPHP_COUNT FROM x_menu
    REQUEST SQL：SELECT TOP 20 * FROM x_menu ORDER BY id ASC 
--- SHUTDOWN TIME --- 1369839578.1476 (0.0309739112854)sec
--- STARTUP TIME --- 1369839578.3238
    SESSION_ID：9lrfbobe9cu1tqji5nen9143r2
    REQUEST MCA：test::init@test
    REQUEST SQL：SELECT COUNT(*) AS NextPHP_COUNT FROM x_menu
    REQUEST SQL：SELECT TOP 20 * FROM x_menu ORDER BY id ASC 
--- SHUTDOWN TIME --- 1369839578.3543 (0.030579090118408)sec
--- STARTUP TIME --- 1369839578.5159
    SESSION_ID：9lrfbobe9cu1tqji5nen9143r2
    REQUEST MCA：test::init@test
    REQUEST SQL：SELECT COUNT(*) AS NextPHP_COUNT FROM x_menu
    REQUEST SQL：SELECT TOP 20 * FROM x_menu ORDER BY id ASC 
--- SHUTDOWN TIME --- 1369839578.5465 (0.030622959136963)sec
--- STARTUP TIME --- 1369839578.7401
    SESSION_ID：9lrfbobe9cu1tqji5nen9143r2
    REQUEST MCA：test::init@test
    REQUEST SQL：SELECT COUNT(*) AS NextPHP_COUNT FROM x_menu
    REQUEST SQL：SELECT TOP 20 * FROM x_menu ORDER BY id ASC 
--- SHUTDOWN TIME --- 1369839578.772 (0.031944036483765)sec
--- STARTUP TIME --- 1369839580.2962
    SESSION_ID：9lrfbobe9cu1tqji5nen9143r2
    REQUEST MCA：test::init@test
    REQUEST SQL：SELECT COUNT(*) AS NextPHP_COUNT FROM x_menu
    REQUEST SQL：SELECT TOP 20 * FROM x_menu ORDER BY id ASC 
--- SHUTDOWN TIME --- 1369839580.326 (0.029846906661987)sec
--- STARTUP TIME --- 1369839581.1205
    SESSION_ID：9lrfbobe9cu1tqji5nen9143r2
    REQUEST MCA：test::init@test
    REQUEST SQL：SELECT COUNT(*) AS NextPHP_COUNT FROM x_menu
    REQUEST SQL：SELECT TOP 20 * FROM x_menu ORDER BY id ASC 
--- SHUTDOWN TIME --- 1369839581.1539 (0.033448219299316)sec
--- STARTUP TIME --- 1369839581.8131
    SESSION_ID：9lrfbobe9cu1tqji5nen9143r2
    REQUEST MCA：test::init@test
    REQUEST SQL：SELECT COUNT(*) AS NextPHP_COUNT FROM x_menu
    REQUEST SQL：SELECT TOP 20 * FROM x_menu ORDER BY id ASC 
--- SHUTDOWN TIME --- 1369839581.8439 (0.030848979949951)sec
--- STARTUP TIME --- 1369839597.552
    SESSION_ID：9lrfbobe9cu1tqji5nen9143r2
    REQUEST MCA：test::init@test
    REQUEST SQL：SELECT COUNT(*) AS NextPHP_COUNT FROM x_menu
    REQUEST SQL：SELECT TOP 20 * FROM x_menu 
--- SHUTDOWN TIME --- 1369839597.5858 (0.033741235733032)sec
--- STARTUP TIME --- 1369839665.3421
    SESSION_ID：9lrfbobe9cu1tqji5nen9143r2
    REQUEST MCA：test::init@test
    REQUEST SQL：SELECT COUNT(*) AS NextPHP_COUNT FROM x_menu
    REQUEST SQL：SELECT TOP 40 * FROM x_menu 
--- SHUTDOWN TIME --- 1369839665.5392 (0.19709992408752)sec
--- STARTUP TIME --- 1369840283.073
    SESSION_ID：9lrfbobe9cu1tqji5nen9143r2
    REQUEST MCA：test::init@test
    REQUEST SQL：SELECT COUNT(*) AS NextPHP_COUNT FROM x_menu
    8 | Undefined index:  order        | D:\ESSamp\wwwroot\NextPHPFramework\framework\class\db.php | 417
--- SHUTDOWN TIME --- 1369840283.266 (0.19296598434448)sec
--- STARTUP TIME --- 1369840299.4672
    SESSION_ID：9lrfbobe9cu1tqji5nen9143r2
    REQUEST MCA：test::init@test
    REQUEST SQL：SELECT COUNT(*) AS NextPHP_COUNT FROM x_menu
    REQUEST SQL：SELECT TOP 20 * FROM (SELECT ROW_NUMBER() OVER ( ORDER BY id ASC) AS RowNumber, * FROM x_menu) tempTable WHERE RowNumber > 20 * (2)  ORDER BY id ASC 
--- SHUTDOWN TIME --- 1369840299.5029 (0.035766839981079)sec
--- STARTUP TIME --- 1369840333.1423
    SESSION_ID：9lrfbobe9cu1tqji5nen9143r2
    REQUEST MCA：test::init@test
    REQUEST SQL：SELECT COUNT(*) AS NextPHP_COUNT FROM x_menu
    REQUEST SQL：SELECT TOP 20 * FROM (SELECT ROW_NUMBER() OVER ( ORDER BY id ASC) AS RowNumber, * FROM x_menu) tempTable WHERE RowNumber > 20 * (2) ORDER BY id ASC 
--- SHUTDOWN TIME --- 1369840333.179 (0.036715030670166)sec
--- STARTUP TIME --- 1369840525.8479
    SESSION_ID：9lrfbobe9cu1tqji5nen9143r2
    REQUEST MCA：test::init@test
    REQUEST SQL：SELECT COUNT(*) AS NextPHP_COUNT FROM x_menu
    REQUEST SQL：SELECT TOP 20 * FROM (SELECT ROW_NUMBER() OVER ( ORDER BY id ASC) AS ROW_NUMBER, * FROM x_menu) tempTable WHERE RowNumber > 20 * (2) ORDER BY id ASC 
--- SHUTDOWN TIME --- 1369840526.0519 (0.20396590232849)sec
--- STARTUP TIME --- 1369840538.3426
    SESSION_ID：9lrfbobe9cu1tqji5nen9143r2
    REQUEST MCA：test::init@test
    REQUEST SQL：SELECT COUNT(*) AS NextPHP_COUNT FROM x_menu
    REQUEST SQL：SELECT TOP 20 * FROM (SELECT ROW_NUMBER() OVER ( ORDER BY id ASC) AS RowNumbera, * FROM x_menu) tempTable WHERE RowNumber > 20 * (2) ORDER BY id ASC 
--- SHUTDOWN TIME --- 1369840538.3751 (0.032566070556641)sec
--- STARTUP TIME --- 1369840542.0703
    SESSION_ID：9lrfbobe9cu1tqji5nen9143r2
    REQUEST MCA：test::init@test
    REQUEST SQL：SELECT COUNT(*) AS NextPHP_COUNT FROM x_menu
    REQUEST SQL：SELECT TOP 20 * FROM (SELECT ROW_NUMBER() OVER ( ORDER BY id ASC) AS RowNumber, * FROM x_menu) tempTable WHERE RowNumber > 20 * (2) ORDER BY id ASC 
--- SHUTDOWN TIME --- 1369840542.1019 (0.031569004058838)sec
--- STARTUP TIME --- 1369840574.2763
    SESSION_ID：9lrfbobe9cu1tqji5nen9143r2
    REQUEST MCA：test::init@test
    REQUEST SQL：SELECT COUNT(*) AS NextPHP_COUNT FROM x_menu
    REQUEST SQL：SELECT TOP 20 * FROM (SELECT ROW_NUMBER() OVER ( ORDER BY id ASC) AS RowNumbers, * FROM x_menu) tempTable WHERE RowNumber > 20 * (2) ORDER BY id ASC 
--- SHUTDOWN TIME --- 1369840574.3092 (0.03291916847229)sec
--- STARTUP TIME --- 1369840616.8587
    SESSION_ID：9lrfbobe9cu1tqji5nen9143r2
    REQUEST MCA：test::init@test
    REQUEST SQL：SELECT COUNT(*) AS NextPHP_COUNT FROM x_menu
    REQUEST SQL：SELECT TOP 20 * FROM (SELECT ROW_NUMBER() OVER ( ORDER BY id ASC) AS RowNumber, * FROM x_menu) tempTable WHERE RowNumber > 20 * (2) ORDER BY id ASC 
--- SHUTDOWN TIME --- 1369840616.8905 (0.031812906265259)sec
--- STARTUP TIME --- 1369840727.5341
    SESSION_ID：9lrfbobe9cu1tqji5nen9143r2
    REQUEST MCA：test::init@test
    REQUEST SQL：SELECT COUNT(*) AS NextPHP_COUNT FROM x_menu
    REQUEST SQL：SELECT TOP 20 * FROM (SELECT ROW_NUMBER() OVER ( ORDER BY id ASC) AS RowNumber, * FROM x_menu) tempTable WHERE RowNumber > 20 * (2) ORDER BY id ASC 
--- SHUTDOWN TIME --- 1369840727.736 (0.2019190788269)sec
--- STARTUP TIME --- 1369840735.7941
    SESSION_ID：9lrfbobe9cu1tqji5nen9143r2
    REQUEST MCA：test::init@test
    REQUEST SQL：SELECT COUNT(*) AS NextPHP_COUNT FROM x_menu
    REQUEST SQL：SELECT TOP 20 * FROM (SELECT ROW_NUMBER() OVER ( ORDER BY id ASC) AS RowNumber, * FROM x_menu) tempTable WHERE RowNumber > 20 * (2) ORDER BY id ASC 
--- SHUTDOWN TIME --- 1369840735.8269 (0.032783985137939)sec
--- STARTUP TIME --- 1369840769.1543
    SESSION_ID：9lrfbobe9cu1tqji5nen9143r2
    REQUEST MCA：test::init@test
    REQUEST SQL：SELECT * FROM x_menu 
--- SHUTDOWN TIME --- 1369840769.1865 (0.032117128372192)sec
--- STARTUP TIME --- 1369841175.2678
    SESSION_ID：9lrfbobe9cu1tqji5nen9143r2
    REQUEST MCA：test::init@test
    REQUEST SQL：SELECT COUNT(*) AS NextPHP_COUNT FROM x_menu
    REQUEST SQL：SELECT TOP 20 * FROM (SELECT ROW_NUMBER() OVER ( ORDER BY id ASC) AS ROW_NUMBER, * FROM x_menu) tempTable WHERE ROW_NUMBER > 20 * (Array) ORDER BY id ASC 
--- SHUTDOWN TIME --- 1369841175.4678 (0.20001196861267)sec
--- STARTUP TIME --- 1369841193.4173
    SESSION_ID：9lrfbobe9cu1tqji5nen9143r2
    REQUEST MCA：test::init@test
    REQUEST SQL：SELECT COUNT(*) AS NextPHP_COUNT FROM x_menu
    REQUEST SQL：SELECT TOP 20 * FROM (SELECT ROW_NUMBER() OVER ( ORDER BY id ASC) AS ROW_NUMBER, * FROM x_menu) tempTable WHERE ROW_NUMBER > 20 * (2) ORDER BY id ASC 
--- SHUTDOWN TIME --- 1369841193.4527 (0.035402059555054)sec
--- STARTUP TIME --- 1369841201.5563
    SESSION_ID：9lrfbobe9cu1tqji5nen9143r2
    REQUEST MCA：test::init@test
    REQUEST SQL：SELECT COUNT(*) AS NextPHP_COUNT FROM x_menu
    REQUEST SQL：SELECT TOP 20 * FROM (SELECT ROW_NUMBER() OVER ( ORDER BY id ASC) AS ROW_NUMBER, * FROM x_menu) tempTable WHERE ROW_NUMBER > 20 * (2) ORDER BY id ASC 
--- SHUTDOWN TIME --- 1369841201.6018 (0.045521974563599)sec
--- STARTUP TIME --- 1369841257.4245
    SESSION_ID：9lrfbobe9cu1tqji5nen9143r2
    REQUEST MCA：test::init@test
    REQUEST SQL：SELECT COUNT(*) AS NextPHP_COUNT FROM x_menu
    REQUEST SQL：SELECT TOP 20 * FROM (SELECT ROW_NUMBER() OVER ( ORDER BY id ASC) AS ROW_NUMBER, * FROM x_menu) tempTable WHERE ROW_NUMBER > 20 * (2) ORDER BY id ASC 
--- SHUTDOWN TIME --- 1369841257.4572 (0.032732009887695)sec
--- STARTUP TIME --- 1369841267.4982
    SESSION_ID：9lrfbobe9cu1tqji5nen9143r2
    REQUEST MCA：test::init@test
    REQUEST SQL：SELECT COUNT(*) AS NextPHP_COUNT FROM x_menu
    REQUEST SQL：SELECT TOP 20 * FROM (SELECT ROW_NUMBER() OVER ( ORDER BY id ASC) AS ROW_NUMBER, * FROM x_menu) tempTable WHERE ROW_NUMBER > 20 * (2) ORDER BY id ASC 
--- SHUTDOWN TIME --- 1369841267.5297 (0.031492948532104)sec
--- STARTUP TIME --- 1369841281.7871
    SESSION_ID：9lrfbobe9cu1tqji5nen9143r2
    REQUEST MCA：test::init@test
    REQUEST SQL：SELECT COUNT(*) AS NextPHP_COUNT FROM x_menu
    REQUEST SQL：SELECT TOP 20 * FROM (SELECT ROW_NUMBER() OVER ( ORDER BY id ASC) AS ROW_NUMBER, * FROM x_menu) tempTable WHERE ROW_NUMBER > 20 * (2) ORDER BY id ASC 
--- SHUTDOWN TIME --- 1369841281.8176 (0.03051495552063)sec
--- STARTUP TIME --- 1369841291.3367
    SESSION_ID：9lrfbobe9cu1tqji5nen9143r2
    REQUEST MCA：test::init@test
    REQUEST SQL：SELECT COUNT(*) AS NextPHP_COUNT FROM x_menu
    REQUEST SQL：SELECT TOP 20 * FROM (SELECT ROW_NUMBER() OVER ( ORDER BY id ASC) AS ROW_NUMBER, * FROM x_menu) tempTable WHERE ROW_NUMBER > 20 * (2) ORDER BY id ASC 
--- SHUTDOWN TIME --- 1369841291.3693 (0.032616853713989)sec
--- STARTUP TIME --- 1369841309.1545
    SESSION_ID：9lrfbobe9cu1tqji5nen9143r2
    REQUEST MCA：test::init@test
    REQUEST SQL：SELECT COUNT(*) AS NextPHP_COUNT FROM x_menu
    REQUEST SQL：SELECT TOP 20 * FROM (SELECT ROW_NUMBER() OVER ( ORDER BY id ASC) AS ROW_NUMBER, * FROM x_menu) tempTable WHERE ROW_NUMBER > 20 * (2) ORDER BY id ASC 
--- SHUTDOWN TIME --- 1369841309.1876 (0.033061027526855)sec
--- STARTUP TIME --- 1369841320.9942
    SESSION_ID：9lrfbobe9cu1tqji5nen9143r2
    REQUEST MCA：test::init@test
    REQUEST SQL：SELECT COUNT(*) AS NextPHP_COUNT FROM x_menu
    REQUEST SQL：SELECT TOP 20 * FROM (SELECT ROW_NUMBER() OVER ( ORDER BY id ASC) AS ROW_NUMBER, * FROM x_menu) tempTable WHERE ROW_NUMBER > 20 * (2) ORDER BY id ASC 
--- SHUTDOWN TIME --- 1369841321.0247 (0.030582904815674)sec
--- STARTUP TIME --- 1369841326.6991
    SESSION_ID：9lrfbobe9cu1tqji5nen9143r2
    REQUEST MCA：test::init@test
    REQUEST SQL：SELECT COUNT(*) AS NextPHP_COUNT FROM x_menu
    REQUEST SQL：SELECT TOP 20 * FROM (SELECT ROW_NUMBER() OVER ( ORDER BY id ASC) AS ROW_NUMBER, * FROM x_menu) tempTable WHERE ROW_NUMBER > 20 * (2) ORDER BY id ASC 
--- SHUTDOWN TIME --- 1369841326.7317 (0.032518148422241)sec
--- STARTUP TIME --- 1369841335.9026
    SESSION_ID：9lrfbobe9cu1tqji5nen9143r2
    REQUEST MCA：test::init@test
    REQUEST SQL：SELECT COUNT(*) AS NextPHP_COUNT FROM x_menu
    REQUEST SQL：SELECT TOP 20 * FROM (SELECT ROW_NUMBER() OVER ( ORDER BY id ASC) AS ROW_NUMBER, * FROM x_menu) tempTable WHERE ROW_NUMBER > 20 * (2) ORDER BY id ASC 
--- SHUTDOWN TIME --- 1369841335.937 (0.034369945526123)sec
--- STARTUP TIME --- 1369841504.351
    SESSION_ID：9lrfbobe9cu1tqji5nen9143r2
    REQUEST MCA：index::init@admin
    8 | Uninitialized string offset: 0 | D:\ESSamp\wwwroot\NextPHPFramework\framework\class\db.php | 460
--- SHUTDOWN TIME --- 1369841504.3818 (0.030806064605713)sec
--- STARTUP TIME --- 1369841507.8312
    SESSION_ID：9lrfbobe9cu1tqji5nen9143r2
    REQUEST MCA：index::init@admin
    8 | Uninitialized string offset: 0 | D:\ESSamp\wwwroot\NextPHPFramework\framework\class\db.php | 460
--- SHUTDOWN TIME --- 1369841507.8574 (0.026213884353638)sec
--- STARTUP TIME --- 1369841598.1528
    SESSION_ID：9lrfbobe9cu1tqji5nen9143r2
    REQUEST MCA：index::init@admin
    8 | Uninitialized string offset: 0 | D:\ESSamp\wwwroot\NextPHPFramework\framework\class\db.php | 461
--- SHUTDOWN TIME --- 1369841598.1868 (0.033955812454224)sec
--- STARTUP TIME --- 1369841599.1181
    SESSION_ID：9lrfbobe9cu1tqji5nen9143r2
    REQUEST MCA：index::init@admin
    8 | Uninitialized string offset: 0 | D:\ESSamp\wwwroot\NextPHPFramework\framework\class\db.php | 461
--- SHUTDOWN TIME --- 1369841599.1453 (0.027223110198975)sec
--- STARTUP TIME --- 1369841634.757
    SESSION_ID：9lrfbobe9cu1tqji5nen9143r2
    REQUEST MCA：index::init@admin
    8 | Uninitialized string offset: 0 | D:\ESSamp\wwwroot\NextPHPFramework\framework\class\db.php | 461
--- SHUTDOWN TIME --- 1369841634.789 (0.031996965408325)sec
--- STARTUP TIME --- 1369841638.2822
    SESSION_ID：9lrfbobe9cu1tqji5nen9143r2
    REQUEST MCA：index::init@admin
    8 | Uninitialized string offset: 0 | D:\ESSamp\wwwroot\NextPHPFramework\framework\class\db.php | 461
--- SHUTDOWN TIME --- 1369841638.309 (0.026793956756592)sec
--- STARTUP TIME --- 1369841699.9025
    SESSION_ID：9lrfbobe9cu1tqji5nen9143r2
    REQUEST MCA：index::init@admin
    REQUEST SQL：SELECT * FROM x_site 
    REQUEST SQL：SELECT * FROM x_menu WHERE parentid = 1 AND display = 1 ORDER BY listorder ASC 
    REQUEST SQL：SELECT * FROM x_menu WHERE parentid = 4 AND display = 1 ORDER BY listorder ASC 
    REQUEST SQL：SELECT * FROM x_menu WHERE parentid = 20 AND display = 1 ORDER BY listorder ASC 
--- SHUTDOWN TIME --- 1369841699.9486 (0.04603385925293)sec
--- STARTUP TIME --- 1369841708.3159
    SESSION_ID：9lrfbobe9cu1tqji5nen9143r2
    REQUEST MCA：index::menuleft@admin
    REQUEST SQL：SELECT * FROM x_menu WHERE parentid = 5 AND display = 1 ORDER BY listorder ASC 
    REQUEST SQL：SELECT * FROM x_menu WHERE parentid = 6 AND display = 1 ORDER BY listorder ASC 
    REQUEST SQL：SELECT * FROM x_menu WHERE parentid = 13 AND display = 1 ORDER BY listorder ASC 
    REQUEST SQL：SELECT * FROM x_menu WHERE parentid = 12 AND display = 1 ORDER BY listorder ASC 
    REQUEST SQL：SELECT * FROM x_menu WHERE parentid = 103 AND display = 1 ORDER BY listorder ASC 
--- SHUTDOWN TIME --- 1369841708.3753 (0.059417963027954)sec
--- STARTUP TIME --- 1369841709.4163
    SESSION_ID：9lrfbobe9cu1tqji5nen9143r2
    REQUEST MCA：index::menuleft@admin
    REQUEST SQL：SELECT * FROM x_menu WHERE parentid = 92 AND display = 1 ORDER BY listorder ASC 
    REQUEST SQL：SELECT * FROM x_menu WHERE parentid = 93 AND display = 1 ORDER BY listorder ASC 
--- SHUTDOWN TIME --- 1369841709.4532 (0.036908864974976)sec
--- STARTUP TIME --- 1369841710.5594
    SESSION_ID：9lrfbobe9cu1tqji5nen9143r2
    REQUEST MCA：category::init@content
    REQUEST SQL：SELECT catid,siteid FROM x_category WHERE module = 'content' ORDER BY listorder ASC 
    REQUEST SQL：SELECT * FROM x_category WHERE siteid = '1' AND module = 'content' ORDER BY listorder ASC 
--- SHUTDOWN TIME --- 1369841710.8139 (0.25450706481934)sec
--- STARTUP TIME --- 1369841718.6036
    SESSION_ID：9lrfbobe9cu1tqji5nen9143r2
    REQUEST MCA：category::init@content
    REQUEST SQL：SELECT catid,siteid FROM x_category WHERE module = 'content' ORDER BY listorder ASC 
    REQUEST SQL：SELECT * FROM x_category WHERE siteid = '1' AND module = 'content' ORDER BY listorder ASC 
--- SHUTDOWN TIME --- 1369841718.6513 (0.047718048095703)sec
--- STARTUP TIME --- 1369841720.1873
    SESSION_ID：9lrfbobe9cu1tqji5nen9143r2
    REQUEST MCA：category::init@content
    REQUEST SQL：SELECT catid,siteid FROM x_category WHERE module = 'content' ORDER BY listorder ASC 
    REQUEST SQL：SELECT * FROM x_category WHERE siteid = '1' AND module = 'content' ORDER BY listorder ASC 
--- SHUTDOWN TIME --- 1369841720.2375 (0.050180912017822)sec
--- STARTUP TIME --- 1369841754.8979
    SESSION_ID：9lrfbobe9cu1tqji5nen9143r2
    REQUEST MCA：category::init@content
    REQUEST SQL：SELECT catid,siteid FROM x_category WHERE module = 'content' ORDER BY listorder ASC 
    REQUEST SQL：SELECT * FROM x_category WHERE siteid = '1' AND module = 'content' ORDER BY listorder ASC 
--- SHUTDOWN TIME --- 1369841754.9422 (0.044352054595947)sec
--- STARTUP TIME --- 1369841802.0929
    SESSION_ID：9lrfbobe9cu1tqji5nen9143r2
    REQUEST MCA：test::init@test
    REQUEST SQL：SELECT COUNT(*) AS NextPHP_COUNT FROM x_menu
    REQUEST SQL：SELECT TOP 20 * FROM (SELECT ROW_NUMBER() OVER ( ORDER BY id ASC) AS ROW_NUMBER, * FROM x_menu) tempTable WHERE ROW_NUMBER > 20 * (2) ORDER BY id ASC 
--- SHUTDOWN TIME --- 1369841802.2775 (0.18456220626831)sec
