2013-03-12T17:21:38+08:00　INFO：--- STARTUP TIME --- 1363080098.5948
2013-03-12T17:21:38+08:00　INFO：    REQUEST MCA：index::login@admin
2013-03-12T17:21:38+08:00　INFO：--- SHUTDOWN TIME --- 1363080098.6032 (0.0083909034729004)sec
2013-03-12T17:25:14+08:00　INFO：--- STARTUP TIME --- 1363080314.7851
2013-03-12T17:25:14+08:00　INFO：    REQUEST MCA：index::login@admin
2013-03-12T17:25:14+08:00　INFO：--- SHUTDOWN TIME --- 1363080314.7931 (0.0080008506774902)sec
2013-03-12T17:28:00+08:00　INFO：--- STARTUP TIME --- 1363080480.8832
2013-03-12T17:28:00+08:00　INFO：    REQUEST MCA：index::login@admin
2013-03-12T17:28:00+08:00　INFO：　{"statusCode":"300","message":"[D:\\ESSamp\\wwwroot\\NextPHP\\module\\admin\\controller\\login.php]ClassFile does not exist","callbackType":"forward","forwardUrl":"","navTabId":"","rel":"","debug":""}
2013-03-12T17:28:00+08:00　INFO：--- SHUTDOWN TIME --- 1363080480.8879 (0.0047299861907959)sec
2013-03-12T17:29:56+08:00　INFO：--- STARTUP TIME --- 1363080596.6409
2013-03-12T17:29:56+08:00　INFO：    REQUEST MCA：index::login@admin
2013-03-12T17:29:56+08:00　INFO：　Array
2013-03-12T17:29:56+08:00　INFO：--- SHUTDOWN TIME --- 1363080596.6455 (0.0046830177307129)sec
2013-03-12T17:30:21+08:00　INFO：--- STARTUP TIME --- 1363080621.4123
2013-03-12T17:30:21+08:00　INFO：    REQUEST MCA：index::login@admin
2013-03-12T17:30:21+08:00　INFO：　[D:\ESSamp\wwwroot\NextPHP\module\admin\controller\login.php]ClassFile does not exist
2013-03-12T17:30:21+08:00　INFO：--- SHUTDOWN TIME --- 1363080621.4171 (0.0047750473022461)sec
2013-03-12T17:31:00+08:00　INFO：--- STARTUP TIME --- 1363080659.9978
2013-03-12T17:31:00+08:00　INFO：    REQUEST MCA：index::login@admin
2013-03-12T17:31:00+08:00　INFO：--- SHUTDOWN TIME --- 1363080660.0075 (0.0096449851989746)sec
2013-03-12T17:31:06+08:00　INFO：--- STARTUP TIME --- 1363080666.0629
2013-03-12T17:31:06+08:00　INFO：    REQUEST MCA：index::login@admin
2013-03-12T17:31:06+08:00　INFO：--- SHUTDOWN TIME --- 1363080666.0703 (0.0074529647827148)sec
2013-03-12T17:31:06+08:00　INFO：--- STARTUP TIME --- 1363080666.248
2013-03-12T17:31:06+08:00　INFO：    REQUEST MCA：index::login@admin
2013-03-12T17:31:06+08:00　INFO：--- SHUTDOWN TIME --- 1363080666.2562 (0.0082402229309082)sec
2013-03-12T17:31:06+08:00　INFO：--- STARTUP TIME --- 1363080666.3991
2013-03-12T17:31:06+08:00　INFO：    REQUEST MCA：index::login@admin
2013-03-12T17:31:06+08:00　INFO：--- SHUTDOWN TIME --- 1363080666.4069 (0.0078139305114746)sec
2013-03-12T17:31:06+08:00　INFO：--- STARTUP TIME --- 1363080666.5142
2013-03-12T17:31:06+08:00　INFO：    REQUEST MCA：index::login@admin
2013-03-12T17:31:06+08:00　INFO：--- SHUTDOWN TIME --- 1363080666.5223 (0.0081441402435303)sec
2013-03-12T17:31:08+08:00　INFO：--- STARTUP TIME --- 1363080668.4014
2013-03-12T17:31:08+08:00　INFO：    REQUEST MCA：index::login@admin
2013-03-12T17:31:08+08:00　INFO：--- SHUTDOWN TIME --- 1363080668.4074 (0.0060069561004639)sec
2013-03-12T17:31:08+08:00　INFO：--- STARTUP TIME --- 1363080668.5645
2013-03-12T17:31:08+08:00　INFO：    REQUEST MCA：index::login@admin
2013-03-12T17:31:08+08:00　INFO：--- SHUTDOWN TIME --- 1363080668.5752 (0.010707139968872)sec
2013-03-12T17:31:08+08:00　INFO：--- STARTUP TIME --- 1363080668.7907
2013-03-12T17:31:08+08:00　INFO：    REQUEST MCA：index::login@admin
2013-03-12T17:31:08+08:00　INFO：--- SHUTDOWN TIME --- 1363080668.7988 (0.008126974105835)sec
2013-03-12T17:31:08+08:00　INFO：--- STARTUP TIME --- 1363080668.9268
2013-03-12T17:31:08+08:00　INFO：    REQUEST MCA：index::login@admin
2013-03-12T17:31:08+08:00　INFO：--- SHUTDOWN TIME --- 1363080668.9334 (0.0066571235656738)sec
2013-03-12T17:31:16+08:00　INFO：--- STARTUP TIME --- 1363080676.2436
2013-03-12T17:31:16+08:00　INFO：    REQUEST MCA：index::login@admin
2013-03-12T17:31:16+08:00　INFO：--- SHUTDOWN TIME --- 1363080676.254 (0.010361909866333)sec
2013-03-12T17:31:16+08:00　INFO：--- STARTUP TIME --- 1363080676.3067
2013-03-12T17:31:16+08:00　INFO：    REQUEST MCA：index::login@admin
2013-03-12T17:31:16+08:00　INFO：--- SHUTDOWN TIME --- 1363080676.3163 (0.0096800327301025)sec
2013-03-12T17:31:16+08:00　INFO：--- STARTUP TIME --- 1363080676.4467
2013-03-12T17:31:16+08:00　INFO：    REQUEST MCA：index::login@admin
2013-03-12T17:31:16+08:00　INFO：--- SHUTDOWN TIME --- 1363080676.453 (0.0062298774719238)sec
2013-03-12T17:31:16+08:00　INFO：--- STARTUP TIME --- 1363080676.6008
2013-03-12T17:31:16+08:00　INFO：    REQUEST MCA：index::login@admin
2013-03-12T17:31:16+08:00　INFO：--- SHUTDOWN TIME --- 1363080676.6075 (0.0066330432891846)sec
2013-03-12T17:31:16+08:00　INFO：--- STARTUP TIME --- 1363080676.7449
2013-03-12T17:31:16+08:00　INFO：    REQUEST MCA：index::login@admin
2013-03-12T17:31:16+08:00　INFO：--- SHUTDOWN TIME --- 1363080676.7518 (0.0068149566650391)sec
2013-03-12T17:32:39+08:00　INFO：--- STARTUP TIME --- 1363080759.5688
2013-03-12T17:32:39+08:00　INFO：    REQUEST MCA：index::login@admin
2013-03-12T17:32:39+08:00　INFO：--- SHUTDOWN TIME --- 1363080759.5755 (0.0067169666290283)sec
2013-03-12T17:37:18+08:00　INFO：--- STARTUP TIME --- 1363081038.7989
2013-03-12T17:37:18+08:00　INFO：    REQUEST MCA：index::login@admin
2013-03-12T17:37:18+08:00　ERR：      ERROR LOG：8 | Undefined variable: udi        | D:\ESSamp\wwwroot\NextPHP\framework\class\application.php | 144
2013-03-12T17:37:18+08:00　INFO：--- SHUTDOWN TIME --- 1363081038.8038 (0.0049149990081787)sec
2013-03-12T17:37:38+08:00　INFO：--- STARTUP TIME --- 1363081058.536
2013-03-12T17:37:38+08:00　INFO：    REQUEST MCA：index::login@admin
2013-03-12T17:37:38+08:00　INFO：--- SHUTDOWN TIME --- 1363081058.5447 (0.0087020397186279)sec
2013-03-12T17:37:43+08:00　INFO：--- STARTUP TIME --- 1363081063.03
2013-03-12T17:37:43+08:00　INFO：    REQUEST MCA：index::login@admin
2013-03-12T17:37:43+08:00　INFO：--- SHUTDOWN TIME --- 1363081063.0364 (0.0064599514007568)sec
2013-03-12T17:37:43+08:00　INFO：--- STARTUP TIME --- 1363081063.2051
2013-03-12T17:37:43+08:00　INFO：    REQUEST MCA：index::login@admin
2013-03-12T17:37:43+08:00　INFO：--- SHUTDOWN TIME --- 1363081063.2121 (0.0069999694824219)sec
2013-03-12T17:37:43+08:00　INFO：--- STARTUP TIME --- 1363081063.7845
2013-03-12T17:37:43+08:00　INFO：    REQUEST MCA：index::login@admin
2013-03-12T17:37:43+08:00　INFO：--- SHUTDOWN TIME --- 1363081063.7963 (0.011840105056763)sec
2013-03-12T17:37:43+08:00　INFO：--- STARTUP TIME --- 1363081063.7895
2013-03-12T17:37:43+08:00　INFO：    REQUEST MCA：index::login@admin
2013-03-12T17:37:43+08:00　INFO：--- SHUTDOWN TIME --- 1363081063.7979 (0.0084328651428223)sec
2013-03-12T17:37:46+08:00　INFO：--- STARTUP TIME --- 1363081066.9946
2013-03-12T17:37:46+08:00　INFO：    REQUEST MCA：index::login@admin
2013-03-12T17:37:47+08:00　INFO：--- SHUTDOWN TIME --- 1363081067.0018 (0.0071709156036377)sec
2013-03-12T17:37:47+08:00　INFO：--- STARTUP TIME --- 1363081067.2348
2013-03-12T17:37:47+08:00　INFO：    REQUEST MCA：index::login@admin
2013-03-12T17:37:47+08:00　INFO：--- SHUTDOWN TIME --- 1363081067.2448 (0.010025978088379)sec
2013-03-12T17:37:47+08:00　INFO：--- STARTUP TIME --- 1363081067.4109
2013-03-12T17:37:47+08:00　INFO：    REQUEST MCA：index::login@admin
2013-03-12T17:37:47+08:00　INFO：--- SHUTDOWN TIME --- 1363081067.4191 (0.0082800388336182)sec
2013-03-12T17:37:47+08:00　INFO：--- STARTUP TIME --- 1363081067.61
2013-03-12T17:37:47+08:00　INFO：    REQUEST MCA：index::login@admin
2013-03-12T17:37:47+08:00　INFO：--- SHUTDOWN TIME --- 1363081067.6188 (0.0088250637054443)sec
2013-03-12T17:37:47+08:00　INFO：--- STARTUP TIME --- 1363081067.7881
2013-03-12T17:37:47+08:00　INFO：    REQUEST MCA：index::login@admin
2013-03-12T17:37:47+08:00　INFO：--- SHUTDOWN TIME --- 1363081067.7989 (0.010792970657349)sec
2013-03-12T17:37:47+08:00　INFO：--- STARTUP TIME --- 1363081067.9772
2013-03-12T17:37:47+08:00　INFO：    REQUEST MCA：index::login@admin
2013-03-12T17:37:47+08:00　INFO：--- SHUTDOWN TIME --- 1363081067.9829 (0.0057001113891602)sec
2013-03-12T17:37:48+08:00　INFO：--- STARTUP TIME --- 1363081068.1414
2013-03-12T17:37:48+08:00　INFO：    REQUEST MCA：index::login@admin
2013-03-12T17:37:48+08:00　INFO：--- SHUTDOWN TIME --- 1363081068.1475 (0.0061080455780029)sec
2013-03-12T17:37:52+08:00　INFO：--- STARTUP TIME --- 1363081072.7354
2013-03-12T17:37:52+08:00　INFO：    REQUEST MCA：index::login@admin
2013-03-12T17:37:52+08:00　INFO：--- SHUTDOWN TIME --- 1363081072.7434 (0.0079641342163086)sec
2013-03-12T17:37:52+08:00　INFO：--- STARTUP TIME --- 1363081072.9675
2013-03-12T17:37:52+08:00　INFO：    REQUEST MCA：index::login@admin
2013-03-12T17:37:52+08:00　INFO：--- SHUTDOWN TIME --- 1363081072.9742 (0.0066139698028564)sec
2013-03-12T17:37:53+08:00　INFO：--- STARTUP TIME --- 1363081073.1857
2013-03-12T17:37:53+08:00　INFO：    REQUEST MCA：index::login@admin
2013-03-12T17:37:53+08:00　INFO：--- SHUTDOWN TIME --- 1363081073.194 (0.0082879066467285)sec
2013-03-12T17:37:53+08:00　INFO：--- STARTUP TIME --- 1363081073.3698
2013-03-12T17:37:53+08:00　INFO：    REQUEST MCA：index::login@admin
2013-03-12T17:37:53+08:00　INFO：--- SHUTDOWN TIME --- 1363081073.3773 (0.0075008869171143)sec
2013-03-12T17:37:53+08:00　INFO：--- STARTUP TIME --- 1363081073.5509
2013-03-12T17:37:53+08:00　INFO：    REQUEST MCA：index::login@admin
2013-03-12T17:37:53+08:00　INFO：--- SHUTDOWN TIME --- 1363081073.5586 (0.007641077041626)sec
2013-03-12T17:38:33+08:00　INFO：--- STARTUP TIME --- 1363081113.3513
2013-03-12T17:38:33+08:00　INFO：    REQUEST MCA：index::login@admin
2013-03-12T17:38:33+08:00　INFO：--- SHUTDOWN TIME --- 1363081113.357 (0.0056838989257812)sec
2013-03-12T17:38:33+08:00　INFO：--- STARTUP TIME --- 1363081113.7946
2013-03-12T17:38:33+08:00　INFO：    REQUEST MCA：index::login@admin
2013-03-12T17:38:33+08:00　INFO：--- SHUTDOWN TIME --- 1363081113.8018 (0.0071678161621094)sec
2013-03-12T17:38:34+08:00　INFO：--- STARTUP TIME --- 1363081114.327
2013-03-12T17:38:34+08:00　INFO：    REQUEST MCA：index::login@admin
2013-03-12T17:38:34+08:00　INFO：--- SHUTDOWN TIME --- 1363081114.3338 (0.0068159103393555)sec
2013-03-12T17:38:34+08:00　INFO：--- STARTUP TIME --- 1363081114.6242
2013-03-12T17:38:34+08:00　INFO：    REQUEST MCA：index::login@admin
2013-03-12T17:38:34+08:00　INFO：--- SHUTDOWN TIME --- 1363081114.632 (0.0078489780426025)sec
2013-03-12T17:38:35+08:00　INFO：--- STARTUP TIME --- 1363081115.1615
2013-03-12T17:38:35+08:00　INFO：    REQUEST MCA：index::login@admin
2013-03-12T17:38:35+08:00　INFO：--- SHUTDOWN TIME --- 1363081115.1683 (0.0067510604858398)sec
2013-03-12T17:38:35+08:00　INFO：--- STARTUP TIME --- 1363081115.8149
2013-03-12T17:38:35+08:00　INFO：    REQUEST MCA：index::login@admin
2013-03-12T17:38:35+08:00　INFO：--- SHUTDOWN TIME --- 1363081115.8225 (0.0075328350067139)sec
2013-03-12T17:38:36+08:00　INFO：--- STARTUP TIME --- 1363081116.3793
2013-03-12T17:38:36+08:00　INFO：    REQUEST MCA：index::login@admin
2013-03-12T17:38:36+08:00　INFO：--- SHUTDOWN TIME --- 1363081116.3863 (0.0069999694824219)sec
