--- STARTUP TIME --- 1365740194.4352
--- STARTUP TIME --- 1365740194.4352
    SESSION_ID：fgjf79t75vnlulqjv3ck3r1gk7
    SESSION_ID：d5s1kdbe89gi17vg25l7ddjrl7
    REQUEST MCA：test::init@test
    REQUEST MCA：test::init@test
    REQUEST SQL：SELECT * FROM `x`.`x_test`
    REQUEST SQL：SELECT * FROM `x`.`x_test`
--- SHUTDOWN TIME --- 1365740196.9277 (2.4924800395966)sec
--- SHUTDOWN TIME --- 1365740196.928 (2.4928650856018)sec
--- STARTUP TIME --- 1365740209.2016
    SESSION_ID：d5s1kdbe89gi17vg25l7ddjrl7
    REQUEST MCA：test::init@test
    REQUEST SQL：SELECT * FROM `x`.`x_test`
--- STARTUP TIME --- 1365740209.2172
--- SHUTDOWN TIME --- 1365740209.2498 (0.048225879669189)sec
    SESSION_ID：d5s1kdbe89gi17vg25l7ddjrl7
    REQUEST MCA：test::init@test
    REQUEST SQL：SELECT * FROM `x`.`x_test`
--- SHUTDOWN TIME --- 1365740209.3055 (0.088308095932007)sec
--- STARTUP TIME --- 1365740224.2023
    SESSION_ID：d5s1kdbe89gi17vg25l7ddjrl7
    REQUEST MCA：test::init@test
    REQUEST SQL：SELECT * FROM `x`.`x_test`
--- STARTUP TIME --- 1365740224.2336
--- SHUTDOWN TIME --- 1365740224.2511 (0.048736095428467)sec
    SESSION_ID：d5s1kdbe89gi17vg25l7ddjrl7
    REQUEST MCA：test::init@test
    REQUEST SQL：SELECT * FROM `x`.`x_test`
--- SHUTDOWN TIME --- 1365740224.3299 (0.096342086791992)sec
--- STARTUP TIME --- 1365740239.2174
--- STARTUP TIME --- 1365740239.233
    SESSION_ID：d5s1kdbe89gi17vg25l7ddjrl7
    REQUEST MCA：test::init@test
    REQUEST SQL：SELECT * FROM `x`.`x_test`
--- SHUTDOWN TIME --- 1365740239.479 (0.26164102554321)sec
    SESSION_ID：d5s1kdbe89gi17vg25l7ddjrl7
    REQUEST MCA：test::init@test
    REQUEST SQL：SELECT * FROM `x`.`x_test`
--- SHUTDOWN TIME --- 1365740239.5531 (0.32007503509521)sec
--- STARTUP TIME --- 1365740254.2181
    SESSION_ID：d5s1kdbe89gi17vg25l7ddjrl7
    REQUEST MCA：test::init@test
    REQUEST SQL：SELECT * FROM `x`.`x_test`
--- STARTUP TIME --- 1365740254.2337
--- SHUTDOWN TIME --- 1365740254.2614 (0.043254137039185)sec
    SESSION_ID：d5s1kdbe89gi17vg25l7ddjrl7
    REQUEST MCA：test::init@test
    REQUEST SQL：SELECT * FROM `x`.`x_test`
--- SHUTDOWN TIME --- 1365740254.3258 (0.0920250415802)sec
--- STARTUP TIME --- 1365740269.2345
    SESSION_ID：d5s1kdbe89gi17vg25l7ddjrl7
    REQUEST MCA：test::init@test
    REQUEST SQL：SELECT * FROM `x`.`x_test`
--- STARTUP TIME --- 1365740269.2501
--- SHUTDOWN TIME --- 1365740269.2796 (0.045072078704834)sec
    SESSION_ID：d5s1kdbe89gi17vg25l7ddjrl7
    REQUEST MCA：test::init@test
    REQUEST SQL：SELECT * FROM `x`.`x_test`
--- SHUTDOWN TIME --- 1365740269.3402 (0.090047121047974)sec
--- STARTUP TIME --- 1365740284.2353
    SESSION_ID：d5s1kdbe89gi17vg25l7ddjrl7
    REQUEST MCA：test::init@test
    REQUEST SQL：SELECT * FROM `x`.`x_test`
--- STARTUP TIME --- 1365740284.2509
--- SHUTDOWN TIME --- 1365740284.2822 (0.046929836273193)sec
    SESSION_ID：d5s1kdbe89gi17vg25l7ddjrl7
    REQUEST MCA：test::init@test
    REQUEST SQL：SELECT * FROM `x`.`x_test`
--- SHUTDOWN TIME --- 1365740284.3415 (0.090595006942749)sec
--- STARTUP TIME --- 1365740299.2517
    SESSION_ID：d5s1kdbe89gi17vg25l7ddjrl7
    REQUEST MCA：test::init@test
    REQUEST SQL：SELECT * FROM `x`.`x_test`
--- STARTUP TIME --- 1365740299.2673
--- SHUTDOWN TIME --- 1365740299.2988 (0.047080039978027)sec
    SESSION_ID：d5s1kdbe89gi17vg25l7ddjrl7
    REQUEST MCA：test::init@test
    REQUEST SQL：SELECT * FROM `x`.`x_test`
--- SHUTDOWN TIME --- 1365740299.3535 (0.086196899414062)sec
--- STARTUP TIME --- 1365740314.2525
    SESSION_ID：d5s1kdbe89gi17vg25l7ddjrl7
    REQUEST MCA：test::init@test
    REQUEST SQL：SELECT * FROM `x`.`x_test`
--- STARTUP TIME --- 1365740314.2837
--- SHUTDOWN TIME --- 1365740314.3011 (0.0486159324646)sec
    SESSION_ID：d5s1kdbe89gi17vg25l7ddjrl7
    REQUEST MCA：test::init@test
    REQUEST SQL：SELECT * FROM `x`.`x_test`
--- SHUTDOWN TIME --- 1365740314.3651 (0.081360101699829)sec
--- STARTUP TIME --- 1365740329.2689
    SESSION_ID：d5s1kdbe89gi17vg25l7ddjrl7
    REQUEST MCA：test::init@test
    REQUEST SQL：SELECT * FROM `x`.`x_test`
--- STARTUP TIME --- 1365740329.2845
--- SHUTDOWN TIME --- 1365740329.3179 (0.049037933349609)sec
    SESSION_ID：d5s1kdbe89gi17vg25l7ddjrl7
    REQUEST MCA：test::init@test
    REQUEST SQL：SELECT * FROM `x`.`x_test`
--- SHUTDOWN TIME --- 1365740329.3703 (0.085827112197876)sec
--- STARTUP TIME --- 1365740344.2853
    SESSION_ID：d5s1kdbe89gi17vg25l7ddjrl7
    REQUEST MCA：test::init@test
    REQUEST SQL：SELECT * FROM `x`.`x_test`
--- STARTUP TIME --- 1365740344.3009
--- SHUTDOWN TIME --- 1365740344.3361 (0.05085301399231)sec
    SESSION_ID：d5s1kdbe89gi17vg25l7ddjrl7
    REQUEST MCA：test::init@test
    REQUEST SQL：SELECT * FROM `x`.`x_test`
--- SHUTDOWN TIME --- 1365740344.4045 (0.10366320610046)sec
--- STARTUP TIME --- 1365740359.286
    SESSION_ID：d5s1kdbe89gi17vg25l7ddjrl7
    REQUEST MCA：test::init@test
    REQUEST SQL：SELECT * FROM `x`.`x_test`
--- STARTUP TIME --- 1365740359.3016
--- SHUTDOWN TIME --- 1365740359.3321 (0.046075820922852)sec
    SESSION_ID：d5s1kdbe89gi17vg25l7ddjrl7
    REQUEST MCA：test::init@test
    REQUEST SQL：SELECT * FROM `x`.`x_test`
--- SHUTDOWN TIME --- 1365740359.3953 (0.093713998794556)sec
--- STARTUP TIME --- 1365740374.3024
    SESSION_ID：d5s1kdbe89gi17vg25l7ddjrl7
    REQUEST MCA：test::init@test
    REQUEST SQL：SELECT * FROM `x`.`x_test`
--- STARTUP TIME --- 1365740374.3024
--- SHUTDOWN TIME --- 1365740374.3547 (0.052337884902954)sec
    SESSION_ID：d5s1kdbe89gi17vg25l7ddjrl7
    REQUEST MCA：test::init@test
    REQUEST SQL：SELECT * FROM `x`.`x_test`
--- SHUTDOWN TIME --- 1365740374.4048 (0.10241079330444)sec
--- STARTUP TIME --- 1365740389.2996
    SESSION_ID：d5s1kdbe89gi17vg25l7ddjrl7
    REQUEST MCA：test::init@test
    REQUEST SQL：SELECT * FROM `x`.`x_test`
--- STARTUP TIME --- 1365740389.3152
--- SHUTDOWN TIME --- 1365740389.3444 (0.04482102394104)sec
    SESSION_ID：d5s1kdbe89gi17vg25l7ddjrl7
    REQUEST MCA：test::init@test
    REQUEST SQL：SELECT * FROM `x`.`x_test`
--- SHUTDOWN TIME --- 1365740389.4064 (0.091249942779541)sec
--- STARTUP TIME --- 1365740404.3003
    SESSION_ID：d5s1kdbe89gi17vg25l7ddjrl7
    REQUEST MCA：test::init@test
    REQUEST SQL：SELECT * FROM `x`.`x_test`
--- STARTUP TIME --- 1365740404.3316
--- SHUTDOWN TIME --- 1365740404.3453 (0.044956922531128)sec
    SESSION_ID：d5s1kdbe89gi17vg25l7ddjrl7
    REQUEST MCA：test::init@test
    REQUEST SQL：SELECT * FROM `x`.`x_test`
--- SHUTDOWN TIME --- 1365740404.412 (0.080449104309082)sec
--- STARTUP TIME --- 1365740419.3011
    SESSION_ID：d5s1kdbe89gi17vg25l7ddjrl7
    REQUEST MCA：test::init@test
    REQUEST SQL：SELECT * FROM `x`.`x_test`
--- STARTUP TIME --- 1365740419.3323
--- SHUTDOWN TIME --- 1365740419.3636 (0.062460899353027)sec
    SESSION_ID：d5s1kdbe89gi17vg25l7ddjrl7
    REQUEST MCA：test::init@test
    REQUEST SQL：SELECT * FROM `x`.`x_test`
--- SHUTDOWN TIME --- 1365740419.4345 (0.10213685035706)sec
--- STARTUP TIME --- 1365740434.3175
    SESSION_ID：d5s1kdbe89gi17vg25l7ddjrl7
    REQUEST MCA：test::init@test
    REQUEST SQL：SELECT * FROM `x`.`x_test`
--- STARTUP TIME --- 1365740434.3487
--- SHUTDOWN TIME --- 1365740434.3647 (0.047239065170288)sec
    SESSION_ID：d5s1kdbe89gi17vg25l7ddjrl7
    REQUEST MCA：test::init@test
    REQUEST SQL：SELECT * FROM `x`.`x_test`
--- SHUTDOWN TIME --- 1365740434.4273 (0.078525066375732)sec
--- STARTUP TIME --- 1365740449.3183
    SESSION_ID：d5s1kdbe89gi17vg25l7ddjrl7
    REQUEST MCA：test::init@test
    REQUEST SQL：SELECT * FROM `x`.`x_test`
--- STARTUP TIME --- 1365740449.3495
--- SHUTDOWN TIME --- 1365740449.3637 (0.04541802406311)sec
    SESSION_ID：d5s1kdbe89gi17vg25l7ddjrl7
    REQUEST MCA：test::init@test
    REQUEST SQL：SELECT * FROM `x`.`x_test`
--- SHUTDOWN TIME --- 1365740449.4199 (0.070397138595581)sec
--- STARTUP TIME --- 1365740464.3191
    SESSION_ID：d5s1kdbe89gi17vg25l7ddjrl7
    REQUEST MCA：test::init@test
    REQUEST SQL：SELECT * FROM `x`.`x_test`
--- STARTUP TIME --- 1365740464.3503
--- SHUTDOWN TIME --- 1365740464.368 (0.04894495010376)sec
    SESSION_ID：d5s1kdbe89gi17vg25l7ddjrl7
    REQUEST MCA：test::init@test
    REQUEST SQL：SELECT * FROM `x`.`x_test`
--- SHUTDOWN TIME --- 1365740464.4295 (0.079209804534912)sec
--- STARTUP TIME --- 1365740479.3355
    SESSION_ID：d5s1kdbe89gi17vg25l7ddjrl7
    REQUEST MCA：test::init@test
    REQUEST SQL：SELECT * FROM `x`.`x_test`
--- STARTUP TIME --- 1365740479.3667
--- SHUTDOWN TIME --- 1365740479.382 (0.046527147293091)sec
    SESSION_ID：d5s1kdbe89gi17vg25l7ddjrl7
    REQUEST MCA：test::init@test
    REQUEST SQL：SELECT * FROM `x`.`x_test`
--- SHUTDOWN TIME --- 1365740479.4451 (0.078417062759399)sec
--- STARTUP TIME --- 1365740494.3362
    SESSION_ID：d5s1kdbe89gi17vg25l7ddjrl7
    REQUEST MCA：test::init@test
    REQUEST SQL：SELECT * FROM `x`.`x_test`
--- STARTUP TIME --- 1365740494.3674
--- SHUTDOWN TIME --- 1365740494.3838 (0.047583103179932)sec
    SESSION_ID：d5s1kdbe89gi17vg25l7ddjrl7
    REQUEST MCA：test::init@test
    REQUEST SQL：SELECT * FROM `x`.`x_test`
--- SHUTDOWN TIME --- 1365740494.447 (0.079545021057129)sec
--- STARTUP TIME --- 1365740509.337
    SESSION_ID：d5s1kdbe89gi17vg25l7ddjrl7
    REQUEST MCA：test::init@test
    REQUEST SQL：SELECT * FROM `x`.`x_test`
--- STARTUP TIME --- 1365740509.3838
--- SHUTDOWN TIME --- 1365740509.3842 (0.047192096710205)sec
    SESSION_ID：d5s1kdbe89gi17vg25l7ddjrl7
    REQUEST MCA：test::init@test
    REQUEST SQL：SELECT * FROM `x`.`x_test`
--- SHUTDOWN TIME --- 1365740509.4615 (0.077658176422119)sec
--- STARTUP TIME --- 1365740524.3534
    SESSION_ID：d5s1kdbe89gi17vg25l7ddjrl7
    REQUEST MCA：test::init@test
    REQUEST SQL：SELECT * FROM `x`.`x_test`
--- STARTUP TIME --- 1365740524.3846
--- SHUTDOWN TIME --- 1365740524.4015 (0.048125028610229)sec
    SESSION_ID：d5s1kdbe89gi17vg25l7ddjrl7
    REQUEST MCA：test::init@test
    REQUEST SQL：SELECT * FROM `x`.`x_test`
--- SHUTDOWN TIME --- 1365740524.4662 (0.081602096557617)sec
--- STARTUP TIME --- 1365740539.3541
    SESSION_ID：d5s1kdbe89gi17vg25l7ddjrl7
    REQUEST MCA：test::init@test
    REQUEST SQL：SELECT * FROM `x`.`x_test`
--- STARTUP TIME --- 1365740539.3854
--- SHUTDOWN TIME --- 1365740539.4025 (0.048349142074585)sec
    SESSION_ID：d5s1kdbe89gi17vg25l7ddjrl7
    REQUEST MCA：test::init@test
    REQUEST SQL：SELECT * FROM `x`.`x_test`
--- SHUTDOWN TIME --- 1365740539.4694 (0.083985090255737)sec
--- STARTUP TIME --- 1365740554.3705
    SESSION_ID：d5s1kdbe89gi17vg25l7ddjrl7
    REQUEST MCA：test::init@test
    REQUEST SQL：SELECT * FROM `x`.`x_test`
--- STARTUP TIME --- 1365740554.3862
--- SHUTDOWN TIME --- 1365740554.4158 (0.0453200340271)sec
    SESSION_ID：d5s1kdbe89gi17vg25l7ddjrl7
    REQUEST MCA：test::init@test
    REQUEST SQL：SELECT * FROM `x`.`x_test`
--- SHUTDOWN TIME --- 1365740554.4783 (0.092195987701416)sec
--- STARTUP TIME --- 1365740569.3713
    SESSION_ID：d5s1kdbe89gi17vg25l7ddjrl7
    REQUEST MCA：test::init@test
    REQUEST SQL：SELECT * FROM `x`.`x_test`
--- STARTUP TIME --- 1365740569.3869
--- SHUTDOWN TIME --- 1365740569.4187 (0.047379970550537)sec
    SESSION_ID：d5s1kdbe89gi17vg25l7ddjrl7
    REQUEST MCA：test::init@test
    REQUEST SQL：SELECT * FROM `x`.`x_test`
--- SHUTDOWN TIME --- 1365740569.4819 (0.095023155212402)sec
--- STARTUP TIME --- 1365740584.3877
    SESSION_ID：d5s1kdbe89gi17vg25l7ddjrl7
    REQUEST MCA：test::init@test
    REQUEST SQL：SELECT * FROM `x`.`x_test`
--- STARTUP TIME --- 1365740584.3877
--- SHUTDOWN TIME --- 1365740584.4341 (0.046386957168579)sec
    SESSION_ID：d5s1kdbe89gi17vg25l7ddjrl7
    REQUEST MCA：test::init@test
    REQUEST SQL：SELECT * FROM `x`.`x_test`
--- SHUTDOWN TIME --- 1365740584.4827 (0.095015048980713)sec
--- STARTUP TIME --- 1365740599.3885
    SESSION_ID：d5s1kdbe89gi17vg25l7ddjrl7
    REQUEST MCA：test::init@test
    REQUEST SQL：SELECT * FROM `x`.`x_test`
--- STARTUP TIME --- 1365740599.4041
--- SHUTDOWN TIME --- 1365740599.4388 (0.050326108932495)sec
    SESSION_ID：d5s1kdbe89gi17vg25l7ddjrl7
    REQUEST MCA：test::init@test
    REQUEST SQL：SELECT * FROM `x`.`x_test`
--- SHUTDOWN TIME --- 1365740599.4993 (0.095232009887695)sec
--- STARTUP TIME --- 1365740614.3892
    SESSION_ID：d5s1kdbe89gi17vg25l7ddjrl7
    REQUEST MCA：test::init@test
    REQUEST SQL：SELECT * FROM `x`.`x_test`
--- STARTUP TIME --- 1365740614.4205
--- SHUTDOWN TIME --- 1365740614.437 (0.047765016555786)sec
    SESSION_ID：d5s1kdbe89gi17vg25l7ddjrl7
    REQUEST MCA：test::init@test
    REQUEST SQL：SELECT * FROM `x`.`x_test`
--- SHUTDOWN TIME --- 1365740614.5103 (0.089784860610962)sec
--- STARTUP TIME --- 1365740629.4056
    SESSION_ID：d5s1kdbe89gi17vg25l7ddjrl7
    REQUEST MCA：test::init@test
    REQUEST SQL：SELECT * FROM `x`.`x_test`
--- STARTUP TIME --- 1365740629.4056
--- SHUTDOWN TIME --- 1365740629.4521 (0.046464920043945)sec
    SESSION_ID：d5s1kdbe89gi17vg25l7ddjrl7
    REQUEST MCA：test::init@test
    REQUEST SQL：SELECT * FROM `x`.`x_test`
--- SHUTDOWN TIME --- 1365740629.5002 (0.094615936279297)sec
--- STARTUP TIME --- 1365740644.4064
    SESSION_ID：d5s1kdbe89gi17vg25l7ddjrl7
    REQUEST MCA：test::init@test
    REQUEST SQL：SELECT * FROM `x`.`x_test`
--- STARTUP TIME --- 1365740644.422
--- SHUTDOWN TIME --- 1365740644.4526 (0.046219110488892)sec
    SESSION_ID：d5s1kdbe89gi17vg25l7ddjrl7
    REQUEST MCA：test::init@test
    REQUEST SQL：SELECT * FROM `x`.`x_test`
--- SHUTDOWN TIME --- 1365740644.5155 (0.093498945236206)sec
--- STARTUP TIME --- 1365740660.7979
--- STARTUP TIME --- 1365740660.7979
    SESSION_ID：d5s1kdbe89gi17vg25l7ddjrl7
    REQUEST MCA：test::init@test
    REQUEST SQL：SELECT * FROM `x`.`x_test`
--- SHUTDOWN TIME --- 1365740660.8717 (0.073877096176147)sec
    SESSION_ID：d5s1kdbe89gi17vg25l7ddjrl7
    REQUEST MCA：test::init@test
    REQUEST SQL：SELECT * FROM `x`.`x_test`
--- SHUTDOWN TIME --- 1365740660.9313 (0.133465051651)sec
--- STARTUP TIME --- 1365740675.7986
    SESSION_ID：d5s1kdbe89gi17vg25l7ddjrl7
    REQUEST MCA：test::init@test
--- STARTUP TIME --- 1365740675.8143
    REQUEST SQL：SELECT * FROM `x`.`x_test`
--- SHUTDOWN TIME --- 1365740675.8448 (0.046133995056152)sec
    SESSION_ID：d5s1kdbe89gi17vg25l7ddjrl7
    REQUEST MCA：test::init@test
    REQUEST SQL：SELECT * FROM `x`.`x_test`
--- SHUTDOWN TIME --- 1365740675.913 (0.098703861236572)sec
--- STARTUP TIME --- 1365740690.7994
    SESSION_ID：d5s1kdbe89gi17vg25l7ddjrl7
    REQUEST MCA：test::init@test
    REQUEST SQL：SELECT * FROM `x`.`x_test`
--- STARTUP TIME --- 1365740690.815
--- SHUTDOWN TIME --- 1365740690.8448 (0.045423984527588)sec
    SESSION_ID：d5s1kdbe89gi17vg25l7ddjrl7
    REQUEST MCA：test::init@test
    REQUEST SQL：SELECT * FROM `x`.`x_test`
--- SHUTDOWN TIME --- 1365740690.9066 (0.09160590171814)sec
--- STARTUP TIME --- 1365740705.8002
    SESSION_ID：d5s1kdbe89gi17vg25l7ddjrl7
    REQUEST MCA：test::init@test
    REQUEST SQL：SELECT * FROM `x`.`x_test`
--- STARTUP TIME --- 1365740705.8158
--- SHUTDOWN TIME --- 1365740705.8449 (0.044749021530151)sec
    SESSION_ID：d5s1kdbe89gi17vg25l7ddjrl7
    REQUEST MCA：test::init@test
    REQUEST SQL：SELECT * FROM `x`.`x_test`
--- SHUTDOWN TIME --- 1365740705.9062 (0.090373039245605)sec
--- STARTUP TIME --- 1365740720.801
    SESSION_ID：d5s1kdbe89gi17vg25l7ddjrl7
    REQUEST MCA：test::init@test
    REQUEST SQL：SELECT * FROM `x`.`x_test`
--- STARTUP TIME --- 1365740720.8322
--- SHUTDOWN TIME --- 1365740720.8528 (0.051875829696655)sec
    SESSION_ID：d5s1kdbe89gi17vg25l7ddjrl7
    REQUEST MCA：test::init@test
    REQUEST SQL：SELECT * FROM `x`.`x_test`
--- SHUTDOWN TIME --- 1365740720.9174 (0.085240840911865)sec
--- STARTUP TIME --- 1365740735.8017
    SESSION_ID：d5s1kdbe89gi17vg25l7ddjrl7
    REQUEST MCA：test::init@test
    REQUEST SQL：SELECT * FROM `x`.`x_test`
--- STARTUP TIME --- 1365740735.833
--- SHUTDOWN TIME --- 1365740735.8489 (0.047200918197632)sec
    SESSION_ID：d5s1kdbe89gi17vg25l7ddjrl7
    REQUEST MCA：test::init@test
    REQUEST SQL：SELECT * FROM `x`.`x_test`
--- SHUTDOWN TIME --- 1365740735.9113 (0.078286170959473)sec
--- STARTUP TIME --- 1365740750.8181
    SESSION_ID：d5s1kdbe89gi17vg25l7ddjrl7
    REQUEST MCA：test::init@test
    REQUEST SQL：SELECT * FROM `x`.`x_test`
--- STARTUP TIME --- 1365740750.8494
--- SHUTDOWN TIME --- 1365740750.8668 (0.048650026321411)sec
    SESSION_ID：d5s1kdbe89gi17vg25l7ddjrl7
    REQUEST MCA：test::init@test
    REQUEST SQL：SELECT * FROM `x`.`x_test`
--- SHUTDOWN TIME --- 1365740750.9369 (0.087549924850464)sec
--- STARTUP TIME --- 1365740765.8189
    SESSION_ID：d5s1kdbe89gi17vg25l7ddjrl7
    REQUEST MCA：test::init@test
    REQUEST SQL：SELECT * FROM `x`.`x_test`
--- STARTUP TIME --- 1365740765.8501
--- SHUTDOWN TIME --- 1365740765.8758 (0.056862115859985)sec
    SESSION_ID：d5s1kdbe89gi17vg25l7ddjrl7
    REQUEST MCA：test::init@test
    REQUEST SQL：SELECT * FROM `x`.`x_test`
--- SHUTDOWN TIME --- 1365740765.9411 (0.090991973876953)sec
--- STARTUP TIME --- 1365740780.8197
    SESSION_ID：d5s1kdbe89gi17vg25l7ddjrl7
    REQUEST MCA：test::init@test
    REQUEST SQL：SELECT * FROM `x`.`x_test`
--- STARTUP TIME --- 1365740780.8509
--- SHUTDOWN TIME --- 1365740780.8703 (0.050630807876587)sec
    SESSION_ID：d5s1kdbe89gi17vg25l7ddjrl7
    REQUEST MCA：test::init@test
    REQUEST SQL：SELECT * FROM `x`.`x_test`
--- SHUTDOWN TIME --- 1365740780.9311 (0.080182075500488)sec
--- STARTUP TIME --- 1365740795.8361
    SESSION_ID：d5s1kdbe89gi17vg25l7ddjrl7
    REQUEST MCA：test::init@test
    REQUEST SQL：SELECT * FROM `x`.`x_test`
--- STARTUP TIME --- 1365740795.8673
--- SHUTDOWN TIME --- 1365740795.8858 (0.049700021743774)sec
    SESSION_ID：d5s1kdbe89gi17vg25l7ddjrl7
    REQUEST MCA：test::init@test
    REQUEST SQL：SELECT * FROM `x`.`x_test`
--- SHUTDOWN TIME --- 1365740795.9469 (0.079593181610107)sec
--- STARTUP TIME --- 1365740810.8368
    SESSION_ID：d5s1kdbe89gi17vg25l7ddjrl7
    REQUEST MCA：test::init@test
    REQUEST SQL：SELECT * FROM `x`.`x_test`
--- STARTUP TIME --- 1365740810.8681
--- SHUTDOWN TIME --- 1365740810.8855 (0.048700094223022)sec
    SESSION_ID：d5s1kdbe89gi17vg25l7ddjrl7
    REQUEST MCA：test::init@test
    REQUEST SQL：SELECT * FROM `x`.`x_test`
--- SHUTDOWN TIME --- 1365740810.9464 (0.078355073928833)sec
